[0.283s] DEBUG:colcon:Command line arguments: ['/usr/bin/colcon', 'build', '--symlink-install']
[0.283s] DEBUG:colcon:Parsed command line arguments: Namespace(log_base=None, log_level=None, verb_name='build', build_base='build', install_base='install', merge_install=False, symlink_install=True, test_result_base=None, continue_on_error=False, executor='parallel', parallel_workers=4, event_handlers=None, ignore_user_meta=False, metas=['./colcon.meta'], base_paths=['.'], packages_ignore=None, packages_ignore_regex=None, paths=None, packages_up_to=None, packages_up_to_regex=None, packages_above=None, packages_above_and_dependencies=None, packages_above_depth=None, packages_select_by_dep=None, packages_skip_by_dep=None, packages_skip_up_to=None, packages_select_build_failed=False, packages_skip_build_finished=False, packages_select_test_failures=False, packages_skip_test_passed=False, packages_select=None, packages_skip=None, packages_select_regex=None, packages_skip_regex=None, packages_start=None, packages_end=None, allow_overriding=[], cmake_args=None, cmake_target=None, cmake_target_skip_unavailable=False, cmake_clean_cache=False, cmake_clean_first=False, cmake_force_configure=False, ament_cmake_args=None, catkin_cmake_args=None, catkin_skip_building_tests=False, mixin_files=None, mixin=None, verb_parser=<colcon_mixin.mixin.mixin_argument.MixinArgumentDecorator object at 0x7f2aa7184040>, verb_extension=<colcon_core.verb.build.BuildVerb object at 0x7f2aa7290e80>, main=<bound method BuildVerb.main of <colcon_core.verb.build.BuildVerb object at 0x7f2aa7290e80>>, mixin_verb=('build',))
[0.927s] Level 1:colcon.colcon_core.package_discovery:discover_packages(colcon_meta) check parameters
[0.927s] Level 1:colcon.colcon_core.package_discovery:discover_packages(recursive) check parameters
[0.927s] Level 1:colcon.colcon_core.package_discovery:discover_packages(ignore) check parameters
[0.927s] Level 1:colcon.colcon_core.package_discovery:discover_packages(path) check parameters
[0.927s] Level 1:colcon.colcon_core.package_discovery:discover_packages(colcon_meta) discover
[0.927s] Level 1:colcon.colcon_core.package_discovery:discover_packages(recursive) discover
[0.927s] INFO:colcon.colcon_core.package_discovery:Crawling recursively for packages in '/home/ayadiab/chair_ws'
[0.927s] Level 1:colcon.colcon_core.package_identification:_identify(.) by extensions ['ignore', 'ignore_ament_install']
[0.928s] Level 1:colcon.colcon_core.package_identification:_identify(.) by extension 'ignore'
[0.928s] Level 1:colcon.colcon_core.package_identification:_identify(.) by extension 'ignore_ament_install'
[0.928s] Level 1:colcon.colcon_core.package_identification:_identify(.) by extensions ['colcon_pkg']
[0.928s] Level 1:colcon.colcon_core.package_identification:_identify(.) by extension 'colcon_pkg'
[0.928s] Level 1:colcon.colcon_core.package_identification:_identify(.) by extensions ['colcon_meta']
[0.928s] Level 1:colcon.colcon_core.package_identification:_identify(.) by extension 'colcon_meta'
[0.928s] Level 1:colcon.colcon_core.package_identification:_identify(.) by extensions ['ros']
[0.928s] Level 1:colcon.colcon_core.package_identification:_identify(.) by extension 'ros'
[0.945s] Level 1:colcon.colcon_core.package_identification:_identify(.) by extensions ['cmake', 'python']
[0.946s] Level 1:colcon.colcon_core.package_identification:_identify(.) by extension 'cmake'
[0.946s] Level 1:colcon.colcon_core.package_identification:_identify(.) by extension 'python'
[0.946s] Level 1:colcon.colcon_core.package_identification:_identify(.) by extensions ['python_setup_py']
[0.946s] Level 1:colcon.colcon_core.package_identification:_identify(.) by extension 'python_setup_py'
[0.946s] Level 1:colcon.colcon_core.package_identification:_identify(build) by extensions ['ignore', 'ignore_ament_install']
[0.946s] Level 1:colcon.colcon_core.package_identification:_identify(build) by extension 'ignore'
[0.946s] Level 1:colcon.colcon_core.package_identification:_identify(build) ignored
[0.947s] Level 1:colcon.colcon_core.package_identification:_identify(install) by extensions ['ignore', 'ignore_ament_install']
[0.947s] Level 1:colcon.colcon_core.package_identification:_identify(install) by extension 'ignore'
[0.947s] Level 1:colcon.colcon_core.package_identification:_identify(install) ignored
[0.947s] Level 1:colcon.colcon_core.package_identification:_identify(log) by extensions ['ignore', 'ignore_ament_install']
[0.947s] Level 1:colcon.colcon_core.package_identification:_identify(log) by extension 'ignore'
[0.947s] Level 1:colcon.colcon_core.package_identification:_identify(log) ignored
[0.948s] Level 1:colcon.colcon_core.package_identification:_identify(src) by extensions ['ignore', 'ignore_ament_install']
[0.948s] Level 1:colcon.colcon_core.package_identification:_identify(src) by extension 'ignore'
[0.948s] Level 1:colcon.colcon_core.package_identification:_identify(src) by extension 'ignore_ament_install'
[0.948s] Level 1:colcon.colcon_core.package_identification:_identify(src) by extensions ['colcon_pkg']
[0.948s] Level 1:colcon.colcon_core.package_identification:_identify(src) by extension 'colcon_pkg'
[0.948s] Level 1:colcon.colcon_core.package_identification:_identify(src) by extensions ['colcon_meta']
[0.948s] Level 1:colcon.colcon_core.package_identification:_identify(src) by extension 'colcon_meta'
[0.948s] Level 1:colcon.colcon_core.package_identification:_identify(src) by extensions ['ros']
[0.948s] Level 1:colcon.colcon_core.package_identification:_identify(src) by extension 'ros'
[0.949s] Level 1:colcon.colcon_core.package_identification:_identify(src) by extensions ['cmake', 'python']
[0.949s] Level 1:colcon.colcon_core.package_identification:_identify(src) by extension 'cmake'
[0.949s] Level 1:colcon.colcon_core.package_identification:_identify(src) by extension 'python'
[0.949s] Level 1:colcon.colcon_core.package_identification:_identify(src) by extensions ['python_setup_py']
[0.949s] Level 1:colcon.colcon_core.package_identification:_identify(src) by extension 'python_setup_py'
[0.949s] Level 1:colcon.colcon_core.package_identification:_identify(src/chair_controller) by extensions ['ignore', 'ignore_ament_install']
[0.949s] Level 1:colcon.colcon_core.package_identification:_identify(src/chair_controller) by extension 'ignore'
[0.949s] Level 1:colcon.colcon_core.package_identification:_identify(src/chair_controller) by extension 'ignore_ament_install'
[0.949s] Level 1:colcon.colcon_core.package_identification:_identify(src/chair_controller) by extensions ['colcon_pkg']
[0.950s] Level 1:colcon.colcon_core.package_identification:_identify(src/chair_controller) by extension 'colcon_pkg'
[0.950s] Level 1:colcon.colcon_core.package_identification:_identify(src/chair_controller) by extensions ['colcon_meta']
[0.950s] Level 1:colcon.colcon_core.package_identification:_identify(src/chair_controller) by extension 'colcon_meta'
[0.950s] Level 1:colcon.colcon_core.package_identification:_identify(src/chair_controller) by extensions ['ros']
[0.950s] Level 1:colcon.colcon_core.package_identification:_identify(src/chair_controller) by extension 'ros'
[0.954s] DEBUG:colcon.colcon_core.package_identification:Package 'src/chair_controller' with type 'ros.ament_python' and name 'chair_controller'
[0.954s] Level 1:colcon.colcon_core.package_identification:_identify(src/medical_wheelchair) by extensions ['ignore', 'ignore_ament_install']
[0.954s] Level 1:colcon.colcon_core.package_identification:_identify(src/medical_wheelchair) by extension 'ignore'
[0.954s] Level 1:colcon.colcon_core.package_identification:_identify(src/medical_wheelchair) by extension 'ignore_ament_install'
[0.954s] Level 1:colcon.colcon_core.package_identification:_identify(src/medical_wheelchair) by extensions ['colcon_pkg']
[0.954s] Level 1:colcon.colcon_core.package_identification:_identify(src/medical_wheelchair) by extension 'colcon_pkg'
[0.954s] Level 1:colcon.colcon_core.package_identification:_identify(src/medical_wheelchair) by extensions ['colcon_meta']
[0.954s] Level 1:colcon.colcon_core.package_identification:_identify(src/medical_wheelchair) by extension 'colcon_meta'
[0.955s] Level 1:colcon.colcon_core.package_identification:_identify(src/medical_wheelchair) by extensions ['ros']
[0.955s] Level 1:colcon.colcon_core.package_identification:_identify(src/medical_wheelchair) by extension 'ros'
[0.956s] DEBUG:colcon.colcon_core.package_identification:Package 'src/medical_wheelchair' with type 'ros.ament_python' and name 'medical_wheelchair'
[0.957s] Level 1:colcon.colcon_core.package_identification:_identify(worlds) by extensions ['ignore', 'ignore_ament_install']
[0.957s] Level 1:colcon.colcon_core.package_identification:_identify(worlds) by extension 'ignore'
[0.957s] Level 1:colcon.colcon_core.package_identification:_identify(worlds) by extension 'ignore_ament_install'
[0.957s] Level 1:colcon.colcon_core.package_identification:_identify(worlds) by extensions ['colcon_pkg']
[0.957s] Level 1:colcon.colcon_core.package_identification:_identify(worlds) by extension 'colcon_pkg'
[0.957s] Level 1:colcon.colcon_core.package_identification:_identify(worlds) by extensions ['colcon_meta']
[0.957s] Level 1:colcon.colcon_core.package_identification:_identify(worlds) by extension 'colcon_meta'
[0.957s] Level 1:colcon.colcon_core.package_identification:_identify(worlds) by extensions ['ros']
[0.957s] Level 1:colcon.colcon_core.package_identification:_identify(worlds) by extension 'ros'
[0.958s] Level 1:colcon.colcon_core.package_identification:_identify(worlds) by extensions ['cmake', 'python']
[0.958s] Level 1:colcon.colcon_core.package_identification:_identify(worlds) by extension 'cmake'
[0.958s] Level 1:colcon.colcon_core.package_identification:_identify(worlds) by extension 'python'
[0.958s] Level 1:colcon.colcon_core.package_identification:_identify(worlds) by extensions ['python_setup_py']
[0.958s] Level 1:colcon.colcon_core.package_identification:_identify(worlds) by extension 'python_setup_py'
[0.958s] Level 1:colcon.colcon_core.package_discovery:discover_packages(recursive) using defaults
[0.958s] Level 1:colcon.colcon_core.package_discovery:discover_packages(ignore) discover
[0.958s] Level 1:colcon.colcon_core.package_discovery:discover_packages(ignore) using defaults
[0.958s] Level 1:colcon.colcon_core.package_discovery:discover_packages(path) discover
[0.958s] Level 1:colcon.colcon_core.package_discovery:discover_packages(path) using defaults
[1.055s] Level 1:colcon.colcon_core.package_discovery:discover_packages(prefix_path) check parameters
[1.055s] Level 1:colcon.colcon_core.package_discovery:discover_packages(prefix_path) discover
[1.057s] WARNING:colcon.colcon_core.prefix_path.colcon:The path '/home/ayadiab/chair_ws/src/install' in the environment variable COLCON_PREFIX_PATH doesn't exist
[1.058s] WARNING:colcon.colcon_ros.prefix_path.ament:The path '/home/ayadiab/chair_ws/install/rocker_bogie_bot' in the environment variable AMENT_PREFIX_PATH doesn't exist
[1.058s] WARNING:colcon.colcon_ros.prefix_path.ament:The path '/home/ayadiab/chair_ws/install/chair_robot_description' in the environment variable AMENT_PREFIX_PATH doesn't exist
[1.058s] WARNING:colcon.colcon_ros.prefix_path.ament:The path '/home/ayadiab/chair_ws/install/chair_description' in the environment variable AMENT_PREFIX_PATH doesn't exist
[1.058s] WARNING:colcon.colcon_ros.prefix_path.ament:The path '/home/ayadiab/chair_ws/src/install/rocker_bogie_bot' in the environment variable AMENT_PREFIX_PATH doesn't exist
[1.164s] WARNING:colcon.colcon_ros.prefix_path.catkin:The path '/home/ayadiab/chair_ws/install/chair_description' in the environment variable CMAKE_PREFIX_PATH doesn't exist
[1.168s] DEBUG:colcon.colcon_installed_package_information.package_discovery:Found 2 installed packages in /home/ayadiab/chair_ws/install
[1.169s] DEBUG:colcon.colcon_installed_package_information.package_discovery:Found 3 installed packages in /home/ayadiab/ros2_ws/install
[1.174s] DEBUG:colcon.colcon_installed_package_information.package_discovery:Found 336 installed packages in /opt/ros/humble
[1.182s] Level 1:colcon.colcon_core.package_discovery:discover_packages(prefix_path) using defaults
[1.316s] Level 5:colcon.colcon_core.verb:set package 'chair_controller' build argument 'cmake_args' from command line to 'None'
[1.317s] Level 5:colcon.colcon_core.verb:set package 'chair_controller' build argument 'cmake_target' from command line to 'None'
[1.317s] Level 5:colcon.colcon_core.verb:set package 'chair_controller' build argument 'cmake_target_skip_unavailable' from command line to 'False'
[1.317s] Level 5:colcon.colcon_core.verb:set package 'chair_controller' build argument 'cmake_clean_cache' from command line to 'False'
[1.317s] Level 5:colcon.colcon_core.verb:set package 'chair_controller' build argument 'cmake_clean_first' from command line to 'False'
[1.317s] Level 5:colcon.colcon_core.verb:set package 'chair_controller' build argument 'cmake_force_configure' from command line to 'False'
[1.317s] Level 5:colcon.colcon_core.verb:set package 'chair_controller' build argument 'ament_cmake_args' from command line to 'None'
[1.317s] Level 5:colcon.colcon_core.verb:set package 'chair_controller' build argument 'catkin_cmake_args' from command line to 'None'
[1.317s] Level 5:colcon.colcon_core.verb:set package 'chair_controller' build argument 'catkin_skip_building_tests' from command line to 'False'
[1.317s] DEBUG:colcon.colcon_core.verb:Building package 'chair_controller' with the following arguments: {'ament_cmake_args': None, 'build_base': '/home/ayadiab/chair_ws/build/chair_controller', 'catkin_cmake_args': None, 'catkin_skip_building_tests': False, 'cmake_args': None, 'cmake_clean_cache': False, 'cmake_clean_first': False, 'cmake_force_configure': False, 'cmake_target': None, 'cmake_target_skip_unavailable': False, 'install_base': '/home/ayadiab/chair_ws/install/chair_controller', 'merge_install': False, 'path': '/home/ayadiab/chair_ws/src/chair_controller', 'symlink_install': True, 'test_result_base': None}
[1.318s] Level 5:colcon.colcon_core.verb:set package 'medical_wheelchair' build argument 'cmake_args' from command line to 'None'
[1.319s] Level 5:colcon.colcon_core.verb:set package 'medical_wheelchair' build argument 'cmake_target' from command line to 'None'
[1.319s] Level 5:colcon.colcon_core.verb:set package 'medical_wheelchair' build argument 'cmake_target_skip_unavailable' from command line to 'False'
[1.319s] Level 5:colcon.colcon_core.verb:set package 'medical_wheelchair' build argument 'cmake_clean_cache' from command line to 'False'
[1.319s] Level 5:colcon.colcon_core.verb:set package 'medical_wheelchair' build argument 'cmake_clean_first' from command line to 'False'
[1.319s] Level 5:colcon.colcon_core.verb:set package 'medical_wheelchair' build argument 'cmake_force_configure' from command line to 'False'
[1.319s] Level 5:colcon.colcon_core.verb:set package 'medical_wheelchair' build argument 'ament_cmake_args' from command line to 'None'
[1.319s] Level 5:colcon.colcon_core.verb:set package 'medical_wheelchair' build argument 'catkin_cmake_args' from command line to 'None'
[1.319s] Level 5:colcon.colcon_core.verb:set package 'medical_wheelchair' build argument 'catkin_skip_building_tests' from command line to 'False'
[1.319s] DEBUG:colcon.colcon_core.verb:Building package 'medical_wheelchair' with the following arguments: {'ament_cmake_args': None, 'build_base': '/home/ayadiab/chair_ws/build/medical_wheelchair', 'catkin_cmake_args': None, 'catkin_skip_building_tests': False, 'cmake_args': None, 'cmake_clean_cache': False, 'cmake_clean_first': False, 'cmake_force_configure': False, 'cmake_target': None, 'cmake_target_skip_unavailable': False, 'install_base': '/home/ayadiab/chair_ws/install/medical_wheelchair', 'merge_install': False, 'path': '/home/ayadiab/chair_ws/src/medical_wheelchair', 'symlink_install': True, 'test_result_base': None}
[1.320s] INFO:colcon.colcon_core.executor:Executing jobs using 'parallel' executor
[1.322s] DEBUG:colcon.colcon_parallel_executor.executor.parallel:run_until_complete
[1.323s] INFO:colcon.colcon_ros.task.ament_python.build:Building ROS package in '/home/ayadiab/chair_ws/src/chair_controller' with build type 'ament_python'
[1.323s] Level 1:colcon.colcon_core.shell:create_environment_hook('chair_controller', 'ament_prefix_path')
[1.328s] INFO:colcon.colcon_core.plugin_system:Skipping extension 'colcon_core.shell.bat': Not used on non-Windows systems
[1.329s] INFO:colcon.colcon_core.shell:Creating environment hook '/home/ayadiab/chair_ws/install/chair_controller/share/chair_controller/hook/ament_prefix_path.ps1'
[1.331s] INFO:colcon.colcon_core.shell:Creating environment descriptor '/home/ayadiab/chair_ws/install/chair_controller/share/chair_controller/hook/ament_prefix_path.dsv'
[1.332s] INFO:colcon.colcon_core.shell:Creating environment hook '/home/ayadiab/chair_ws/install/chair_controller/share/chair_controller/hook/ament_prefix_path.sh'
[1.336s] INFO:colcon.colcon_core.shell:Skip shell extension 'powershell' for command environment: Not usable outside of PowerShell
[1.336s] DEBUG:colcon.colcon_core.shell:Skip shell extension 'dsv' for command environment
[1.346s] INFO:colcon.colcon_ros.task.ament_python.build:Building ROS package in '/home/ayadiab/chair_ws/src/medical_wheelchair' with build type 'ament_python'
[1.347s] Level 1:colcon.colcon_core.shell:create_environment_hook('medical_wheelchair', 'ament_prefix_path')
[1.349s] INFO:colcon.colcon_core.shell:Creating environment hook '/home/ayadiab/chair_ws/install/medical_wheelchair/share/medical_wheelchair/hook/ament_prefix_path.ps1'
[1.350s] INFO:colcon.colcon_core.shell:Creating environment descriptor '/home/ayadiab/chair_ws/install/medical_wheelchair/share/medical_wheelchair/hook/ament_prefix_path.dsv'
[1.352s] INFO:colcon.colcon_core.shell:Creating environment hook '/home/ayadiab/chair_ws/install/medical_wheelchair/share/medical_wheelchair/hook/ament_prefix_path.sh'
[1.354s] INFO:colcon.colcon_core.shell:Skip shell extension 'powershell' for command environment: Not usable outside of PowerShell
[1.354s] DEBUG:colcon.colcon_core.shell:Skip shell extension 'dsv' for command environment
[1.937s] WARNING:colcon.colcon_ros.task.ament_python.build:Package 'chair_controller' doesn't explicitly install a marker in the package index (colcon-ros currently does it implicitly but that fallback will be removed in the future)
[2.140s] WARNING:colcon.colcon_ros.task.ament_python.build:Package 'chair_controller' doesn't explicitly install the 'package.xml' file (colcon-ros currently does it implicitly but that fallback will be removed in the future)
[2.140s] INFO:colcon.colcon_core.task.python.build:Building Python package in '/home/ayadiab/chair_ws/src/chair_controller'
[2.141s] INFO:colcon.colcon_core.shell:Skip shell extension 'powershell' for command environment: Not usable outside of PowerShell
[2.141s] DEBUG:colcon.colcon_core.shell:Skip shell extension 'dsv' for command environment
[2.606s] WARNING:colcon.colcon_ros.task.ament_python.build:Package 'medical_wheelchair' doesn't explicitly install a marker in the package index (colcon-ros currently does it implicitly but that fallback will be removed in the future)
[2.606s] WARNING:colcon.colcon_ros.task.ament_python.build:Package 'medical_wheelchair' doesn't explicitly install the 'package.xml' file (colcon-ros currently does it implicitly but that fallback will be removed in the future)
[2.607s] INFO:colcon.colcon_core.task.python.build:Building Python package in '/home/ayadiab/chair_ws/src/medical_wheelchair'
[2.607s] INFO:colcon.colcon_core.shell:Skip shell extension 'powershell' for command environment: Not usable outside of PowerShell
[2.608s] DEBUG:colcon.colcon_core.shell:Skip shell extension 'dsv' for command environment
[3.491s] DEBUG:colcon.colcon_core.event_handler.log_command:Invoking command in '/home/ayadiab/chair_ws/build/medical_wheelchair': PYTHONPATH=/home/ayadiab/chair_ws/build/medical_wheelchair/prefix_override:/usr/lib/python3/dist-packages/colcon_core/task/python/colcon_distutils_commands:/home/ayadiab/chair_ws/install/medical_wheelchair/lib/python3.10/site-packages:${PYTHONPATH} /usr/bin/python3 -W ignore:setup.py install is deprecated -W ignore:easy_install command is deprecated setup.py develop --editable --build-directory /home/ayadiab/chair_ws/build/medical_wheelchair/build --no-deps symlink_data
[3.495s] DEBUG:colcon.colcon_core.event_handler.log_command:Invoking command in '/home/ayadiab/chair_ws/build/chair_controller': PYTHONPATH=/home/ayadiab/chair_ws/build/chair_controller/prefix_override:/usr/lib/python3/dist-packages/colcon_core/task/python/colcon_distutils_commands:/home/ayadiab/chair_ws/install/chair_controller/lib/python3.10/site-packages:${PYTHONPATH} /usr/bin/python3 -W ignore:setup.py install is deprecated -W ignore:easy_install command is deprecated setup.py develop --editable --build-directory /home/ayadiab/chair_ws/build/chair_controller/build --no-deps
[4.195s] Level 1:colcon.colcon_core.shell:create_environment_hook('chair_controller', 'pythonpath_develop')
[4.195s] INFO:colcon.colcon_core.shell:Creating environment hook '/home/ayadiab/chair_ws/build/chair_controller/share/chair_controller/hook/pythonpath_develop.ps1'
[4.196s] DEBUG:colcon.colcon_core.event_handler.log_command:Invoked command in '/home/ayadiab/chair_ws/build/chair_controller' returned '0': PYTHONPATH=/home/ayadiab/chair_ws/build/chair_controller/prefix_override:/usr/lib/python3/dist-packages/colcon_core/task/python/colcon_distutils_commands:/home/ayadiab/chair_ws/install/chair_controller/lib/python3.10/site-packages:${PYTHONPATH} /usr/bin/python3 -W ignore:setup.py install is deprecated -W ignore:easy_install command is deprecated setup.py develop --editable --build-directory /home/ayadiab/chair_ws/build/chair_controller/build --no-deps
[4.197s] INFO:colcon.colcon_core.shell:Creating environment descriptor '/home/ayadiab/chair_ws/build/chair_controller/share/chair_controller/hook/pythonpath_develop.dsv'
[4.198s] INFO:colcon.colcon_core.shell:Creating environment hook '/home/ayadiab/chair_ws/build/chair_controller/share/chair_controller/hook/pythonpath_develop.sh'
[4.202s] Level 1:colcon.colcon_core.environment:checking '/home/ayadiab/chair_ws/install/chair_controller' for CMake module files
[4.203s] Level 1:colcon.colcon_core.environment:checking '/home/ayadiab/chair_ws/install/chair_controller' for CMake config files
[4.203s] Level 1:colcon.colcon_core.environment:checking '/home/ayadiab/chair_ws/install/chair_controller/lib'
[4.204s] Level 1:colcon.colcon_core.environment:checking '/home/ayadiab/chair_ws/install/chair_controller/bin'
[4.204s] Level 1:colcon.colcon_core.environment:checking '/home/ayadiab/chair_ws/install/chair_controller/lib/pkgconfig/chair_controller.pc'
[4.204s] Level 1:colcon.colcon_core.environment:checking '/home/ayadiab/chair_ws/install/chair_controller/lib/python3.10/site-packages'
[4.204s] Level 1:colcon.colcon_core.shell:create_environment_hook('chair_controller', 'pythonpath')
[4.205s] INFO:colcon.colcon_core.shell:Creating environment hook '/home/ayadiab/chair_ws/install/chair_controller/share/chair_controller/hook/pythonpath.ps1'
[4.205s] INFO:colcon.colcon_core.shell:Creating environment descriptor '/home/ayadiab/chair_ws/install/chair_controller/share/chair_controller/hook/pythonpath.dsv'
[4.206s] INFO:colcon.colcon_core.shell:Creating environment hook '/home/ayadiab/chair_ws/install/chair_controller/share/chair_controller/hook/pythonpath.sh'
[4.207s] Level 1:colcon.colcon_core.environment:checking '/home/ayadiab/chair_ws/install/chair_controller/bin'
[4.207s] Level 1:colcon.colcon_core.environment:create_environment_scripts_only(chair_controller)
[4.208s] INFO:colcon.colcon_core.shell:Creating package script '/home/ayadiab/chair_ws/install/chair_controller/share/chair_controller/package.ps1'
[4.209s] INFO:colcon.colcon_core.shell:Creating package descriptor '/home/ayadiab/chair_ws/install/chair_controller/share/chair_controller/package.dsv'
[4.210s] INFO:colcon.colcon_core.shell:Creating package script '/home/ayadiab/chair_ws/install/chair_controller/share/chair_controller/package.sh'
[4.212s] INFO:colcon.colcon_core.shell:Creating package script '/home/ayadiab/chair_ws/install/chair_controller/share/chair_controller/package.bash'
[4.214s] INFO:colcon.colcon_core.shell:Creating package script '/home/ayadiab/chair_ws/install/chair_controller/share/chair_controller/package.zsh'
[4.215s] Level 1:colcon.colcon_core.environment:create_file_with_runtime_dependencies(/home/ayadiab/chair_ws/install/chair_controller/share/colcon-core/packages/chair_controller)
[4.230s] Level 1:colcon.colcon_core.shell:create_environment_hook('medical_wheelchair', 'pythonpath_develop')
[4.231s] INFO:colcon.colcon_core.shell:Creating environment hook '/home/ayadiab/chair_ws/build/medical_wheelchair/share/medical_wheelchair/hook/pythonpath_develop.ps1'
[4.231s] DEBUG:colcon.colcon_core.event_handler.log_command:Invoked command in '/home/ayadiab/chair_ws/build/medical_wheelchair' returned '0': PYTHONPATH=/home/ayadiab/chair_ws/build/medical_wheelchair/prefix_override:/usr/lib/python3/dist-packages/colcon_core/task/python/colcon_distutils_commands:/home/ayadiab/chair_ws/install/medical_wheelchair/lib/python3.10/site-packages:${PYTHONPATH} /usr/bin/python3 -W ignore:setup.py install is deprecated -W ignore:easy_install command is deprecated setup.py develop --editable --build-directory /home/ayadiab/chair_ws/build/medical_wheelchair/build --no-deps symlink_data
[4.232s] INFO:colcon.colcon_core.shell:Creating environment descriptor '/home/ayadiab/chair_ws/build/medical_wheelchair/share/medical_wheelchair/hook/pythonpath_develop.dsv'
[4.232s] INFO:colcon.colcon_core.shell:Creating environment hook '/home/ayadiab/chair_ws/build/medical_wheelchair/share/medical_wheelchair/hook/pythonpath_develop.sh'
[4.233s] Level 1:colcon.colcon_core.environment:checking '/home/ayadiab/chair_ws/install/medical_wheelchair' for CMake module files
[4.234s] Level 1:colcon.colcon_core.environment:checking '/home/ayadiab/chair_ws/install/medical_wheelchair' for CMake config files
[4.235s] Level 1:colcon.colcon_core.environment:checking '/home/ayadiab/chair_ws/install/medical_wheelchair/lib'
[4.235s] Level 1:colcon.colcon_core.environment:checking '/home/ayadiab/chair_ws/install/medical_wheelchair/bin'
[4.235s] Level 1:colcon.colcon_core.environment:checking '/home/ayadiab/chair_ws/install/medical_wheelchair/lib/pkgconfig/medical_wheelchair.pc'
[4.235s] Level 1:colcon.colcon_core.environment:checking '/home/ayadiab/chair_ws/install/medical_wheelchair/lib/python3.10/site-packages'
[4.236s] Level 1:colcon.colcon_core.shell:create_environment_hook('medical_wheelchair', 'pythonpath')
[4.236s] INFO:colcon.colcon_core.shell:Creating environment hook '/home/ayadiab/chair_ws/install/medical_wheelchair/share/medical_wheelchair/hook/pythonpath.ps1'
[4.237s] INFO:colcon.colcon_core.shell:Creating environment descriptor '/home/ayadiab/chair_ws/install/medical_wheelchair/share/medical_wheelchair/hook/pythonpath.dsv'
[4.237s] INFO:colcon.colcon_core.shell:Creating environment hook '/home/ayadiab/chair_ws/install/medical_wheelchair/share/medical_wheelchair/hook/pythonpath.sh'
[4.238s] Level 1:colcon.colcon_core.environment:checking '/home/ayadiab/chair_ws/install/medical_wheelchair/bin'
[4.238s] Level 1:colcon.colcon_core.environment:create_environment_scripts_only(medical_wheelchair)
[4.239s] INFO:colcon.colcon_core.shell:Creating package script '/home/ayadiab/chair_ws/install/medical_wheelchair/share/medical_wheelchair/package.ps1'
[4.239s] INFO:colcon.colcon_core.shell:Creating package descriptor '/home/ayadiab/chair_ws/install/medical_wheelchair/share/medical_wheelchair/package.dsv'
[4.240s] INFO:colcon.colcon_core.shell:Creating package script '/home/ayadiab/chair_ws/install/medical_wheelchair/share/medical_wheelchair/package.sh'
[4.240s] INFO:colcon.colcon_core.shell:Creating package script '/home/ayadiab/chair_ws/install/medical_wheelchair/share/medical_wheelchair/package.bash'
[4.241s] INFO:colcon.colcon_core.shell:Creating package script '/home/ayadiab/chair_ws/install/medical_wheelchair/share/medical_wheelchair/package.zsh'
[4.294s] Level 1:colcon.colcon_core.environment:create_file_with_runtime_dependencies(/home/ayadiab/chair_ws/install/medical_wheelchair/share/colcon-core/packages/medical_wheelchair)
[4.295s] DEBUG:colcon.colcon_parallel_executor.executor.parallel:closing loop
[4.296s] DEBUG:colcon.colcon_parallel_executor.executor.parallel:loop closed
[4.297s] DEBUG:colcon.colcon_parallel_executor.executor.parallel:run_until_complete finished with '0'
[4.297s] DEBUG:colcon.colcon_core.event_reactor:joining thread
[4.360s] INFO:colcon.colcon_core.plugin_system:Skipping extension 'colcon_notification.desktop_notification.terminal_notifier': Not used on non-Darwin systems
[4.361s] INFO:colcon.colcon_core.plugin_system:Skipping extension 'colcon_notification.desktop_notification.win32': Not used on non-Windows systems
[4.361s] INFO:colcon.colcon_notification.desktop_notification:Sending desktop notification using 'notify2'
[4.421s] DEBUG:colcon.colcon_core.event_reactor:joined thread
[4.422s] INFO:colcon.colcon_core.shell:Creating prefix script '/home/ayadiab/chair_ws/install/local_setup.ps1'
[4.426s] INFO:colcon.colcon_core.shell:Creating prefix util module '/home/ayadiab/chair_ws/install/_local_setup_util_ps1.py'
[4.431s] INFO:colcon.colcon_core.shell:Creating prefix chain script '/home/ayadiab/chair_ws/install/setup.ps1'
[4.435s] INFO:colcon.colcon_core.shell:Creating prefix script '/home/ayadiab/chair_ws/install/local_setup.sh'
[4.438s] INFO:colcon.colcon_core.shell:Creating prefix util module '/home/ayadiab/chair_ws/install/_local_setup_util_sh.py'
[4.440s] INFO:colcon.colcon_core.shell:Creating prefix chain script '/home/ayadiab/chair_ws/install/setup.sh'
[4.444s] INFO:colcon.colcon_core.shell:Creating prefix script '/home/ayadiab/chair_ws/install/local_setup.bash'
[4.445s] INFO:colcon.colcon_core.shell:Creating prefix chain script '/home/ayadiab/chair_ws/install/setup.bash'
[4.447s] INFO:colcon.colcon_core.shell:Creating prefix script '/home/ayadiab/chair_ws/install/local_setup.zsh'
[4.447s] INFO:colcon.colcon_core.shell:Creating prefix chain script '/home/ayadiab/chair_ws/install/setup.zsh'
