[3.538s] Invoking command in '/home/ayadiab/chair_ws/build/medical_wheelchair': PYTHONPATH=/home/ayadiab/chair_ws/build/medical_wheelchair/prefix_override:/usr/lib/python3/dist-packages/colcon_core/task/python/colcon_distutils_commands:/home/ayadiab/chair_ws/install/medical_wheelchair/lib/python3.10/site-packages:${PYTHONPATH} /usr/bin/python3 -W ignore:setup.py install is deprecated -W ignore:easy_install command is deprecated setup.py develop --uninstall --editable --build-directory /home/ayadiab/chair_ws/build/medical_wheelchair/build
[3.903s] running develop
[4.135s] Removing /home/ayadiab/chair_ws/install/medical_wheelchair/lib/python3.10/site-packages/medical-wheelchair.egg-link (link to .)
[4.191s] Invoked command in '/home/ayadiab/chair_ws/build/medical_wheelchair' returned '0': PYTHONPATH=/home/ayadiab/chair_ws/build/medical_wheelchair/prefix_override:/usr/lib/python3/dist-packages/colcon_core/task/python/colcon_distutils_commands:/home/ayadiab/chair_ws/install/medical_wheelchair/lib/python3.10/site-packages:${PYTHONPATH} /usr/bin/python3 -W ignore:setup.py install is deprecated -W ignore:easy_install command is deprecated setup.py develop --uninstall --editable --build-directory /home/ayadiab/chair_ws/build/medical_wheelchair/build
[4.194s] Invoking command in '/home/ayadiab/chair_ws/src/medical_wheelchair': PYTHONPATH=/home/ayadiab/chair_ws/build/medical_wheelchair/prefix_override:/usr/lib/python3/dist-packages/colcon_core/task/python/colcon_distutils_commands:/home/ayadiab/chair_ws/install/medical_wheelchair/lib/python3.10/site-packages:${PYTHONPATH} /usr/bin/python3 -W ignore:setup.py install is deprecated -W ignore:easy_install command is deprecated setup.py egg_info --egg-base ../../build/medical_wheelchair build --build-base /home/ayadiab/chair_ws/build/medical_wheelchair/build install --record /home/ayadiab/chair_ws/build/medical_wheelchair/install.log --single-version-externally-managed install_data --force
[4.538s] running egg_info
[4.539s] writing ../../build/medical_wheelchair/medical_wheelchair.egg-info/PKG-INFO
[4.540s] writing dependency_links to ../../build/medical_wheelchair/medical_wheelchair.egg-info/dependency_links.txt
[4.540s] writing entry points to ../../build/medical_wheelchair/medical_wheelchair.egg-info/entry_points.txt
[4.541s] writing requirements to ../../build/medical_wheelchair/medical_wheelchair.egg-info/requires.txt
[4.541s] writing top-level names to ../../build/medical_wheelchair/medical_wheelchair.egg-info/top_level.txt
[4.544s] reading manifest file '../../build/medical_wheelchair/medical_wheelchair.egg-info/SOURCES.txt'
[4.545s] writing manifest file '../../build/medical_wheelchair/medical_wheelchair.egg-info/SOURCES.txt'
[4.546s] running build
[4.546s] running build_py
[4.546s] creating /home/ayadiab/chair_ws/build/medical_wheelchair/build
[4.546s] creating /home/ayadiab/chair_ws/build/medical_wheelchair/build/lib
[4.546s] creating /home/ayadiab/chair_ws/build/medical_wheelchair/build/lib/medical_wheelchair
[4.546s] copying medical_wheelchair/__init__.py -> /home/ayadiab/chair_ws/build/medical_wheelchair/build/lib/medical_wheelchair
[4.547s] running install
[4.547s] running install_lib
[4.548s] creating /home/ayadiab/chair_ws/install/medical_wheelchair/lib/python3.10/site-packages/medical_wheelchair
[4.548s] copying /home/ayadiab/chair_ws/build/medical_wheelchair/build/lib/medical_wheelchair/__init__.py -> /home/ayadiab/chair_ws/install/medical_wheelchair/lib/python3.10/site-packages/medical_wheelchair
[4.549s] byte-compiling /home/ayadiab/chair_ws/install/medical_wheelchair/lib/python3.10/site-packages/medical_wheelchair/__init__.py to __init__.cpython-310.pyc
[4.549s] running install_data
[4.549s] copying launch/spawn_wheelchair.launch.py -> /home/ayadiab/chair_ws/install/medical_wheelchair/share/medical_wheelchair/launch
[4.550s] running install_egg_info
[4.555s] Copying ../../build/medical_wheelchair/medical_wheelchair.egg-info to /home/ayadiab/chair_ws/install/medical_wheelchair/lib/python3.10/site-packages/medical_wheelchair-0.0.0-py3.10.egg-info
[4.556s] running install_scripts
[4.588s] writing list of installed files to '/home/ayadiab/chair_ws/build/medical_wheelchair/install.log'
[4.635s] Invoked command in '/home/ayadiab/chair_ws/src/medical_wheelchair' returned '0': PYTHONPATH=/home/ayadiab/chair_ws/build/medical_wheelchair/prefix_override:/usr/lib/python3/dist-packages/colcon_core/task/python/colcon_distutils_commands:/home/ayadiab/chair_ws/install/medical_wheelchair/lib/python3.10/site-packages:${PYTHONPATH} /usr/bin/python3 -W ignore:setup.py install is deprecated -W ignore:easy_install command is deprecated setup.py egg_info --egg-base ../../build/medical_wheelchair build --build-base /home/ayadiab/chair_ws/build/medical_wheelchair/build install --record /home/ayadiab/chair_ws/build/medical_wheelchair/install.log --single-version-externally-managed install_data --force
