running egg_info
creating ../../build/chair_controller/chair_controller.egg-info
writing ../../build/chair_controller/chair_controller.egg-info/PKG-INFO
writing dependency_links to ../../build/chair_controller/chair_controller.egg-info/dependency_links.txt
writing requirements to ../../build/chair_controller/chair_controller.egg-info/requires.txt
writing top-level names to ../../build/chair_controller/chair_controller.egg-info/top_level.txt
writing manifest file '../../build/chair_controller/chair_controller.egg-info/SOURCES.txt'
reading manifest file '../../build/chair_controller/chair_controller.egg-info/SOURCES.txt'
writing manifest file '../../build/chair_controller/chair_controller.egg-info/SOURCES.txt'
running build
running build_py
creating /home/ayadiab/chair_ws/build/chair_controller/build
creating /home/ayadiab/chair_ws/build/chair_controller/build/lib
creating /home/ayadiab/chair_ws/build/chair_controller/build/lib/chair_controller
copying chair_controller/base_controller.py -> /home/ayadiab/chair_ws/build/chair_controller/build/lib/chair_controller
copying chair_controller/__init__.py -> /home/ayadiab/chair_ws/build/chair_controller/build/lib/chair_controller
running install
running install_lib
creating /home/ayadiab/chair_ws/install/chair_controller/lib/python3.10/site-packages/chair_controller
copying /home/ayadiab/chair_ws/build/chair_controller/build/lib/chair_controller/base_controller.py -> /home/ayadiab/chair_ws/install/chair_controller/lib/python3.10/site-packages/chair_controller
copying /home/ayadiab/chair_ws/build/chair_controller/build/lib/chair_controller/__init__.py -> /home/ayadiab/chair_ws/install/chair_controller/lib/python3.10/site-packages/chair_controller
byte-compiling /home/ayadiab/chair_ws/install/chair_controller/lib/python3.10/site-packages/chair_controller/base_controller.py to base_controller.cpython-310.pyc
byte-compiling /home/ayadiab/chair_ws/install/chair_controller/lib/python3.10/site-packages/chair_controller/__init__.py to __init__.cpython-310.pyc
running install_data
creating /home/ayadiab/chair_ws/install/chair_controller/share/ament_index
creating /home/ayadiab/chair_ws/install/chair_controller/share/ament_index/resource_index
creating /home/ayadiab/chair_ws/install/chair_controller/share/ament_index/resource_index/packages
copying resource/chair_controller -> /home/ayadiab/chair_ws/install/chair_controller/share/ament_index/resource_index/packages
copying package.xml -> /home/ayadiab/chair_ws/install/chair_controller/share/chair_controller
running install_egg_info
Copying ../../build/chair_controller/chair_controller.egg-info to /home/ayadiab/chair_ws/install/chair_controller/lib/python3.10/site-packages/chair_controller-0.0.0-py3.10.egg-info
running install_scripts
writing list of installed files to '/home/ayadiab/chair_ws/build/chair_controller/install.log'
