[1.548s] Invoking command in '/home/ayadiab/chair_ws/src/chair_controller': PYTHONPATH=/home/ayadiab/chair_ws/build/chair_controller/prefix_override:/usr/lib/python3/dist-packages/colcon_core/task/python/colcon_distutils_commands:/home/ayadiab/chair_ws/install/chair_controller/lib/python3.10/site-packages:${PYTHONPATH} /usr/bin/python3 -W ignore:setup.py install is deprecated -W ignore:easy_install command is deprecated setup.py egg_info --egg-base ../../build/chair_controller build --build-base /home/ayadiab/chair_ws/build/chair_controller/build install --record /home/ayadiab/chair_ws/build/chair_controller/install.log --single-version-externally-managed install_data
[1.932s] /usr/lib/python3.10/distutils/dist.py:274: UserWarning: Unknown distribution option: 'eentry_points'
[1.933s]   warnings.warn(msg)
[1.947s] running egg_info
[1.948s] creating ../../build/chair_controller/chair_controller.egg-info
[1.949s] writing ../../build/chair_controller/chair_controller.egg-info/PKG-INFO
[1.949s] writing dependency_links to ../../build/chair_controller/chair_controller.egg-info/dependency_links.txt
[1.949s] writing requirements to ../../build/chair_controller/chair_controller.egg-info/requires.txt
[1.950s] writing top-level names to ../../build/chair_controller/chair_controller.egg-info/top_level.txt
[1.950s] writing manifest file '../../build/chair_controller/chair_controller.egg-info/SOURCES.txt'
[1.952s] reading manifest file '../../build/chair_controller/chair_controller.egg-info/SOURCES.txt'
[1.953s] writing manifest file '../../build/chair_controller/chair_controller.egg-info/SOURCES.txt'
[1.953s] running build
[1.953s] running build_py
[1.953s] creating /home/ayadiab/chair_ws/build/chair_controller/build
[1.953s] creating /home/ayadiab/chair_ws/build/chair_controller/build/lib
[1.954s] creating /home/ayadiab/chair_ws/build/chair_controller/build/lib/chair_controller
[1.954s] copying chair_controller/base_controller.py -> /home/ayadiab/chair_ws/build/chair_controller/build/lib/chair_controller
[1.954s] copying chair_controller/__init__.py -> /home/ayadiab/chair_ws/build/chair_controller/build/lib/chair_controller
[1.954s] running install
[1.955s] running install_lib
[1.956s] creating /home/ayadiab/chair_ws/install/chair_controller/lib/python3.10/site-packages/chair_controller
[1.956s] copying /home/ayadiab/chair_ws/build/chair_controller/build/lib/chair_controller/base_controller.py -> /home/ayadiab/chair_ws/install/chair_controller/lib/python3.10/site-packages/chair_controller
[1.956s] copying /home/ayadiab/chair_ws/build/chair_controller/build/lib/chair_controller/__init__.py -> /home/ayadiab/chair_ws/install/chair_controller/lib/python3.10/site-packages/chair_controller
[1.956s] byte-compiling /home/ayadiab/chair_ws/install/chair_controller/lib/python3.10/site-packages/chair_controller/base_controller.py to base_controller.cpython-310.pyc
[1.957s] byte-compiling /home/ayadiab/chair_ws/install/chair_controller/lib/python3.10/site-packages/chair_controller/__init__.py to __init__.cpython-310.pyc
[1.957s] running install_data
[1.958s] creating /home/ayadiab/chair_ws/install/chair_controller/share/ament_index
[1.958s] creating /home/ayadiab/chair_ws/install/chair_controller/share/ament_index/resource_index
[1.958s] creating /home/ayadiab/chair_ws/install/chair_controller/share/ament_index/resource_index/packages
[1.958s] copying resource/chair_controller -> /home/ayadiab/chair_ws/install/chair_controller/share/ament_index/resource_index/packages
[1.958s] copying package.xml -> /home/ayadiab/chair_ws/install/chair_controller/share/chair_controller
[1.959s] running install_egg_info
[1.962s] Copying ../../build/chair_controller/chair_controller.egg-info to /home/ayadiab/chair_ws/install/chair_controller/lib/python3.10/site-packages/chair_controller-0.0.0-py3.10.egg-info
[1.963s] running install_scripts
[1.998s] writing list of installed files to '/home/ayadiab/chair_ws/build/chair_controller/install.log'
[2.049s] Invoked command in '/home/ayadiab/chair_ws/src/chair_controller' returned '0': PYTHONPATH=/home/ayadiab/chair_ws/build/chair_controller/prefix_override:/usr/lib/python3/dist-packages/colcon_core/task/python/colcon_distutils_commands:/home/ayadiab/chair_ws/install/chair_controller/lib/python3.10/site-packages:${PYTHONPATH} /usr/bin/python3 -W ignore:setup.py install is deprecated -W ignore:easy_install command is deprecated setup.py egg_info --egg-base ../../build/chair_controller build --build-base /home/ayadiab/chair_ws/build/chair_controller/build install --record /home/ayadiab/chair_ws/build/chair_controller/install.log --single-version-externally-managed install_data
