[1.239s] Invoking command in '/home/ayadiab/chair_ws/src/medical_wheelchair': PYTHONPATH=/home/ayadiab/chair_ws/build/medical_wheelchair/prefix_override:/usr/lib/python3/dist-packages/colcon_core/task/python/colcon_distutils_commands:/home/ayadiab/chair_ws/install/medical_wheelchair/lib/python3.10/site-packages:${PYTHONPATH} /usr/bin/python3 -W ignore:setup.py install is deprecated -W ignore:easy_install command is deprecated setup.py egg_info --egg-base ../../build/medical_wheelchair build --build-base /home/ayadiab/chair_ws/build/medical_wheelchair/build install --record /home/ayadiab/chair_ws/build/medical_wheelchair/install.log --single-version-externally-managed install_data
[1.689s] running egg_info
[1.691s] writing ../../build/medical_wheelchair/medical_wheelchair.egg-info/PKG-INFO
[1.692s] writing dependency_links to ../../build/medical_wheelchair/medical_wheelchair.egg-info/dependency_links.txt
[1.693s] writing entry points to ../../build/medical_wheelchair/medical_wheelchair.egg-info/entry_points.txt
[1.694s] writing requirements to ../../build/medical_wheelchair/medical_wheelchair.egg-info/requires.txt
[1.694s] writing top-level names to ../../build/medical_wheelchair/medical_wheelchair.egg-info/top_level.txt
[1.701s] reading manifest file '../../build/medical_wheelchair/medical_wheelchair.egg-info/SOURCES.txt'
[1.704s] writing manifest file '../../build/medical_wheelchair/medical_wheelchair.egg-info/SOURCES.txt'
[1.704s] running build
[1.705s] running build_py
[1.705s] running install
[1.706s] running install_lib
[1.709s] running install_data
[1.710s] running install_egg_info
[1.715s] removing '/home/ayadiab/chair_ws/install/medical_wheelchair/lib/python3.10/site-packages/medical_wheelchair-0.0.0-py3.10.egg-info' (and everything under it)
[1.716s] Copying ../../build/medical_wheelchair/medical_wheelchair.egg-info to /home/ayadiab/chair_ws/install/medical_wheelchair/lib/python3.10/site-packages/medical_wheelchair-0.0.0-py3.10.egg-info
[1.718s] running install_scripts
[1.775s] writing list of installed files to '/home/ayadiab/chair_ws/build/medical_wheelchair/install.log'
[1.858s] Invoked command in '/home/ayadiab/chair_ws/src/medical_wheelchair' returned '0': PYTHONPATH=/home/ayadiab/chair_ws/build/medical_wheelchair/prefix_override:/usr/lib/python3/dist-packages/colcon_core/task/python/colcon_distutils_commands:/home/ayadiab/chair_ws/install/medical_wheelchair/lib/python3.10/site-packages:${PYTHONPATH} /usr/bin/python3 -W ignore:setup.py install is deprecated -W ignore:easy_install command is deprecated setup.py egg_info --egg-base ../../build/medical_wheelchair build --build-base /home/ayadiab/chair_ws/build/medical_wheelchair/build install --record /home/ayadiab/chair_ws/build/medical_wheelchair/install.log --single-version-externally-managed install_data
