[0.137s] DEBUG:colcon:Command line arguments: ['/usr/bin/colcon', 'build']
[0.137s] DEBUG:colcon:Parsed command line arguments: Namespace(log_base=None, log_level=None, verb_name='build', build_base='build', install_base='install', merge_install=False, symlink_install=False, test_result_base=None, continue_on_error=False, executor='parallel', parallel_workers=4, event_handlers=None, ignore_user_meta=False, metas=['./colcon.meta'], base_paths=['.'], packages_ignore=None, packages_ignore_regex=None, paths=None, packages_up_to=None, packages_up_to_regex=None, packages_above=None, packages_above_and_dependencies=None, packages_above_depth=None, packages_select_by_dep=None, packages_skip_by_dep=None, packages_skip_up_to=None, packages_select_build_failed=False, packages_skip_build_finished=False, packages_select_test_failures=False, packages_skip_test_passed=False, packages_select=None, packages_skip=None, packages_select_regex=None, packages_skip_regex=None, packages_start=None, packages_end=None, allow_overriding=[], cmake_args=None, cmake_target=None, cmake_target_skip_unavailable=False, cmake_clean_cache=False, cmake_clean_first=False, cmake_force_configure=False, ament_cmake_args=None, catkin_cmake_args=None, catkin_skip_building_tests=False, mixin_files=None, mixin=None, verb_parser=<colcon_mixin.mixin.mixin_argument.MixinArgumentDecorator object at 0x74820e684040>, verb_extension=<colcon_core.verb.build.BuildVerb object at 0x74820e790e80>, main=<bound method BuildVerb.main of <colcon_core.verb.build.BuildVerb object at 0x74820e790e80>>, mixin_verb=('build',))
[0.372s] Level 1:colcon.colcon_core.package_discovery:discover_packages(colcon_meta) check parameters
[0.372s] Level 1:colcon.colcon_core.package_discovery:discover_packages(recursive) check parameters
[0.372s] Level 1:colcon.colcon_core.package_discovery:discover_packages(ignore) check parameters
[0.372s] Level 1:colcon.colcon_core.package_discovery:discover_packages(path) check parameters
[0.372s] Level 1:colcon.colcon_core.package_discovery:discover_packages(colcon_meta) discover
[0.372s] Level 1:colcon.colcon_core.package_discovery:discover_packages(recursive) discover
[0.372s] INFO:colcon.colcon_core.package_discovery:Crawling recursively for packages in '/home/ayadiab/chair_ws'
[0.372s] Level 1:colcon.colcon_core.package_identification:_identify(.) by extensions ['ignore', 'ignore_ament_install']
[0.372s] Level 1:colcon.colcon_core.package_identification:_identify(.) by extension 'ignore'
[0.373s] Level 1:colcon.colcon_core.package_identification:_identify(.) by extension 'ignore_ament_install'
[0.373s] Level 1:colcon.colcon_core.package_identification:_identify(.) by extensions ['colcon_pkg']
[0.373s] Level 1:colcon.colcon_core.package_identification:_identify(.) by extension 'colcon_pkg'
[0.373s] Level 1:colcon.colcon_core.package_identification:_identify(.) by extensions ['colcon_meta']
[0.373s] Level 1:colcon.colcon_core.package_identification:_identify(.) by extension 'colcon_meta'
[0.373s] Level 1:colcon.colcon_core.package_identification:_identify(.) by extensions ['ros']
[0.373s] Level 1:colcon.colcon_core.package_identification:_identify(.) by extension 'ros'
[0.386s] Level 1:colcon.colcon_core.package_identification:_identify(.) by extensions ['cmake', 'python']
[0.386s] Level 1:colcon.colcon_core.package_identification:_identify(.) by extension 'cmake'
[0.386s] Level 1:colcon.colcon_core.package_identification:_identify(.) by extension 'python'
[0.386s] Level 1:colcon.colcon_core.package_identification:_identify(.) by extensions ['python_setup_py']
[0.386s] Level 1:colcon.colcon_core.package_identification:_identify(.) by extension 'python_setup_py'
[0.387s] Level 1:colcon.colcon_core.package_identification:_identify(build) by extensions ['ignore', 'ignore_ament_install']
[0.387s] Level 1:colcon.colcon_core.package_identification:_identify(build) by extension 'ignore'
[0.387s] Level 1:colcon.colcon_core.package_identification:_identify(build) ignored
[0.387s] Level 1:colcon.colcon_core.package_identification:_identify(install) by extensions ['ignore', 'ignore_ament_install']
[0.387s] Level 1:colcon.colcon_core.package_identification:_identify(install) by extension 'ignore'
[0.387s] Level 1:colcon.colcon_core.package_identification:_identify(install) ignored
[0.387s] Level 1:colcon.colcon_core.package_identification:_identify(log) by extensions ['ignore', 'ignore_ament_install']
[0.387s] Level 1:colcon.colcon_core.package_identification:_identify(log) by extension 'ignore'
[0.387s] Level 1:colcon.colcon_core.package_identification:_identify(log) ignored
[0.388s] Level 1:colcon.colcon_core.package_identification:_identify(src) by extensions ['ignore', 'ignore_ament_install']
[0.388s] Level 1:colcon.colcon_core.package_identification:_identify(src) by extension 'ignore'
[0.388s] Level 1:colcon.colcon_core.package_identification:_identify(src) by extension 'ignore_ament_install'
[0.388s] Level 1:colcon.colcon_core.package_identification:_identify(src) by extensions ['colcon_pkg']
[0.388s] Level 1:colcon.colcon_core.package_identification:_identify(src) by extension 'colcon_pkg'
[0.388s] Level 1:colcon.colcon_core.package_identification:_identify(src) by extensions ['colcon_meta']
[0.388s] Level 1:colcon.colcon_core.package_identification:_identify(src) by extension 'colcon_meta'
[0.388s] Level 1:colcon.colcon_core.package_identification:_identify(src) by extensions ['ros']
[0.388s] Level 1:colcon.colcon_core.package_identification:_identify(src) by extension 'ros'
[0.388s] Level 1:colcon.colcon_core.package_identification:_identify(src) by extensions ['cmake', 'python']
[0.388s] Level 1:colcon.colcon_core.package_identification:_identify(src) by extension 'cmake'
[0.388s] Level 1:colcon.colcon_core.package_identification:_identify(src) by extension 'python'
[0.388s] Level 1:colcon.colcon_core.package_identification:_identify(src) by extensions ['python_setup_py']
[0.388s] Level 1:colcon.colcon_core.package_identification:_identify(src) by extension 'python_setup_py'
[0.388s] Level 1:colcon.colcon_core.package_identification:_identify(src/chair_controller) by extensions ['ignore', 'ignore_ament_install']
[0.388s] Level 1:colcon.colcon_core.package_identification:_identify(src/chair_controller) by extension 'ignore'
[0.389s] Level 1:colcon.colcon_core.package_identification:_identify(src/chair_controller) by extension 'ignore_ament_install'
[0.389s] Level 1:colcon.colcon_core.package_identification:_identify(src/chair_controller) by extensions ['colcon_pkg']
[0.389s] Level 1:colcon.colcon_core.package_identification:_identify(src/chair_controller) by extension 'colcon_pkg'
[0.389s] Level 1:colcon.colcon_core.package_identification:_identify(src/chair_controller) by extensions ['colcon_meta']
[0.389s] Level 1:colcon.colcon_core.package_identification:_identify(src/chair_controller) by extension 'colcon_meta'
[0.389s] Level 1:colcon.colcon_core.package_identification:_identify(src/chair_controller) by extensions ['ros']
[0.389s] Level 1:colcon.colcon_core.package_identification:_identify(src/chair_controller) by extension 'ros'
[0.392s] DEBUG:colcon.colcon_core.package_identification:Package 'src/chair_controller' with type 'ros.ament_python' and name 'chair_controller'
[0.392s] Level 1:colcon.colcon_core.package_identification:_identify(src/medical_wheelchair) by extensions ['ignore', 'ignore_ament_install']
[0.392s] Level 1:colcon.colcon_core.package_identification:_identify(src/medical_wheelchair) by extension 'ignore'
[0.392s] Level 1:colcon.colcon_core.package_identification:_identify(src/medical_wheelchair) by extension 'ignore_ament_install'
[0.392s] Level 1:colcon.colcon_core.package_identification:_identify(src/medical_wheelchair) by extensions ['colcon_pkg']
[0.392s] Level 1:colcon.colcon_core.package_identification:_identify(src/medical_wheelchair) by extension 'colcon_pkg'
[0.392s] Level 1:colcon.colcon_core.package_identification:_identify(src/medical_wheelchair) by extensions ['colcon_meta']
[0.392s] Level 1:colcon.colcon_core.package_identification:_identify(src/medical_wheelchair) by extension 'colcon_meta'
[0.393s] Level 1:colcon.colcon_core.package_identification:_identify(src/medical_wheelchair) by extensions ['ros']
[0.393s] Level 1:colcon.colcon_core.package_identification:_identify(src/medical_wheelchair) by extension 'ros'
[0.394s] DEBUG:colcon.colcon_core.package_identification:Package 'src/medical_wheelchair' with type 'ros.ament_python' and name 'medical_wheelchair'
[0.394s] Level 1:colcon.colcon_core.package_identification:_identify(worlds) by extensions ['ignore', 'ignore_ament_install']
[0.394s] Level 1:colcon.colcon_core.package_identification:_identify(worlds) by extension 'ignore'
[0.394s] Level 1:colcon.colcon_core.package_identification:_identify(worlds) by extension 'ignore_ament_install'
[0.394s] Level 1:colcon.colcon_core.package_identification:_identify(worlds) by extensions ['colcon_pkg']
[0.394s] Level 1:colcon.colcon_core.package_identification:_identify(worlds) by extension 'colcon_pkg'
[0.394s] Level 1:colcon.colcon_core.package_identification:_identify(worlds) by extensions ['colcon_meta']
[0.394s] Level 1:colcon.colcon_core.package_identification:_identify(worlds) by extension 'colcon_meta'
[0.394s] Level 1:colcon.colcon_core.package_identification:_identify(worlds) by extensions ['ros']
[0.394s] Level 1:colcon.colcon_core.package_identification:_identify(worlds) by extension 'ros'
[0.395s] Level 1:colcon.colcon_core.package_identification:_identify(worlds) by extensions ['cmake', 'python']
[0.395s] Level 1:colcon.colcon_core.package_identification:_identify(worlds) by extension 'cmake'
[0.395s] Level 1:colcon.colcon_core.package_identification:_identify(worlds) by extension 'python'
[0.395s] Level 1:colcon.colcon_core.package_identification:_identify(worlds) by extensions ['python_setup_py']
[0.395s] Level 1:colcon.colcon_core.package_identification:_identify(worlds) by extension 'python_setup_py'
[0.395s] Level 1:colcon.colcon_core.package_discovery:discover_packages(recursive) using defaults
[0.395s] Level 1:colcon.colcon_core.package_discovery:discover_packages(ignore) discover
[0.395s] Level 1:colcon.colcon_core.package_discovery:discover_packages(ignore) using defaults
[0.395s] Level 1:colcon.colcon_core.package_discovery:discover_packages(path) discover
[0.395s] Level 1:colcon.colcon_core.package_discovery:discover_packages(path) using defaults
[0.437s] Level 1:colcon.colcon_core.package_discovery:discover_packages(prefix_path) check parameters
[0.437s] Level 1:colcon.colcon_core.package_discovery:discover_packages(prefix_path) discover
[0.438s] WARNING:colcon.colcon_core.prefix_path.colcon:The path '/home/ayadiab/chair_ws/src/install' in the environment variable COLCON_PREFIX_PATH doesn't exist
[0.438s] WARNING:colcon.colcon_ros.prefix_path.ament:The path '/home/ayadiab/chair_ws/install/rocker_bogie_bot' in the environment variable AMENT_PREFIX_PATH doesn't exist
[0.439s] WARNING:colcon.colcon_ros.prefix_path.ament:The path '/home/ayadiab/chair_ws/install/chair_robot_description' in the environment variable AMENT_PREFIX_PATH doesn't exist
[0.439s] WARNING:colcon.colcon_ros.prefix_path.ament:The path '/home/ayadiab/chair_ws/install/chair_description' in the environment variable AMENT_PREFIX_PATH doesn't exist
[0.439s] WARNING:colcon.colcon_ros.prefix_path.ament:The path '/home/ayadiab/chair_ws/src/install/rocker_bogie_bot' in the environment variable AMENT_PREFIX_PATH doesn't exist
[0.439s] WARNING:colcon.colcon_ros.prefix_path.catkin:The path '/home/ayadiab/chair_ws/install/chair_description' in the environment variable CMAKE_PREFIX_PATH doesn't exist
[0.440s] DEBUG:colcon.colcon_installed_package_information.package_discovery:Found 2 installed packages in /home/ayadiab/chair_ws/install
[0.441s] DEBUG:colcon.colcon_installed_package_information.package_discovery:Found 3 installed packages in /home/ayadiab/ros2_ws/install
[0.443s] DEBUG:colcon.colcon_installed_package_information.package_discovery:Found 336 installed packages in /opt/ros/humble
[0.445s] Level 1:colcon.colcon_core.package_discovery:discover_packages(prefix_path) using defaults
[0.500s] Level 5:colcon.colcon_core.verb:set package 'chair_controller' build argument 'cmake_args' from command line to 'None'
[0.500s] Level 5:colcon.colcon_core.verb:set package 'chair_controller' build argument 'cmake_target' from command line to 'None'
[0.501s] Level 5:colcon.colcon_core.verb:set package 'chair_controller' build argument 'cmake_target_skip_unavailable' from command line to 'False'
[0.501s] Level 5:colcon.colcon_core.verb:set package 'chair_controller' build argument 'cmake_clean_cache' from command line to 'False'
[0.501s] Level 5:colcon.colcon_core.verb:set package 'chair_controller' build argument 'cmake_clean_first' from command line to 'False'
[0.501s] Level 5:colcon.colcon_core.verb:set package 'chair_controller' build argument 'cmake_force_configure' from command line to 'False'
[0.501s] Level 5:colcon.colcon_core.verb:set package 'chair_controller' build argument 'ament_cmake_args' from command line to 'None'
[0.501s] Level 5:colcon.colcon_core.verb:set package 'chair_controller' build argument 'catkin_cmake_args' from command line to 'None'
[0.501s] Level 5:colcon.colcon_core.verb:set package 'chair_controller' build argument 'catkin_skip_building_tests' from command line to 'False'
[0.501s] DEBUG:colcon.colcon_core.verb:Building package 'chair_controller' with the following arguments: {'ament_cmake_args': None, 'build_base': '/home/ayadiab/chair_ws/build/chair_controller', 'catkin_cmake_args': None, 'catkin_skip_building_tests': False, 'cmake_args': None, 'cmake_clean_cache': False, 'cmake_clean_first': False, 'cmake_force_configure': False, 'cmake_target': None, 'cmake_target_skip_unavailable': False, 'install_base': '/home/ayadiab/chair_ws/install/chair_controller', 'merge_install': False, 'path': '/home/ayadiab/chair_ws/src/chair_controller', 'symlink_install': False, 'test_result_base': None}
[0.501s] Level 5:colcon.colcon_core.verb:set package 'medical_wheelchair' build argument 'cmake_args' from command line to 'None'
[0.501s] Level 5:colcon.colcon_core.verb:set package 'medical_wheelchair' build argument 'cmake_target' from command line to 'None'
[0.501s] Level 5:colcon.colcon_core.verb:set package 'medical_wheelchair' build argument 'cmake_target_skip_unavailable' from command line to 'False'
[0.501s] Level 5:colcon.colcon_core.verb:set package 'medical_wheelchair' build argument 'cmake_clean_cache' from command line to 'False'
[0.501s] Level 5:colcon.colcon_core.verb:set package 'medical_wheelchair' build argument 'cmake_clean_first' from command line to 'False'
[0.501s] Level 5:colcon.colcon_core.verb:set package 'medical_wheelchair' build argument 'cmake_force_configure' from command line to 'False'
[0.501s] Level 5:colcon.colcon_core.verb:set package 'medical_wheelchair' build argument 'ament_cmake_args' from command line to 'None'
[0.501s] Level 5:colcon.colcon_core.verb:set package 'medical_wheelchair' build argument 'catkin_cmake_args' from command line to 'None'
[0.502s] Level 5:colcon.colcon_core.verb:set package 'medical_wheelchair' build argument 'catkin_skip_building_tests' from command line to 'False'
[0.502s] DEBUG:colcon.colcon_core.verb:Building package 'medical_wheelchair' with the following arguments: {'ament_cmake_args': None, 'build_base': '/home/ayadiab/chair_ws/build/medical_wheelchair', 'catkin_cmake_args': None, 'catkin_skip_building_tests': False, 'cmake_args': None, 'cmake_clean_cache': False, 'cmake_clean_first': False, 'cmake_force_configure': False, 'cmake_target': None, 'cmake_target_skip_unavailable': False, 'install_base': '/home/ayadiab/chair_ws/install/medical_wheelchair', 'merge_install': False, 'path': '/home/ayadiab/chair_ws/src/medical_wheelchair', 'symlink_install': False, 'test_result_base': None}
[0.502s] INFO:colcon.colcon_core.executor:Executing jobs using 'parallel' executor
[0.503s] DEBUG:colcon.colcon_parallel_executor.executor.parallel:run_until_complete
[0.503s] INFO:colcon.colcon_ros.task.ament_python.build:Building ROS package in '/home/ayadiab/chair_ws/src/chair_controller' with build type 'ament_python'
[0.504s] Level 1:colcon.colcon_core.shell:create_environment_hook('chair_controller', 'ament_prefix_path')
[0.506s] INFO:colcon.colcon_core.plugin_system:Skipping extension 'colcon_core.shell.bat': Not used on non-Windows systems
[0.506s] INFO:colcon.colcon_core.shell:Creating environment hook '/home/ayadiab/chair_ws/install/chair_controller/share/chair_controller/hook/ament_prefix_path.ps1'
[0.507s] INFO:colcon.colcon_core.shell:Creating environment descriptor '/home/ayadiab/chair_ws/install/chair_controller/share/chair_controller/hook/ament_prefix_path.dsv'
[0.508s] INFO:colcon.colcon_core.shell:Creating environment hook '/home/ayadiab/chair_ws/install/chair_controller/share/chair_controller/hook/ament_prefix_path.sh'
[0.509s] INFO:colcon.colcon_core.shell:Skip shell extension 'powershell' for command environment: Not usable outside of PowerShell
[0.509s] DEBUG:colcon.colcon_core.shell:Skip shell extension 'dsv' for command environment
[0.514s] INFO:colcon.colcon_ros.task.ament_python.build:Building ROS package in '/home/ayadiab/chair_ws/src/medical_wheelchair' with build type 'ament_python'
[0.514s] Level 1:colcon.colcon_core.shell:create_environment_hook('medical_wheelchair', 'ament_prefix_path')
[0.515s] INFO:colcon.colcon_core.shell:Creating environment hook '/home/ayadiab/chair_ws/install/medical_wheelchair/share/medical_wheelchair/hook/ament_prefix_path.ps1'
[0.515s] INFO:colcon.colcon_core.shell:Creating environment descriptor '/home/ayadiab/chair_ws/install/medical_wheelchair/share/medical_wheelchair/hook/ament_prefix_path.dsv'
[0.516s] INFO:colcon.colcon_core.shell:Creating environment hook '/home/ayadiab/chair_ws/install/medical_wheelchair/share/medical_wheelchair/hook/ament_prefix_path.sh'
[0.517s] INFO:colcon.colcon_core.shell:Skip shell extension 'powershell' for command environment: Not usable outside of PowerShell
[0.517s] DEBUG:colcon.colcon_core.shell:Skip shell extension 'dsv' for command environment
[0.867s] WARNING:colcon.colcon_ros.task.ament_python.build:Package 'chair_controller' doesn't explicitly install a marker in the package index (colcon-ros currently does it implicitly but that fallback will be removed in the future)
[0.867s] WARNING:colcon.colcon_ros.task.ament_python.build:Package 'chair_controller' doesn't explicitly install the 'package.xml' file (colcon-ros currently does it implicitly but that fallback will be removed in the future)
[0.868s] INFO:colcon.colcon_core.task.python.build:Building Python package in '/home/ayadiab/chair_ws/src/chair_controller'
[0.868s] INFO:colcon.colcon_core.shell:Skip shell extension 'powershell' for command environment: Not usable outside of PowerShell
[0.868s] DEBUG:colcon.colcon_core.shell:Skip shell extension 'dsv' for command environment
[1.219s] WARNING:colcon.colcon_ros.task.ament_python.build:Package 'medical_wheelchair' doesn't explicitly install a marker in the package index (colcon-ros currently does it implicitly but that fallback will be removed in the future)
[1.219s] WARNING:colcon.colcon_ros.task.ament_python.build:Package 'medical_wheelchair' doesn't explicitly install the 'package.xml' file (colcon-ros currently does it implicitly but that fallback will be removed in the future)
[1.220s] INFO:colcon.colcon_core.task.python.build:Building Python package in '/home/ayadiab/chair_ws/src/medical_wheelchair'
[1.220s] INFO:colcon.colcon_core.shell:Skip shell extension 'powershell' for command environment: Not usable outside of PowerShell
[1.220s] DEBUG:colcon.colcon_core.shell:Skip shell extension 'dsv' for command environment
[1.768s] DEBUG:colcon.colcon_core.event_handler.log_command:Invoking command in '/home/ayadiab/chair_ws/src/chair_controller': PYTHONPATH=/home/ayadiab/chair_ws/build/chair_controller/prefix_override:/usr/lib/python3/dist-packages/colcon_core/task/python/colcon_distutils_commands:/home/ayadiab/chair_ws/install/chair_controller/lib/python3.10/site-packages:${PYTHONPATH} /usr/bin/python3 -W ignore:setup.py install is deprecated -W ignore:easy_install command is deprecated setup.py egg_info --egg-base ../../build/chair_controller build --build-base /home/ayadiab/chair_ws/build/chair_controller/build install --record /home/ayadiab/chair_ws/build/chair_controller/install.log --single-version-externally-managed
[1.882s] DEBUG:colcon.colcon_core.event_handler.log_command:Invoking command in '/home/ayadiab/chair_ws/src/medical_wheelchair': PYTHONPATH=/home/ayadiab/chair_ws/build/medical_wheelchair/prefix_override:/usr/lib/python3/dist-packages/colcon_core/task/python/colcon_distutils_commands:/home/ayadiab/chair_ws/install/medical_wheelchair/lib/python3.10/site-packages:${PYTHONPATH} /usr/bin/python3 -W ignore:setup.py install is deprecated -W ignore:easy_install command is deprecated setup.py egg_info --egg-base ../../build/medical_wheelchair build --build-base /home/ayadiab/chair_ws/build/medical_wheelchair/build install --record /home/ayadiab/chair_ws/build/medical_wheelchair/install.log --single-version-externally-managed install_data
[2.849s] DEBUG:colcon.colcon_core.event_handler.log_command:Invoked command in '/home/ayadiab/chair_ws/src/medical_wheelchair' returned '0': PYTHONPATH=/home/ayadiab/chair_ws/build/medical_wheelchair/prefix_override:/usr/lib/python3/dist-packages/colcon_core/task/python/colcon_distutils_commands:/home/ayadiab/chair_ws/install/medical_wheelchair/lib/python3.10/site-packages:${PYTHONPATH} /usr/bin/python3 -W ignore:setup.py install is deprecated -W ignore:easy_install command is deprecated setup.py egg_info --egg-base ../../build/medical_wheelchair build --build-base /home/ayadiab/chair_ws/build/medical_wheelchair/build install --record /home/ayadiab/chair_ws/build/medical_wheelchair/install.log --single-version-externally-managed install_data
[2.853s] Level 1:colcon.colcon_core.environment:checking '/home/ayadiab/chair_ws/install/medical_wheelchair' for CMake module files
[2.853s] Level 1:colcon.colcon_core.environment:checking '/home/ayadiab/chair_ws/install/medical_wheelchair' for CMake config files
[2.854s] Level 1:colcon.colcon_core.environment:checking '/home/ayadiab/chair_ws/install/medical_wheelchair/lib'
[2.855s] Level 1:colcon.colcon_core.environment:checking '/home/ayadiab/chair_ws/install/medical_wheelchair/bin'
[2.855s] Level 1:colcon.colcon_core.environment:checking '/home/ayadiab/chair_ws/install/medical_wheelchair/lib/pkgconfig/medical_wheelchair.pc'
[2.855s] Level 1:colcon.colcon_core.environment:checking '/home/ayadiab/chair_ws/install/medical_wheelchair/lib/python3.10/site-packages'
[2.855s] Level 1:colcon.colcon_core.shell:create_environment_hook('medical_wheelchair', 'pythonpath')
[2.855s] INFO:colcon.colcon_core.shell:Creating environment hook '/home/ayadiab/chair_ws/install/medical_wheelchair/share/medical_wheelchair/hook/pythonpath.ps1'
[3.176s] INFO:colcon.colcon_core.shell:Creating environment descriptor '/home/ayadiab/chair_ws/install/medical_wheelchair/share/medical_wheelchair/hook/pythonpath.dsv'
[3.180s] INFO:colcon.colcon_core.shell:Creating environment hook '/home/ayadiab/chair_ws/install/medical_wheelchair/share/medical_wheelchair/hook/pythonpath.sh'
[3.183s] Level 1:colcon.colcon_core.environment:checking '/home/ayadiab/chair_ws/install/medical_wheelchair/bin'
[3.183s] Level 1:colcon.colcon_core.environment:create_environment_scripts_only(medical_wheelchair)
[3.184s] INFO:colcon.colcon_core.shell:Creating package script '/home/ayadiab/chair_ws/install/medical_wheelchair/share/medical_wheelchair/package.ps1'
[3.186s] INFO:colcon.colcon_core.shell:Creating package descriptor '/home/ayadiab/chair_ws/install/medical_wheelchair/share/medical_wheelchair/package.dsv'
[3.188s] INFO:colcon.colcon_core.shell:Creating package script '/home/ayadiab/chair_ws/install/medical_wheelchair/share/medical_wheelchair/package.sh'
[3.192s] INFO:colcon.colcon_core.shell:Creating package script '/home/ayadiab/chair_ws/install/medical_wheelchair/share/medical_wheelchair/package.bash'
[3.194s] INFO:colcon.colcon_core.shell:Creating package script '/home/ayadiab/chair_ws/install/medical_wheelchair/share/medical_wheelchair/package.zsh'
[3.196s] Level 1:colcon.colcon_core.environment:create_file_with_runtime_dependencies(/home/ayadiab/chair_ws/install/medical_wheelchair/share/colcon-core/packages/medical_wheelchair)
[3.222s] Level 1:colcon.colcon_core.environment:checking '/home/ayadiab/chair_ws/install/chair_controller' for CMake module files
[3.223s] DEBUG:colcon.colcon_core.event_handler.log_command:Invoked command in '/home/ayadiab/chair_ws/src/chair_controller' returned '0': PYTHONPATH=/home/ayadiab/chair_ws/build/chair_controller/prefix_override:/usr/lib/python3/dist-packages/colcon_core/task/python/colcon_distutils_commands:/home/ayadiab/chair_ws/install/chair_controller/lib/python3.10/site-packages:${PYTHONPATH} /usr/bin/python3 -W ignore:setup.py install is deprecated -W ignore:easy_install command is deprecated setup.py egg_info --egg-base ../../build/chair_controller build --build-base /home/ayadiab/chair_ws/build/chair_controller/build install --record /home/ayadiab/chair_ws/build/chair_controller/install.log --single-version-externally-managed
[3.224s] Level 1:colcon.colcon_core.environment:checking '/home/ayadiab/chair_ws/install/chair_controller' for CMake config files
[3.225s] Level 1:colcon.colcon_core.environment:checking '/home/ayadiab/chair_ws/install/chair_controller/lib'
[3.225s] Level 1:colcon.colcon_core.environment:checking '/home/ayadiab/chair_ws/install/chair_controller/bin'
[3.225s] Level 1:colcon.colcon_core.environment:checking '/home/ayadiab/chair_ws/install/chair_controller/lib/pkgconfig/chair_controller.pc'
[3.226s] Level 1:colcon.colcon_core.environment:checking '/home/ayadiab/chair_ws/install/chair_controller/lib/python3.10/site-packages'
[3.226s] Level 1:colcon.colcon_core.shell:create_environment_hook('chair_controller', 'pythonpath')
[3.226s] INFO:colcon.colcon_core.shell:Creating environment hook '/home/ayadiab/chair_ws/install/chair_controller/share/chair_controller/hook/pythonpath.ps1'
[3.227s] INFO:colcon.colcon_core.shell:Creating environment descriptor '/home/ayadiab/chair_ws/install/chair_controller/share/chair_controller/hook/pythonpath.dsv'
[3.227s] INFO:colcon.colcon_core.shell:Creating environment hook '/home/ayadiab/chair_ws/install/chair_controller/share/chair_controller/hook/pythonpath.sh'
[3.228s] Level 1:colcon.colcon_core.environment:checking '/home/ayadiab/chair_ws/install/chair_controller/bin'
[3.228s] Level 1:colcon.colcon_core.environment:create_environment_scripts_only(chair_controller)
[3.228s] INFO:colcon.colcon_core.shell:Creating package script '/home/ayadiab/chair_ws/install/chair_controller/share/chair_controller/package.ps1'
[3.229s] INFO:colcon.colcon_core.shell:Creating package descriptor '/home/ayadiab/chair_ws/install/chair_controller/share/chair_controller/package.dsv'
[3.229s] INFO:colcon.colcon_core.shell:Creating package script '/home/ayadiab/chair_ws/install/chair_controller/share/chair_controller/package.sh'
[3.230s] INFO:colcon.colcon_core.shell:Creating package script '/home/ayadiab/chair_ws/install/chair_controller/share/chair_controller/package.bash'
[3.230s] INFO:colcon.colcon_core.shell:Creating package script '/home/ayadiab/chair_ws/install/chair_controller/share/chair_controller/package.zsh'
[3.231s] Level 1:colcon.colcon_core.environment:create_file_with_runtime_dependencies(/home/ayadiab/chair_ws/install/chair_controller/share/colcon-core/packages/chair_controller)
[3.231s] DEBUG:colcon.colcon_parallel_executor.executor.parallel:closing loop
[3.231s] DEBUG:colcon.colcon_parallel_executor.executor.parallel:loop closed
[3.232s] DEBUG:colcon.colcon_parallel_executor.executor.parallel:run_until_complete finished with '0'
[3.232s] DEBUG:colcon.colcon_core.event_reactor:joining thread
[3.238s] INFO:colcon.colcon_core.plugin_system:Skipping extension 'colcon_notification.desktop_notification.terminal_notifier': Not used on non-Darwin systems
[3.238s] INFO:colcon.colcon_core.plugin_system:Skipping extension 'colcon_notification.desktop_notification.win32': Not used on non-Windows systems
[3.238s] INFO:colcon.colcon_notification.desktop_notification:Sending desktop notification using 'notify2'
[3.253s] DEBUG:colcon.colcon_core.event_reactor:joined thread
[3.254s] INFO:colcon.colcon_core.shell:Creating prefix script '/home/ayadiab/chair_ws/install/local_setup.ps1'
[3.256s] INFO:colcon.colcon_core.shell:Creating prefix util module '/home/ayadiab/chair_ws/install/_local_setup_util_ps1.py'
[3.259s] INFO:colcon.colcon_core.shell:Creating prefix chain script '/home/ayadiab/chair_ws/install/setup.ps1'
[3.260s] INFO:colcon.colcon_core.shell:Creating prefix script '/home/ayadiab/chair_ws/install/local_setup.sh'
[3.261s] INFO:colcon.colcon_core.shell:Creating prefix util module '/home/ayadiab/chair_ws/install/_local_setup_util_sh.py'
[3.262s] INFO:colcon.colcon_core.shell:Creating prefix chain script '/home/ayadiab/chair_ws/install/setup.sh'
[3.263s] INFO:colcon.colcon_core.shell:Creating prefix script '/home/ayadiab/chair_ws/install/local_setup.bash'
[3.264s] INFO:colcon.colcon_core.shell:Creating prefix chain script '/home/ayadiab/chair_ws/install/setup.bash'
[3.266s] INFO:colcon.colcon_core.shell:Creating prefix script '/home/ayadiab/chair_ws/install/local_setup.zsh'
[3.266s] INFO:colcon.colcon_core.shell:Creating prefix chain script '/home/ayadiab/chair_ws/install/setup.zsh'
