[0.193s] DEBUG:colcon:Command line arguments: ['/usr/bin/colcon', 'build', '--packages-select', 'medical_wheelchair', '--symlink-install']
[0.193s] DEBUG:colcon:Parsed command line arguments: Namespace(log_base=None, log_level=None, verb_name='build', build_base='build', install_base='install', merge_install=False, symlink_install=True, test_result_base=None, continue_on_error=False, executor='parallel', parallel_workers=4, event_handlers=None, ignore_user_meta=False, metas=['./colcon.meta'], base_paths=['.'], packages_ignore=None, packages_ignore_regex=None, paths=None, packages_up_to=None, packages_up_to_regex=None, packages_above=None, packages_above_and_dependencies=None, packages_above_depth=None, packages_select_by_dep=None, packages_skip_by_dep=None, packages_skip_up_to=None, packages_select_build_failed=False, packages_skip_build_finished=False, packages_select_test_failures=False, packages_skip_test_passed=False, packages_select=['medical_wheelchair'], packages_skip=None, packages_select_regex=None, packages_skip_regex=None, packages_start=None, packages_end=None, allow_overriding=[], cmake_args=None, cmake_target=None, cmake_target_skip_unavailable=False, cmake_clean_cache=False, cmake_clean_first=False, cmake_force_configure=False, ament_cmake_args=None, catkin_cmake_args=None, catkin_skip_building_tests=False, mixin_files=None, mixin=None, verb_parser=<colcon_mixin.mixin.mixin_argument.MixinArgumentDecorator object at 0x7a5fdbb635b0>, verb_extension=<colcon_core.verb.build.BuildVerb object at 0x7a5fdbcb0460>, main=<bound method BuildVerb.main of <colcon_core.verb.build.BuildVerb object at 0x7a5fdbcb0460>>, mixin_verb=('build',))
[4.661s] Level 1:colcon.colcon_core.package_discovery:discover_packages(colcon_meta) check parameters
[4.661s] Level 1:colcon.colcon_core.package_discovery:discover_packages(recursive) check parameters
[4.662s] Level 1:colcon.colcon_core.package_discovery:discover_packages(ignore) check parameters
[4.662s] Level 1:colcon.colcon_core.package_discovery:discover_packages(path) check parameters
[4.662s] Level 1:colcon.colcon_core.package_discovery:discover_packages(colcon_meta) discover
[4.662s] Level 1:colcon.colcon_core.package_discovery:discover_packages(recursive) discover
[4.662s] INFO:colcon.colcon_core.package_discovery:Crawling recursively for packages in '/home/ayadiab/chair_ws/src/medical_wheelchair'
[4.662s] Level 1:colcon.colcon_core.package_identification:_identify(.) by extensions ['ignore', 'ignore_ament_install']
[4.662s] Level 1:colcon.colcon_core.package_identification:_identify(.) by extension 'ignore'
[4.662s] Level 1:colcon.colcon_core.package_identification:_identify(.) by extension 'ignore_ament_install'
[4.665s] Level 1:colcon.colcon_core.package_identification:_identify(.) by extensions ['colcon_pkg']
[4.665s] Level 1:colcon.colcon_core.package_identification:_identify(.) by extension 'colcon_pkg'
[4.665s] Level 1:colcon.colcon_core.package_identification:_identify(.) by extensions ['colcon_meta']
[4.665s] Level 1:colcon.colcon_core.package_identification:_identify(.) by extension 'colcon_meta'
[4.665s] Level 1:colcon.colcon_core.package_identification:_identify(.) by extensions ['ros']
[4.665s] Level 1:colcon.colcon_core.package_identification:_identify(.) by extension 'ros'
[4.686s] DEBUG:colcon.colcon_core.package_identification:Package '.' with type 'ros.ament_python' and name 'medical_wheelchair'
[4.687s] Level 1:colcon.colcon_core.package_discovery:discover_packages(recursive) using defaults
[4.687s] Level 1:colcon.colcon_core.package_discovery:discover_packages(ignore) discover
[4.687s] Level 1:colcon.colcon_core.package_discovery:discover_packages(ignore) using defaults
[4.687s] Level 1:colcon.colcon_core.package_discovery:discover_packages(path) discover
[4.687s] Level 1:colcon.colcon_core.package_discovery:discover_packages(path) using defaults
[4.736s] Level 1:colcon.colcon_core.package_discovery:discover_packages(prefix_path) check parameters
[4.736s] Level 1:colcon.colcon_core.package_discovery:discover_packages(prefix_path) discover
[4.907s] DEBUG:colcon.colcon_installed_package_information.package_discovery:Found 3 installed packages in /home/ayadiab/ros2_ws/install
[4.908s] DEBUG:colcon.colcon_installed_package_information.package_discovery:Found 2 installed packages in /home/ayadiab/chair_ws/install
[4.914s] DEBUG:colcon.colcon_installed_package_information.package_discovery:Found 381 installed packages in /opt/ros/humble
[4.920s] Level 1:colcon.colcon_core.package_discovery:discover_packages(prefix_path) using defaults
[5.078s] Level 5:colcon.colcon_core.verb:set package 'medical_wheelchair' build argument 'cmake_args' from command line to 'None'
[5.078s] Level 5:colcon.colcon_core.verb:set package 'medical_wheelchair' build argument 'cmake_target' from command line to 'None'
[5.079s] Level 5:colcon.colcon_core.verb:set package 'medical_wheelchair' build argument 'cmake_target_skip_unavailable' from command line to 'False'
[5.079s] Level 5:colcon.colcon_core.verb:set package 'medical_wheelchair' build argument 'cmake_clean_cache' from command line to 'False'
[5.079s] Level 5:colcon.colcon_core.verb:set package 'medical_wheelchair' build argument 'cmake_clean_first' from command line to 'False'
[5.079s] Level 5:colcon.colcon_core.verb:set package 'medical_wheelchair' build argument 'cmake_force_configure' from command line to 'False'
[5.079s] Level 5:colcon.colcon_core.verb:set package 'medical_wheelchair' build argument 'ament_cmake_args' from command line to 'None'
[5.079s] Level 5:colcon.colcon_core.verb:set package 'medical_wheelchair' build argument 'catkin_cmake_args' from command line to 'None'
[5.079s] Level 5:colcon.colcon_core.verb:set package 'medical_wheelchair' build argument 'catkin_skip_building_tests' from command line to 'False'
[5.079s] DEBUG:colcon.colcon_core.verb:Building package 'medical_wheelchair' with the following arguments: {'ament_cmake_args': None, 'build_base': '/home/ayadiab/chair_ws/src/medical_wheelchair/build/medical_wheelchair', 'catkin_cmake_args': None, 'catkin_skip_building_tests': False, 'cmake_args': None, 'cmake_clean_cache': False, 'cmake_clean_first': False, 'cmake_force_configure': False, 'cmake_target': None, 'cmake_target_skip_unavailable': False, 'install_base': '/home/ayadiab/chair_ws/src/medical_wheelchair/install/medical_wheelchair', 'merge_install': False, 'path': '/home/ayadiab/chair_ws/src/medical_wheelchair', 'symlink_install': True, 'test_result_base': None}
[5.079s] INFO:colcon.colcon_core.executor:Executing jobs using 'parallel' executor
[5.081s] DEBUG:colcon.colcon_parallel_executor.executor.parallel:run_until_complete
[5.081s] INFO:colcon.colcon_ros.task.ament_python.build:Building ROS package in '/home/ayadiab/chair_ws/src/medical_wheelchair' with build type 'ament_python'
[5.082s] Level 1:colcon.colcon_core.shell:create_environment_hook('medical_wheelchair', 'ament_prefix_path')
[5.085s] INFO:colcon.colcon_core.plugin_system:Skipping extension 'colcon_core.shell.bat': Not used on non-Windows systems
[5.085s] INFO:colcon.colcon_core.shell:Creating environment hook '/home/ayadiab/chair_ws/src/medical_wheelchair/install/medical_wheelchair/share/medical_wheelchair/hook/ament_prefix_path.ps1'
[5.086s] INFO:colcon.colcon_core.shell:Creating environment descriptor '/home/ayadiab/chair_ws/src/medical_wheelchair/install/medical_wheelchair/share/medical_wheelchair/hook/ament_prefix_path.dsv'
[5.087s] INFO:colcon.colcon_core.shell:Creating environment hook '/home/ayadiab/chair_ws/src/medical_wheelchair/install/medical_wheelchair/share/medical_wheelchair/hook/ament_prefix_path.sh'
[5.089s] INFO:colcon.colcon_core.shell:Skip shell extension 'powershell' for command environment: Not usable outside of PowerShell
[5.089s] DEBUG:colcon.colcon_core.shell:Skip shell extension 'dsv' for command environment
[5.625s] INFO:colcon.colcon_core.task.python.build:Building Python package in '/home/ayadiab/chair_ws/src/medical_wheelchair'
[5.626s] INFO:colcon.colcon_core.shell:Skip shell extension 'powershell' for command environment: Not usable outside of PowerShell
[5.626s] DEBUG:colcon.colcon_core.shell:Skip shell extension 'dsv' for command environment
[6.535s] DEBUG:colcon.colcon_core.event_handler.log_command:Invoking command in '/home/ayadiab/chair_ws/src/medical_wheelchair/build/medical_wheelchair': PYTHONPATH=/home/ayadiab/chair_ws/src/medical_wheelchair/build/medical_wheelchair/prefix_override:/usr/lib/python3/dist-packages/colcon_core/task/python/colcon_distutils_commands:/home/ayadiab/chair_ws/src/medical_wheelchair/install/medical_wheelchair/lib/python3.10/site-packages:${PYTHONPATH} /usr/bin/python3 -W ignore:setup.py install is deprecated -W ignore:easy_install command is deprecated setup.py develop --editable --build-directory /home/ayadiab/chair_ws/src/medical_wheelchair/build/medical_wheelchair/build --no-deps symlink_data
[7.276s] Level 1:colcon.colcon_core.shell:create_environment_hook('medical_wheelchair', 'pythonpath_develop')
[7.277s] INFO:colcon.colcon_core.shell:Creating environment hook '/home/ayadiab/chair_ws/src/medical_wheelchair/build/medical_wheelchair/share/medical_wheelchair/hook/pythonpath_develop.ps1'
[7.278s] DEBUG:colcon.colcon_core.event_handler.log_command:Invoked command in '/home/ayadiab/chair_ws/src/medical_wheelchair/build/medical_wheelchair' returned '0': PYTHONPATH=/home/ayadiab/chair_ws/src/medical_wheelchair/build/medical_wheelchair/prefix_override:/usr/lib/python3/dist-packages/colcon_core/task/python/colcon_distutils_commands:/home/ayadiab/chair_ws/src/medical_wheelchair/install/medical_wheelchair/lib/python3.10/site-packages:${PYTHONPATH} /usr/bin/python3 -W ignore:setup.py install is deprecated -W ignore:easy_install command is deprecated setup.py develop --editable --build-directory /home/ayadiab/chair_ws/src/medical_wheelchair/build/medical_wheelchair/build --no-deps symlink_data
[7.278s] INFO:colcon.colcon_core.shell:Creating environment descriptor '/home/ayadiab/chair_ws/src/medical_wheelchair/build/medical_wheelchair/share/medical_wheelchair/hook/pythonpath_develop.dsv'
[7.279s] INFO:colcon.colcon_core.shell:Creating environment hook '/home/ayadiab/chair_ws/src/medical_wheelchair/build/medical_wheelchair/share/medical_wheelchair/hook/pythonpath_develop.sh'
[7.283s] Level 1:colcon.colcon_core.environment:checking '/home/ayadiab/chair_ws/src/medical_wheelchair/install/medical_wheelchair' for CMake module files
[7.283s] Level 1:colcon.colcon_core.environment:checking '/home/ayadiab/chair_ws/src/medical_wheelchair/install/medical_wheelchair' for CMake config files
[7.284s] Level 1:colcon.colcon_core.environment:checking '/home/ayadiab/chair_ws/src/medical_wheelchair/install/medical_wheelchair/lib'
[7.284s] Level 1:colcon.colcon_core.environment:checking '/home/ayadiab/chair_ws/src/medical_wheelchair/install/medical_wheelchair/bin'
[7.284s] Level 1:colcon.colcon_core.environment:checking '/home/ayadiab/chair_ws/src/medical_wheelchair/install/medical_wheelchair/lib/pkgconfig/medical_wheelchair.pc'
[7.285s] Level 1:colcon.colcon_core.environment:checking '/home/ayadiab/chair_ws/src/medical_wheelchair/install/medical_wheelchair/lib/python3.10/site-packages'
[7.285s] Level 1:colcon.colcon_core.shell:create_environment_hook('medical_wheelchair', 'pythonpath')
[7.285s] INFO:colcon.colcon_core.shell:Creating environment hook '/home/ayadiab/chair_ws/src/medical_wheelchair/install/medical_wheelchair/share/medical_wheelchair/hook/pythonpath.ps1'
[7.286s] INFO:colcon.colcon_core.shell:Creating environment descriptor '/home/ayadiab/chair_ws/src/medical_wheelchair/install/medical_wheelchair/share/medical_wheelchair/hook/pythonpath.dsv'
[7.287s] INFO:colcon.colcon_core.shell:Creating environment hook '/home/ayadiab/chair_ws/src/medical_wheelchair/install/medical_wheelchair/share/medical_wheelchair/hook/pythonpath.sh'
[7.288s] Level 1:colcon.colcon_core.environment:checking '/home/ayadiab/chair_ws/src/medical_wheelchair/install/medical_wheelchair/bin'
[7.288s] Level 1:colcon.colcon_core.environment:create_environment_scripts_only(medical_wheelchair)
[7.288s] INFO:colcon.colcon_core.shell:Creating package script '/home/ayadiab/chair_ws/src/medical_wheelchair/install/medical_wheelchair/share/medical_wheelchair/package.ps1'
[7.289s] INFO:colcon.colcon_core.shell:Creating package descriptor '/home/ayadiab/chair_ws/src/medical_wheelchair/install/medical_wheelchair/share/medical_wheelchair/package.dsv'
[7.291s] INFO:colcon.colcon_core.shell:Creating package script '/home/ayadiab/chair_ws/src/medical_wheelchair/install/medical_wheelchair/share/medical_wheelchair/package.sh'
[7.292s] INFO:colcon.colcon_core.shell:Creating package script '/home/ayadiab/chair_ws/src/medical_wheelchair/install/medical_wheelchair/share/medical_wheelchair/package.bash'
[7.293s] INFO:colcon.colcon_core.shell:Creating package script '/home/ayadiab/chair_ws/src/medical_wheelchair/install/medical_wheelchair/share/medical_wheelchair/package.zsh'
[7.295s] Level 1:colcon.colcon_core.environment:create_file_with_runtime_dependencies(/home/ayadiab/chair_ws/src/medical_wheelchair/install/medical_wheelchair/share/colcon-core/packages/medical_wheelchair)
[7.295s] DEBUG:colcon.colcon_parallel_executor.executor.parallel:closing loop
[7.295s] DEBUG:colcon.colcon_parallel_executor.executor.parallel:loop closed
[7.295s] DEBUG:colcon.colcon_parallel_executor.executor.parallel:run_until_complete finished with '0'
[7.295s] DEBUG:colcon.colcon_core.event_reactor:joining thread
[7.303s] INFO:colcon.colcon_core.plugin_system:Skipping extension 'colcon_notification.desktop_notification.terminal_notifier': Not used on non-Darwin systems
[7.303s] INFO:colcon.colcon_core.plugin_system:Skipping extension 'colcon_notification.desktop_notification.win32': Not used on non-Windows systems
[7.304s] INFO:colcon.colcon_notification.desktop_notification:Sending desktop notification using 'notify2'
[7.325s] DEBUG:colcon.colcon_core.event_reactor:joined thread
[7.326s] INFO:colcon.colcon_core.shell:Creating prefix script '/home/ayadiab/chair_ws/src/medical_wheelchair/install/local_setup.ps1'
[7.328s] INFO:colcon.colcon_core.shell:Creating prefix util module '/home/ayadiab/chair_ws/src/medical_wheelchair/install/_local_setup_util_ps1.py'
[7.330s] INFO:colcon.colcon_core.shell:Creating prefix chain script '/home/ayadiab/chair_ws/src/medical_wheelchair/install/setup.ps1'
[7.332s] INFO:colcon.colcon_core.shell:Creating prefix script '/home/ayadiab/chair_ws/src/medical_wheelchair/install/local_setup.sh'
[7.333s] INFO:colcon.colcon_core.shell:Creating prefix util module '/home/ayadiab/chair_ws/src/medical_wheelchair/install/_local_setup_util_sh.py'
[7.334s] INFO:colcon.colcon_core.shell:Creating prefix chain script '/home/ayadiab/chair_ws/src/medical_wheelchair/install/setup.sh'
[7.337s] INFO:colcon.colcon_core.shell:Creating prefix script '/home/ayadiab/chair_ws/src/medical_wheelchair/install/local_setup.bash'
[7.337s] INFO:colcon.colcon_core.shell:Creating prefix chain script '/home/ayadiab/chair_ws/src/medical_wheelchair/install/setup.bash'
[7.339s] INFO:colcon.colcon_core.shell:Creating prefix script '/home/ayadiab/chair_ws/src/medical_wheelchair/install/local_setup.zsh'
[7.340s] INFO:colcon.colcon_core.shell:Creating prefix chain script '/home/ayadiab/chair_ws/src/medical_wheelchair/install/setup.zsh'
