[0.000000] (-) TimerEvent: {}
[0.000182] (medical_wheelchair) JobQueued: {'identifier': 'medical_wheelchair', 'dependencies': OrderedDict()}
[0.001111] (medical_wheelchair) JobStarted: {'identifier': 'medical_wheelchair'}
[0.099620] (-) TimerEvent: {}
[0.201597] (-) TimerEvent: {}
[0.302618] (-) TimerEvent: {}
[0.405934] (-) TimerEvent: {}
[0.506967] (-) TimerEvent: {}
[0.609015] (-) TimerEvent: {}
[0.709280] (-) TimerEvent: {}
[0.809505] (-) TimerEvent: {}
[0.909761] (-) TimerEvent: {}
[1.010193] (-) TimerEvent: {}
[1.110421] (-) TimerEvent: {}
[1.210645] (-) TimerEvent: {}
[1.310864] (-) TimerEvent: {}
[1.411117] (-) TimerEvent: {}
[1.513020] (-) TimerEvent: {}
[1.613262] (-) TimerEvent: {}
[1.713489] (-) TimerEvent: {}
[1.813746] (-) TimerEvent: {}
[1.914005] (-) TimerEvent: {}
[2.014303] (-) TimerEvent: {}
[2.114541] (-) TimerEvent: {}
[2.214769] (-) TimerEvent: {}
[2.315001] (-) TimerEvent: {}
[2.415314] (-) TimerEvent: {}
[2.516687] (-) TimerEvent: {}
[2.616974] (-) TimerEvent: {}
[2.717262] (-) TimerEvent: {}
[2.817529] (-) TimerEvent: {}
[2.918082] (-) TimerEvent: {}
[3.018356] (-) TimerEvent: {}
[3.118634] (-) TimerEvent: {}
[3.218868] (-) TimerEvent: {}
[3.319112] (-) TimerEvent: {}
[3.358427] (medical_wheelchair) Command: {'cmd': ['/usr/bin/python3', '-W', 'ignore:setup.py install is deprecated', '-W', 'ignore:easy_install command is deprecated', 'setup.py', 'develop', '--editable', '--build-directory', '/home/ayadiab/chair_ws/src/medical_wheelchair/build/medical_wheelchair/build', '--no-deps', 'symlink_data'], 'cwd': '/home/ayadiab/chair_ws/src/medical_wheelchair/build/medical_wheelchair', 'env': {'GJS_DEBUG_TOPICS': 'JS ERROR;JS LOG', 'VSCODE_CWD': '/home/ayadiab', 'VSCODE_ESM_ENTRYPOINT': 'vs/workbench/api/node/extensionHostProcess', 'USER': 'ayadiab', 'LC_TIME': 'ar_EG.UTF-8', 'VSCODE_NLS_CONFIG': '{"userLocale":"en-us","osLocale":"en-us","resolvedLanguage":"en","defaultMessagesFile":"/usr/share/antigravity/resources/app/out/nls.messages.json","locale":"en-us","availableLanguages":{}}', 'VSCODE_HANDLES_UNCAUGHT_ERRORS': 'true', 'XDG_SESSION_TYPE': 'wayland', 'SHLVL': '0', 'HOME': '/home/ayadiab', 'CHROME_DESKTOP': 'antigravity.desktop', 'DESKTOP_SESSION': 'ubuntu', 'NO_PROXY': '*.azureedge.net', 'VSCODE_IPC_HOOK': '/run/user/1000/vscode-935cf70e-1.10-main.sock', 'GIO_LAUNCHED_DESKTOP_FILE': '/usr/share/applications/antigravity.desktop', 'GNOME_SHELL_SESSION_MODE': 'ubuntu', 'GTK_MODULES': 'gail:atk-bridge', 'LC_MONETARY': 'ar_EG.UTF-8', 'MANAGERPID': '1415', 'SYSTEMD_EXEC_PID': '1582', 'DBUS_SESSION_BUS_ADDRESS': 'unix:path=/run/user/1000/bus', 'GIO_LAUNCHED_DESKTOP_FILE_PID': '2271', 'VSCODE_CRASH_REPORTER_PROCESS_TYPE': 'extensionHost', 'IM_CONFIG_PHASE': '1', 'WAYLAND_DISPLAY': 'wayland-0', 'LOGNAME': 'ayadiab', '_': '/usr/bin/colcon', 'JOURNAL_STREAM': '8:13175', 'XDG_SESSION_CLASS': 'user', 'USERNAME': 'ayadiab', 'GNOME_DESKTOP_SESSION_ID': 'this-is-deprecated', 'FC_FONTATIONS': '1', 'ANTIGRAVITY_EDITOR_APP_ROOT': '/usr/share/antigravity/resources/app', 'PATH': '/usr/local/sbin:/usr/local/bin:/usr/sbin:/usr/bin:/sbin:/bin:/usr/games:/usr/local/games:/snap/bin:/snap/bin', 'SESSION_MANAGER': 'local/aya-diab:@/tmp/.ICE-unix/1564,unix/aya-diab:/tmp/.ICE-unix/1564', 'INVOCATION_ID': '5bd2329c5a11454aacf9dfcf7758a8f9', 'XDG_MENU_PREFIX': 'gnome-', 'LC_ADDRESS': 'ar_EG.UTF-8', 'GNOME_SETUP_DISPLAY': ':1', 'XDG_RUNTIME_DIR': '/run/user/1000', 'GDK_BACKEND': 'wayland', 'DISPLAY': ':0', 'LANG': 'en_US.UTF-8', 'XDG_CURRENT_DESKTOP': 'ubuntu:GNOME', 'LC_TELEPHONE': 'ar_EG.UTF-8', 'XMODIFIERS': '@im=ibus', 'XDG_SESSION_DESKTOP': 'ubuntu', 'XAUTHORITY': '/run/user/1000/.mutter-Xwaylandauth.VSMJM3', 'SSH_AGENT_LAUNCHER': 'gnome-keyring', 'SSH_AUTH_SOCK': '/run/user/1000/keyring/ssh', 'SHELL': '/bin/bash', 'LC_NAME': 'ar_EG.UTF-8', 'QT_ACCESSIBILITY': '1', 'ELECTRON_RUN_AS_NODE': '1', 'GDMSESSION': 'ubuntu', 'LC_MEASUREMENT': 'ar_EG.UTF-8', 'GJS_DEBUG_OUTPUT': 'stderr', 'LC_IDENTIFICATION': 'ar_EG.UTF-8', 'QT_IM_MODULE': 'ibus', 'PWD': '/home/ayadiab/chair_ws/src/medical_wheelchair/build/medical_wheelchair', 'LC_ALL': 'en_US.UTF-8', 'XDG_CONFIG_DIRS': '/etc/xdg/xdg-ubuntu:/etc/xdg', 'VSCODE_CODE_CACHE_PATH': '/home/ayadiab/.config/Antigravity/CachedData/d2597a5c475647ed306b22de1e39853c7812d07d', 'XDG_DATA_DIRS': '/usr/share/ubuntu:/usr/local/share/:/usr/share/:/var/lib/snapd/desktop', 'LC_NUMERIC': 'ar_EG.UTF-8', 'LC_PAPER': 'ar_EG.UTF-8', 'COLCON': '1', 'VSCODE_PID': '2271', 'PYTHONPATH': '/home/ayadiab/chair_ws/src/medical_wheelchair/build/medical_wheelchair/prefix_override:/usr/lib/python3/dist-packages/colcon_core/task/python/colcon_distutils_commands:/home/ayadiab/chair_ws/src/medical_wheelchair/install/medical_wheelchair/lib/python3.10/site-packages:'}, 'shell': False}
[3.420174] (-) TimerEvent: {}
[3.520436] (-) TimerEvent: {}
[3.620759] (-) TimerEvent: {}
[3.721010] (-) TimerEvent: {}
[3.821266] (-) TimerEvent: {}
[3.860020] (medical_wheelchair) StdoutLine: {'line': b'running develop\n'}
[3.921376] (-) TimerEvent: {}
[4.022565] (-) TimerEvent: {}
[4.044820] (medical_wheelchair) StdoutLine: {'line': b'running egg_info\n'}
[4.045456] (medical_wheelchair) StdoutLine: {'line': b'writing medical_wheelchair.egg-info/PKG-INFO\n'}
[4.045807] (medical_wheelchair) StdoutLine: {'line': b'writing dependency_links to medical_wheelchair.egg-info/dependency_links.txt\n'}
[4.047008] (medical_wheelchair) StdoutLine: {'line': b'writing entry points to medical_wheelchair.egg-info/entry_points.txt\n'}
[4.047234] (medical_wheelchair) StdoutLine: {'line': b'writing requirements to medical_wheelchair.egg-info/requires.txt\n'}
[4.047387] (medical_wheelchair) StdoutLine: {'line': b'writing top-level names to medical_wheelchair.egg-info/top_level.txt\n'}
[4.049718] (medical_wheelchair) StdoutLine: {'line': b"reading manifest file 'medical_wheelchair.egg-info/SOURCES.txt'\n"}
[4.052916] (medical_wheelchair) StdoutLine: {'line': b"writing manifest file 'medical_wheelchair.egg-info/SOURCES.txt'\n"}
[4.055091] (medical_wheelchair) StdoutLine: {'line': b'running build_ext\n'}
[4.055959] (medical_wheelchair) StdoutLine: {'line': b'Creating /home/ayadiab/chair_ws/src/medical_wheelchair/install/medical_wheelchair/lib/python3.10/site-packages/medical-wheelchair.egg-link (link to .)\n'}
[4.058182] (medical_wheelchair) StdoutLine: {'line': b'\n'}
[4.058429] (medical_wheelchair) StdoutLine: {'line': b'Installed /home/ayadiab/chair_ws/src/medical_wheelchair/build/medical_wheelchair\n'}
[4.058934] (medical_wheelchair) StdoutLine: {'line': b'running symlink_data\n'}
[4.122661] (-) TimerEvent: {}
[4.204214] (medical_wheelchair) CommandEnded: {'returncode': 0}
[4.222796] (-) TimerEvent: {}
[4.323027] (-) TimerEvent: {}
[4.343902] (medical_wheelchair) JobEnded: {'identifier': 'medical_wheelchair', 'rc': 0}
[4.346055] (-) EventReactorShutdown: {}
