[0.000000] (-) TimerEvent: {}
[0.000367] (medical_wheelchair) JobQueued: {'identifier': 'medical_wheelchair', 'dependencies': OrderedDict()}
[0.001160] (medical_wheelchair) JobStarted: {'identifier': 'medical_wheelchair'}
[0.099331] (-) TimerEvent: {}
[0.199576] (-) TimerEvent: {}
[0.299805] (-) TimerEvent: {}
[0.400062] (-) TimerEvent: {}
[0.500288] (-) TimerEvent: {}
[0.600566] (-) TimerEvent: {}
[0.700764] (-) TimerEvent: {}
[0.800966] (-) TimerEvent: {}
[0.901160] (-) TimerEvent: {}
[1.001368] (-) TimerEvent: {}
[1.101633] (-) TimerEvent: {}
[1.201924] (-) TimerEvent: {}
[1.302207] (-) TimerEvent: {}
[1.402507] (-) TimerEvent: {}
[1.502775] (-) TimerEvent: {}
[1.603041] (-) TimerEvent: {}
[1.703338] (-) TimerEvent: {}
[1.803593] (-) TimerEvent: {}
[1.903855] (-) TimerEvent: {}
[2.004119] (-) TimerEvent: {}
[2.104385] (-) TimerEvent: {}
[2.204611] (-) TimerEvent: {}
[2.304829] (-) TimerEvent: {}
[2.405090] (-) TimerEvent: {}
[2.505358] (-) TimerEvent: {}
[2.605619] (-) TimerEvent: {}
[2.705875] (-) TimerEvent: {}
[2.806176] (-) TimerEvent: {}
[2.906464] (-) TimerEvent: {}
[3.006715] (-) TimerEvent: {}
[3.103958] (medical_wheelchair) Command: {'cmd': ['/usr/bin/python3', '-W', 'ignore:setup.py install is deprecated', '-W', 'ignore:easy_install command is deprecated', 'setup.py', 'develop', '--editable', '--build-directory', '/home/ayadiab/chair_ws/src/medical_wheelchair/build/medical_wheelchair/build', '--no-deps', 'symlink_data'], 'cwd': '/home/ayadiab/chair_ws/src/medical_wheelchair/build/medical_wheelchair', 'env': {'GJS_DEBUG_TOPICS': 'JS ERROR;JS LOG', 'VSCODE_CWD': '/home/ayadiab', 'VSCODE_ESM_ENTRYPOINT': 'vs/workbench/api/node/extensionHostProcess', 'USER': 'ayadiab', 'LC_TIME': 'ar_EG.UTF-8', 'VSCODE_NLS_CONFIG': '{"userLocale":"en-us","osLocale":"en-us","resolvedLanguage":"en","defaultMessagesFile":"/usr/share/antigravity/resources/app/out/nls.messages.json","locale":"en-us","availableLanguages":{}}', 'VSCODE_HANDLES_UNCAUGHT_ERRORS': 'true', 'XDG_SESSION_TYPE': 'wayland', 'SHLVL': '0', 'HOME': '/home/ayadiab', 'CHROME_DESKTOP': 'antigravity.desktop', 'DESKTOP_SESSION': 'ubuntu', 'NO_PROXY': '*.azureedge.net', 'VSCODE_IPC_HOOK': '/run/user/1000/vscode-935cf70e-1.10-main.sock', 'GIO_LAUNCHED_DESKTOP_FILE': '/usr/share/applications/antigravity.desktop', 'GNOME_SHELL_SESSION_MODE': 'ubuntu', 'GTK_MODULES': 'gail:atk-bridge', 'LC_MONETARY': 'ar_EG.UTF-8', 'MANAGERPID': '1425', 'SYSTEMD_EXEC_PID': '1598', 'DBUS_SESSION_BUS_ADDRESS': 'unix:path=/run/user/1000/bus', 'GIO_LAUNCHED_DESKTOP_FILE_PID': '2798', 'VSCODE_CRASH_REPORTER_PROCESS_TYPE': 'extensionHost', 'IM_CONFIG_PHASE': '1', 'WAYLAND_DISPLAY': 'wayland-0', 'LOGNAME': 'ayadiab', '_': '/usr/bin/colcon', 'JOURNAL_STREAM': '8:14546', 'XDG_SESSION_CLASS': 'user', 'USERNAME': 'ayadiab', 'GNOME_DESKTOP_SESSION_ID': 'this-is-deprecated', 'FC_FONTATIONS': '1', 'ANTIGRAVITY_EDITOR_APP_ROOT': '/usr/share/antigravity/resources/app', 'PATH': '/usr/local/sbin:/usr/local/bin:/usr/sbin:/usr/bin:/sbin:/bin:/usr/games:/usr/local/games:/snap/bin:/snap/bin', 'SESSION_MANAGER': 'local/aya-diab:@/tmp/.ICE-unix/1569,unix/aya-diab:/tmp/.ICE-unix/1569', 'INVOCATION_ID': 'c6ebd0e9baf141f189be085158495471', 'XDG_MENU_PREFIX': 'gnome-', 'LC_ADDRESS': 'ar_EG.UTF-8', 'GNOME_SETUP_DISPLAY': ':1', 'XDG_RUNTIME_DIR': '/run/user/1000', 'GDK_BACKEND': 'wayland', 'DISPLAY': ':0', 'LANG': 'en_US.UTF-8', 'XDG_CURRENT_DESKTOP': 'ubuntu:GNOME', 'LC_TELEPHONE': 'ar_EG.UTF-8', 'XMODIFIERS': '@im=ibus', 'XDG_SESSION_DESKTOP': 'ubuntu', 'XAUTHORITY': '/run/user/1000/.mutter-Xwaylandauth.CUMXL3', 'SSH_AGENT_LAUNCHER': 'gnome-keyring', 'SSH_AUTH_SOCK': '/run/user/1000/keyring/ssh', 'SHELL': '/bin/bash', 'LC_NAME': 'ar_EG.UTF-8', 'QT_ACCESSIBILITY': '1', 'ELECTRON_RUN_AS_NODE': '1', 'GDMSESSION': 'ubuntu', 'LC_MEASUREMENT': 'ar_EG.UTF-8', 'GJS_DEBUG_OUTPUT': 'stderr', 'LC_IDENTIFICATION': 'ar_EG.UTF-8', 'QT_IM_MODULE': 'ibus', 'PWD': '/home/ayadiab/chair_ws/src/medical_wheelchair/build/medical_wheelchair', 'LC_ALL': 'en_US.UTF-8', 'XDG_CONFIG_DIRS': '/etc/xdg/xdg-ubuntu:/etc/xdg', 'VSCODE_CODE_CACHE_PATH': '/home/ayadiab/.config/Antigravity/CachedData/d2597a5c475647ed306b22de1e39853c7812d07d', 'XDG_DATA_DIRS': '/usr/share/ubuntu:/usr/local/share/:/usr/share/:/var/lib/snapd/desktop', 'LC_NUMERIC': 'ar_EG.UTF-8', 'LC_PAPER': 'ar_EG.UTF-8', 'COLCON': '1', 'VSCODE_PID': '2798', 'PYTHONPATH': '/home/ayadiab/chair_ws/src/medical_wheelchair/build/medical_wheelchair/prefix_override:/usr/lib/python3/dist-packages/colcon_core/task/python/colcon_distutils_commands:/home/ayadiab/chair_ws/src/medical_wheelchair/install/medical_wheelchair/lib/python3.10/site-packages:'}, 'shell': False}
[3.107037] (-) TimerEvent: {}
[3.207209] (-) TimerEvent: {}
[3.307462] (-) TimerEvent: {}
[3.402689] (medical_wheelchair) StdoutLine: {'line': b'running develop\n'}
[3.407597] (-) TimerEvent: {}
[3.507831] (-) TimerEvent: {}
[3.528075] (medical_wheelchair) StdoutLine: {'line': b'running egg_info\n'}
[3.528301] (medical_wheelchair) StdoutLine: {'line': b'creating medical_wheelchair.egg-info\n'}
[3.528435] (medical_wheelchair) StdoutLine: {'line': b'writing medical_wheelchair.egg-info/PKG-INFO\n'}
[3.528783] (medical_wheelchair) StdoutLine: {'line': b'writing dependency_links to medical_wheelchair.egg-info/dependency_links.txt\n'}
[3.528899] (medical_wheelchair) StdoutLine: {'line': b'writing entry points to medical_wheelchair.egg-info/entry_points.txt\n'}
[3.529014] (medical_wheelchair) StdoutLine: {'line': b'writing requirements to medical_wheelchair.egg-info/requires.txt\n'}
[3.529124] (medical_wheelchair) StdoutLine: {'line': b'writing top-level names to medical_wheelchair.egg-info/top_level.txt\n'}
[3.529394] (medical_wheelchair) StdoutLine: {'line': b"writing manifest file 'medical_wheelchair.egg-info/SOURCES.txt'\n"}
[3.531440] (medical_wheelchair) StdoutLine: {'line': b"reading manifest file 'medical_wheelchair.egg-info/SOURCES.txt'\n"}
[3.532242] (medical_wheelchair) StdoutLine: {'line': b"writing manifest file 'medical_wheelchair.egg-info/SOURCES.txt'\n"}
[3.533786] (medical_wheelchair) StdoutLine: {'line': b'running build_ext\n'}
[3.534095] (medical_wheelchair) StdoutLine: {'line': b'Creating /home/ayadiab/chair_ws/src/medical_wheelchair/install/medical_wheelchair/lib/python3.10/site-packages/medical-wheelchair.egg-link (link to .)\n'}
[3.535188] (medical_wheelchair) StdoutLine: {'line': b'\n'}
[3.536663] (medical_wheelchair) StdoutLine: {'line': b'Installed /home/ayadiab/chair_ws/src/medical_wheelchair/build/medical_wheelchair\n'}
[3.536823] (medical_wheelchair) StdoutLine: {'line': b'running symlink_data\n'}
[3.536946] (medical_wheelchair) StdoutLine: {'line': b'creating /home/ayadiab/chair_ws/src/medical_wheelchair/install/medical_wheelchair/share/medical_wheelchair/launch\n'}
[3.537071] (medical_wheelchair) StdoutLine: {'line': b'symbolically linking /home/ayadiab/chair_ws/src/medical_wheelchair/build/medical_wheelchair/launch/spawn_wheelchair.launch.py -> /home/ayadiab/chair_ws/src/medical_wheelchair/install/medical_wheelchair/share/medical_wheelchair/launch\n'}
[3.578021] (medical_wheelchair) CommandEnded: {'returncode': 0}
[3.607948] (-) TimerEvent: {}
[3.708214] (-) TimerEvent: {}
[3.808524] (-) TimerEvent: {}
[3.856775] (medical_wheelchair) JobEnded: {'identifier': 'medical_wheelchair', 'rc': 0}
[3.859028] (-) EventReactorShutdown: {}
