[1.288s] DEBUG:colcon:Command line arguments: ['/usr/bin/colcon', 'build', '--packages-select', 'medical_wheelchair', '--symlink-install']
[1.288s] DEBUG:colcon:Parsed command line arguments: Namespace(log_base=None, log_level=None, verb_name='build', build_base='build', install_base='install', merge_install=False, symlink_install=True, test_result_base=None, continue_on_error=False, executor='parallel', parallel_workers=4, event_handlers=None, ignore_user_meta=False, metas=['./colcon.meta'], base_paths=['.'], packages_ignore=None, packages_ignore_regex=None, paths=None, packages_up_to=None, packages_up_to_regex=None, packages_above=None, packages_above_and_dependencies=None, packages_above_depth=None, packages_select_by_dep=None, packages_skip_by_dep=None, packages_skip_up_to=None, packages_select_build_failed=False, packages_skip_build_finished=False, packages_select_test_failures=False, packages_skip_test_passed=False, packages_select=['medical_wheelchair'], packages_skip=None, packages_select_regex=None, packages_skip_regex=None, packages_start=None, packages_end=None, allow_overriding=[], cmake_args=None, cmake_target=None, cmake_target_skip_unavailable=False, cmake_clean_cache=False, cmake_clean_first=False, cmake_force_configure=False, ament_cmake_args=None, catkin_cmake_args=None, catkin_skip_building_tests=False, mixin_files=None, mixin=None, verb_parser=<colcon_mixin.mixin.mixin_argument.MixinArgumentDecorator object at 0x7db31253cf10>, verb_extension=<colcon_core.verb.build.BuildVerb object at 0x7db312649d80>, main=<bound method BuildVerb.main of <colcon_core.verb.build.BuildVerb object at 0x7db312649d80>>, mixin_verb=('build',))
[6.602s] Level 1:colcon.colcon_core.package_discovery:discover_packages(colcon_meta) check parameters
[6.603s] Level 1:colcon.colcon_core.package_discovery:discover_packages(recursive) check parameters
[6.603s] Level 1:colcon.colcon_core.package_discovery:discover_packages(ignore) check parameters
[6.603s] Level 1:colcon.colcon_core.package_discovery:discover_packages(path) check parameters
[6.603s] Level 1:colcon.colcon_core.package_discovery:discover_packages(colcon_meta) discover
[6.603s] Level 1:colcon.colcon_core.package_discovery:discover_packages(recursive) discover
[6.604s] INFO:colcon.colcon_core.package_discovery:Crawling recursively for packages in '/home/ayadiab/chair_ws/src/medical_wheelchair'
[6.604s] Level 1:colcon.colcon_core.package_identification:_identify(.) by extensions ['ignore', 'ignore_ament_install']
[6.604s] Level 1:colcon.colcon_core.package_identification:_identify(.) by extension 'ignore'
[6.604s] Level 1:colcon.colcon_core.package_identification:_identify(.) by extension 'ignore_ament_install'
[6.605s] Level 1:colcon.colcon_core.package_identification:_identify(.) by extensions ['colcon_pkg']
[6.605s] Level 1:colcon.colcon_core.package_identification:_identify(.) by extension 'colcon_pkg'
[6.605s] Level 1:colcon.colcon_core.package_identification:_identify(.) by extensions ['colcon_meta']
[6.605s] Level 1:colcon.colcon_core.package_identification:_identify(.) by extension 'colcon_meta'
[6.605s] Level 1:colcon.colcon_core.package_identification:_identify(.) by extensions ['ros']
[6.605s] Level 1:colcon.colcon_core.package_identification:_identify(.) by extension 'ros'
[6.642s] DEBUG:colcon.colcon_core.package_identification:Package '.' with type 'ros.ament_python' and name 'medical_wheelchair'
[6.642s] Level 1:colcon.colcon_core.package_discovery:discover_packages(recursive) using defaults
[6.642s] Level 1:colcon.colcon_core.package_discovery:discover_packages(ignore) discover
[6.642s] Level 1:colcon.colcon_core.package_discovery:discover_packages(ignore) using defaults
[6.642s] Level 1:colcon.colcon_core.package_discovery:discover_packages(path) discover
[6.642s] Level 1:colcon.colcon_core.package_discovery:discover_packages(path) using defaults
[7.160s] Level 1:colcon.colcon_core.package_discovery:discover_packages(prefix_path) check parameters
[7.161s] Level 1:colcon.colcon_core.package_discovery:discover_packages(prefix_path) discover
[7.176s] Level 1:colcon.colcon_core.package_discovery:discover_packages(prefix_path) using defaults
[7.182s] Level 5:colcon.colcon_core.verb:set package 'medical_wheelchair' build argument 'cmake_args' from command line to 'None'
[7.182s] Level 5:colcon.colcon_core.verb:set package 'medical_wheelchair' build argument 'cmake_target' from command line to 'None'
[7.182s] Level 5:colcon.colcon_core.verb:set package 'medical_wheelchair' build argument 'cmake_target_skip_unavailable' from command line to 'False'
[7.182s] Level 5:colcon.colcon_core.verb:set package 'medical_wheelchair' build argument 'cmake_clean_cache' from command line to 'False'
[7.182s] Level 5:colcon.colcon_core.verb:set package 'medical_wheelchair' build argument 'cmake_clean_first' from command line to 'False'
[7.182s] Level 5:colcon.colcon_core.verb:set package 'medical_wheelchair' build argument 'cmake_force_configure' from command line to 'False'
[7.182s] Level 5:colcon.colcon_core.verb:set package 'medical_wheelchair' build argument 'ament_cmake_args' from command line to 'None'
[7.182s] Level 5:colcon.colcon_core.verb:set package 'medical_wheelchair' build argument 'catkin_cmake_args' from command line to 'None'
[7.182s] Level 5:colcon.colcon_core.verb:set package 'medical_wheelchair' build argument 'catkin_skip_building_tests' from command line to 'False'
[7.183s] DEBUG:colcon.colcon_core.verb:Building package 'medical_wheelchair' with the following arguments: {'ament_cmake_args': None, 'build_base': '/home/ayadiab/chair_ws/src/medical_wheelchair/build/medical_wheelchair', 'catkin_cmake_args': None, 'catkin_skip_building_tests': False, 'cmake_args': None, 'cmake_clean_cache': False, 'cmake_clean_first': False, 'cmake_force_configure': False, 'cmake_target': None, 'cmake_target_skip_unavailable': False, 'install_base': '/home/ayadiab/chair_ws/src/medical_wheelchair/install/medical_wheelchair', 'merge_install': False, 'path': '/home/ayadiab/chair_ws/src/medical_wheelchair', 'symlink_install': True, 'test_result_base': None}
[7.183s] INFO:colcon.colcon_core.executor:Executing jobs using 'parallel' executor
[7.185s] DEBUG:colcon.colcon_parallel_executor.executor.parallel:run_until_complete
[7.186s] INFO:colcon.colcon_ros.task.ament_python.build:Building ROS package in '/home/ayadiab/chair_ws/src/medical_wheelchair' with build type 'ament_python'
[7.187s] Level 1:colcon.colcon_core.shell:create_environment_hook('medical_wheelchair', 'ament_prefix_path')
[7.210s] INFO:colcon.colcon_core.plugin_system:Skipping extension 'colcon_core.shell.bat': Not used on non-Windows systems
[7.211s] INFO:colcon.colcon_core.shell:Creating environment hook '/home/ayadiab/chair_ws/src/medical_wheelchair/install/medical_wheelchair/share/medical_wheelchair/hook/ament_prefix_path.ps1'
[7.248s] INFO:colcon.colcon_core.shell:Creating environment descriptor '/home/ayadiab/chair_ws/src/medical_wheelchair/install/medical_wheelchair/share/medical_wheelchair/hook/ament_prefix_path.dsv'
[7.270s] INFO:colcon.colcon_core.shell:Creating environment hook '/home/ayadiab/chair_ws/src/medical_wheelchair/install/medical_wheelchair/share/medical_wheelchair/hook/ament_prefix_path.sh'
[7.272s] INFO:colcon.colcon_core.shell:Skip shell extension 'powershell' for command environment: Not usable outside of PowerShell
[7.272s] DEBUG:colcon.colcon_core.shell:Skip shell extension 'dsv' for command environment
[7.665s] INFO:colcon.colcon_core.task.python.build:Building Python package in '/home/ayadiab/chair_ws/src/medical_wheelchair'
[7.666s] INFO:colcon.colcon_core.shell:Skip shell extension 'powershell' for command environment: Not usable outside of PowerShell
[7.666s] DEBUG:colcon.colcon_core.shell:Skip shell extension 'dsv' for command environment
[12.418s] DEBUG:colcon.colcon_core.event_handler.log_command:Invoking command in '/home/ayadiab/chair_ws/src/medical_wheelchair/build/medical_wheelchair': PYTHONPATH=/home/ayadiab/chair_ws/src/medical_wheelchair/build/medical_wheelchair/prefix_override:/usr/lib/python3/dist-packages/colcon_core/task/python/colcon_distutils_commands:/home/ayadiab/chair_ws/src/medical_wheelchair/install/medical_wheelchair/lib/python3.10/site-packages: /usr/bin/python3 -W ignore:setup.py install is deprecated -W ignore:easy_install command is deprecated setup.py develop --editable --build-directory /home/ayadiab/chair_ws/src/medical_wheelchair/build/medical_wheelchair/build --no-deps symlink_data
[12.913s] Level 1:colcon.colcon_core.shell:create_environment_hook('medical_wheelchair', 'pythonpath_develop')
[12.914s] INFO:colcon.colcon_core.shell:Creating environment hook '/home/ayadiab/chair_ws/src/medical_wheelchair/build/medical_wheelchair/share/medical_wheelchair/hook/pythonpath_develop.ps1'
[12.914s] DEBUG:colcon.colcon_core.event_handler.log_command:Invoked command in '/home/ayadiab/chair_ws/src/medical_wheelchair/build/medical_wheelchair' returned '0': PYTHONPATH=/home/ayadiab/chair_ws/src/medical_wheelchair/build/medical_wheelchair/prefix_override:/usr/lib/python3/dist-packages/colcon_core/task/python/colcon_distutils_commands:/home/ayadiab/chair_ws/src/medical_wheelchair/install/medical_wheelchair/lib/python3.10/site-packages: /usr/bin/python3 -W ignore:setup.py install is deprecated -W ignore:easy_install command is deprecated setup.py develop --editable --build-directory /home/ayadiab/chair_ws/src/medical_wheelchair/build/medical_wheelchair/build --no-deps symlink_data
[12.916s] INFO:colcon.colcon_core.shell:Creating environment descriptor '/home/ayadiab/chair_ws/src/medical_wheelchair/build/medical_wheelchair/share/medical_wheelchair/hook/pythonpath_develop.dsv'
[12.917s] INFO:colcon.colcon_core.shell:Creating environment hook '/home/ayadiab/chair_ws/src/medical_wheelchair/build/medical_wheelchair/share/medical_wheelchair/hook/pythonpath_develop.sh'
[13.025s] Level 1:colcon.colcon_core.environment:checking '/home/ayadiab/chair_ws/src/medical_wheelchair/install/medical_wheelchair' for CMake module files
[13.027s] Level 1:colcon.colcon_core.environment:checking '/home/ayadiab/chair_ws/src/medical_wheelchair/install/medical_wheelchair' for CMake config files
[13.030s] Level 1:colcon.colcon_core.environment:checking '/home/ayadiab/chair_ws/src/medical_wheelchair/install/medical_wheelchair/lib'
[13.030s] Level 1:colcon.colcon_core.environment:checking '/home/ayadiab/chair_ws/src/medical_wheelchair/install/medical_wheelchair/bin'
[13.030s] Level 1:colcon.colcon_core.environment:checking '/home/ayadiab/chair_ws/src/medical_wheelchair/install/medical_wheelchair/lib/pkgconfig/medical_wheelchair.pc'
[13.031s] Level 1:colcon.colcon_core.environment:checking '/home/ayadiab/chair_ws/src/medical_wheelchair/install/medical_wheelchair/lib/python3.10/site-packages'
[13.031s] Level 1:colcon.colcon_core.shell:create_environment_hook('medical_wheelchair', 'pythonpath')
[13.032s] INFO:colcon.colcon_core.shell:Creating environment hook '/home/ayadiab/chair_ws/src/medical_wheelchair/install/medical_wheelchair/share/medical_wheelchair/hook/pythonpath.ps1'
[13.034s] INFO:colcon.colcon_core.shell:Creating environment descriptor '/home/ayadiab/chair_ws/src/medical_wheelchair/install/medical_wheelchair/share/medical_wheelchair/hook/pythonpath.dsv'
[13.035s] INFO:colcon.colcon_core.shell:Creating environment hook '/home/ayadiab/chair_ws/src/medical_wheelchair/install/medical_wheelchair/share/medical_wheelchair/hook/pythonpath.sh'
[13.037s] Level 1:colcon.colcon_core.environment:checking '/home/ayadiab/chair_ws/src/medical_wheelchair/install/medical_wheelchair/bin'
[13.037s] Level 1:colcon.colcon_core.environment:create_environment_scripts_only(medical_wheelchair)
[13.039s] INFO:colcon.colcon_core.shell:Creating package script '/home/ayadiab/chair_ws/src/medical_wheelchair/install/medical_wheelchair/share/medical_wheelchair/package.ps1'
[13.049s] INFO:colcon.colcon_core.shell:Creating package descriptor '/home/ayadiab/chair_ws/src/medical_wheelchair/install/medical_wheelchair/share/medical_wheelchair/package.dsv'
[13.063s] INFO:colcon.colcon_core.shell:Creating package script '/home/ayadiab/chair_ws/src/medical_wheelchair/install/medical_wheelchair/share/medical_wheelchair/package.sh'
[13.066s] INFO:colcon.colcon_core.shell:Creating package script '/home/ayadiab/chair_ws/src/medical_wheelchair/install/medical_wheelchair/share/medical_wheelchair/package.bash'
[13.085s] INFO:colcon.colcon_core.shell:Creating package script '/home/ayadiab/chair_ws/src/medical_wheelchair/install/medical_wheelchair/share/medical_wheelchair/package.zsh'
[13.094s] Level 1:colcon.colcon_core.environment:create_file_with_runtime_dependencies(/home/ayadiab/chair_ws/src/medical_wheelchair/install/medical_wheelchair/share/colcon-core/packages/medical_wheelchair)
[13.095s] DEBUG:colcon.colcon_parallel_executor.executor.parallel:closing loop
[13.095s] DEBUG:colcon.colcon_parallel_executor.executor.parallel:loop closed
[13.096s] DEBUG:colcon.colcon_parallel_executor.executor.parallel:run_until_complete finished with '0'
[13.096s] DEBUG:colcon.colcon_core.event_reactor:joining thread
[13.120s] INFO:colcon.colcon_core.plugin_system:Skipping extension 'colcon_notification.desktop_notification.terminal_notifier': Not used on non-Darwin systems
[13.121s] INFO:colcon.colcon_core.plugin_system:Skipping extension 'colcon_notification.desktop_notification.win32': Not used on non-Windows systems
[13.121s] INFO:colcon.colcon_notification.desktop_notification:Sending desktop notification using 'notify2'
[13.154s] DEBUG:colcon.colcon_core.event_reactor:joined thread
[13.155s] INFO:colcon.colcon_core.shell:Creating prefix script '/home/ayadiab/chair_ws/src/medical_wheelchair/install/local_setup.ps1'
[13.157s] INFO:colcon.colcon_core.shell:Creating prefix util module '/home/ayadiab/chair_ws/src/medical_wheelchair/install/_local_setup_util_ps1.py'
[13.161s] INFO:colcon.colcon_core.shell:Creating prefix chain script '/home/ayadiab/chair_ws/src/medical_wheelchair/install/setup.ps1'
[13.165s] INFO:colcon.colcon_core.shell:Creating prefix script '/home/ayadiab/chair_ws/src/medical_wheelchair/install/local_setup.sh'
[13.167s] INFO:colcon.colcon_core.shell:Creating prefix util module '/home/ayadiab/chair_ws/src/medical_wheelchair/install/_local_setup_util_sh.py'
[13.169s] INFO:colcon.colcon_core.shell:Creating prefix chain script '/home/ayadiab/chair_ws/src/medical_wheelchair/install/setup.sh'
[13.175s] INFO:colcon.colcon_core.shell:Creating prefix script '/home/ayadiab/chair_ws/src/medical_wheelchair/install/local_setup.bash'
[13.184s] INFO:colcon.colcon_core.shell:Creating prefix chain script '/home/ayadiab/chair_ws/src/medical_wheelchair/install/setup.bash'
[13.186s] INFO:colcon.colcon_core.shell:Creating prefix script '/home/ayadiab/chair_ws/src/medical_wheelchair/install/local_setup.zsh'
[13.201s] INFO:colcon.colcon_core.shell:Creating prefix chain script '/home/ayadiab/chair_ws/src/medical_wheelchair/install/setup.zsh'
