[0.323s] DEBUG:colcon:Command line arguments: ['/usr/bin/colcon', 'build', '--packages-select', 'medical_wheelchair', '--symlink-install']
[0.324s] DEBUG:colcon:Parsed command line arguments: Namespace(log_base=None, log_level=None, verb_name='build', build_base='build', install_base='install', merge_install=False, symlink_install=True, test_result_base=None, continue_on_error=False, executor='parallel', parallel_workers=4, event_handlers=None, ignore_user_meta=False, metas=['./colcon.meta'], base_paths=['.'], packages_ignore=None, packages_ignore_regex=None, paths=None, packages_up_to=None, packages_up_to_regex=None, packages_above=None, packages_above_and_dependencies=None, packages_above_depth=None, packages_select_by_dep=None, packages_skip_by_dep=None, packages_skip_up_to=None, packages_select_build_failed=False, packages_skip_build_finished=False, packages_select_test_failures=False, packages_skip_test_passed=False, packages_select=['medical_wheelchair'], packages_skip=None, packages_select_regex=None, packages_skip_regex=None, packages_start=None, packages_end=None, allow_overriding=[], cmake_args=None, cmake_target=None, cmake_target_skip_unavailable=False, cmake_clean_cache=False, cmake_clean_first=False, cmake_force_configure=False, ament_cmake_args=None, catkin_cmake_args=None, catkin_skip_building_tests=False, mixin_files=None, mixin=None, verb_parser=<colcon_mixin.mixin.mixin_argument.MixinArgumentDecorator object at 0x752f6cb30f10>, verb_extension=<colcon_core.verb.build.BuildVerb object at 0x752f6cc3dd80>, main=<bound method BuildVerb.main of <colcon_core.verb.build.BuildVerb object at 0x752f6cc3dd80>>, mixin_verb=('build',))
[0.850s] Level 1:colcon.colcon_core.package_discovery:discover_packages(colcon_meta) check parameters
[0.851s] Level 1:colcon.colcon_core.package_discovery:discover_packages(recursive) check parameters
[0.851s] Level 1:colcon.colcon_core.package_discovery:discover_packages(ignore) check parameters
[0.851s] Level 1:colcon.colcon_core.package_discovery:discover_packages(path) check parameters
[0.851s] Level 1:colcon.colcon_core.package_discovery:discover_packages(colcon_meta) discover
[0.852s] Level 1:colcon.colcon_core.package_discovery:discover_packages(recursive) discover
[0.853s] INFO:colcon.colcon_core.package_discovery:Crawling recursively for packages in '/home/ayadiab/chair_ws/src'
[0.853s] Level 1:colcon.colcon_core.package_identification:_identify(.) by extensions ['ignore', 'ignore_ament_install']
[0.853s] Level 1:colcon.colcon_core.package_identification:_identify(.) by extension 'ignore'
[0.853s] Level 1:colcon.colcon_core.package_identification:_identify(.) by extension 'ignore_ament_install'
[0.853s] Level 1:colcon.colcon_core.package_identification:_identify(.) by extensions ['colcon_pkg']
[0.853s] Level 1:colcon.colcon_core.package_identification:_identify(.) by extension 'colcon_pkg'
[0.853s] Level 1:colcon.colcon_core.package_identification:_identify(.) by extensions ['colcon_meta']
[0.854s] Level 1:colcon.colcon_core.package_identification:_identify(.) by extension 'colcon_meta'
[0.854s] Level 1:colcon.colcon_core.package_identification:_identify(.) by extensions ['ros']
[0.854s] Level 1:colcon.colcon_core.package_identification:_identify(.) by extension 'ros'
[0.879s] Level 1:colcon.colcon_core.package_identification:_identify(.) by extensions ['cmake', 'python']
[0.879s] Level 1:colcon.colcon_core.package_identification:_identify(.) by extension 'cmake'
[0.880s] Level 1:colcon.colcon_core.package_identification:_identify(.) by extension 'python'
[0.880s] Level 1:colcon.colcon_core.package_identification:_identify(.) by extensions ['python_setup_py']
[0.880s] Level 1:colcon.colcon_core.package_identification:_identify(.) by extension 'python_setup_py'
[0.880s] Level 1:colcon.colcon_core.package_identification:_identify(build) by extensions ['ignore', 'ignore_ament_install']
[0.881s] Level 1:colcon.colcon_core.package_identification:_identify(build) by extension 'ignore'
[0.881s] Level 1:colcon.colcon_core.package_identification:_identify(build) ignored
[0.881s] Level 1:colcon.colcon_core.package_identification:_identify(chair_controller) by extensions ['ignore', 'ignore_ament_install']
[0.882s] Level 1:colcon.colcon_core.package_identification:_identify(chair_controller) by extension 'ignore'
[0.882s] Level 1:colcon.colcon_core.package_identification:_identify(chair_controller) by extension 'ignore_ament_install'
[0.882s] Level 1:colcon.colcon_core.package_identification:_identify(chair_controller) by extensions ['colcon_pkg']
[0.882s] Level 1:colcon.colcon_core.package_identification:_identify(chair_controller) by extension 'colcon_pkg'
[0.882s] Level 1:colcon.colcon_core.package_identification:_identify(chair_controller) by extensions ['colcon_meta']
[0.882s] Level 1:colcon.colcon_core.package_identification:_identify(chair_controller) by extension 'colcon_meta'
[0.882s] Level 1:colcon.colcon_core.package_identification:_identify(chair_controller) by extensions ['ros']
[0.882s] Level 1:colcon.colcon_core.package_identification:_identify(chair_controller) by extension 'ros'
[0.888s] DEBUG:colcon.colcon_core.package_identification:Package 'chair_controller' with type 'ros.ament_python' and name 'chair_controller'
[0.888s] Level 1:colcon.colcon_core.package_identification:_identify(install) by extensions ['ignore', 'ignore_ament_install']
[0.889s] Level 1:colcon.colcon_core.package_identification:_identify(install) by extension 'ignore'
[0.889s] Level 1:colcon.colcon_core.package_identification:_identify(install) ignored
[0.889s] Level 1:colcon.colcon_core.package_identification:_identify(log) by extensions ['ignore', 'ignore_ament_install']
[0.890s] Level 1:colcon.colcon_core.package_identification:_identify(log) by extension 'ignore'
[0.890s] Level 1:colcon.colcon_core.package_identification:_identify(log) ignored
[0.890s] Level 1:colcon.colcon_core.package_identification:_identify(medical_wheelchair) by extensions ['ignore', 'ignore_ament_install']
[0.890s] Level 1:colcon.colcon_core.package_identification:_identify(medical_wheelchair) by extension 'ignore'
[0.890s] Level 1:colcon.colcon_core.package_identification:_identify(medical_wheelchair) by extension 'ignore_ament_install'
[0.890s] Level 1:colcon.colcon_core.package_identification:_identify(medical_wheelchair) by extensions ['colcon_pkg']
[0.890s] Level 1:colcon.colcon_core.package_identification:_identify(medical_wheelchair) by extension 'colcon_pkg'
[0.890s] Level 1:colcon.colcon_core.package_identification:_identify(medical_wheelchair) by extensions ['colcon_meta']
[0.890s] Level 1:colcon.colcon_core.package_identification:_identify(medical_wheelchair) by extension 'colcon_meta'
[0.890s] Level 1:colcon.colcon_core.package_identification:_identify(medical_wheelchair) by extensions ['ros']
[0.890s] Level 1:colcon.colcon_core.package_identification:_identify(medical_wheelchair) by extension 'ros'
[0.894s] DEBUG:colcon.colcon_core.package_identification:Package 'medical_wheelchair' with type 'ros.ament_python' and name 'medical_wheelchair'
[0.894s] Level 1:colcon.colcon_core.package_discovery:discover_packages(recursive) using defaults
[0.894s] Level 1:colcon.colcon_core.package_discovery:discover_packages(ignore) discover
[0.894s] Level 1:colcon.colcon_core.package_discovery:discover_packages(ignore) using defaults
[0.894s] Level 1:colcon.colcon_core.package_discovery:discover_packages(path) discover
[0.894s] Level 1:colcon.colcon_core.package_discovery:discover_packages(path) using defaults
[1.125s] INFO:colcon.colcon_core.package_selection:Skipping not selected package 'chair_controller' in 'chair_controller'
[1.126s] Level 1:colcon.colcon_core.package_discovery:discover_packages(prefix_path) check parameters
[1.126s] Level 1:colcon.colcon_core.package_discovery:discover_packages(prefix_path) discover
[1.128s] Level 1:colcon.colcon_core.package_discovery:discover_packages(prefix_path) using defaults
[1.130s] Level 5:colcon.colcon_core.verb:set package 'medical_wheelchair' build argument 'cmake_args' from command line to 'None'
[1.131s] Level 5:colcon.colcon_core.verb:set package 'medical_wheelchair' build argument 'cmake_target' from command line to 'None'
[1.132s] Level 5:colcon.colcon_core.verb:set package 'medical_wheelchair' build argument 'cmake_target_skip_unavailable' from command line to 'False'
[1.132s] Level 5:colcon.colcon_core.verb:set package 'medical_wheelchair' build argument 'cmake_clean_cache' from command line to 'False'
[1.132s] Level 5:colcon.colcon_core.verb:set package 'medical_wheelchair' build argument 'cmake_clean_first' from command line to 'False'
[1.132s] Level 5:colcon.colcon_core.verb:set package 'medical_wheelchair' build argument 'cmake_force_configure' from command line to 'False'
[1.132s] Level 5:colcon.colcon_core.verb:set package 'medical_wheelchair' build argument 'ament_cmake_args' from command line to 'None'
[1.132s] Level 5:colcon.colcon_core.verb:set package 'medical_wheelchair' build argument 'catkin_cmake_args' from command line to 'None'
[1.132s] Level 5:colcon.colcon_core.verb:set package 'medical_wheelchair' build argument 'catkin_skip_building_tests' from command line to 'False'
[1.132s] DEBUG:colcon.colcon_core.verb:Building package 'medical_wheelchair' with the following arguments: {'ament_cmake_args': None, 'build_base': '/home/ayadiab/chair_ws/src/build/medical_wheelchair', 'catkin_cmake_args': None, 'catkin_skip_building_tests': False, 'cmake_args': None, 'cmake_clean_cache': False, 'cmake_clean_first': False, 'cmake_force_configure': False, 'cmake_target': None, 'cmake_target_skip_unavailable': False, 'install_base': '/home/ayadiab/chair_ws/src/install/medical_wheelchair', 'merge_install': False, 'path': '/home/ayadiab/chair_ws/src/medical_wheelchair', 'symlink_install': True, 'test_result_base': None}
[1.133s] INFO:colcon.colcon_core.executor:Executing jobs using 'parallel' executor
[1.135s] DEBUG:colcon.colcon_parallel_executor.executor.parallel:run_until_complete
[1.135s] INFO:colcon.colcon_ros.task.ament_python.build:Building ROS package in '/home/ayadiab/chair_ws/src/medical_wheelchair' with build type 'ament_python'
[1.136s] Level 1:colcon.colcon_core.shell:create_environment_hook('medical_wheelchair', 'ament_prefix_path')
[1.139s] INFO:colcon.colcon_core.plugin_system:Skipping extension 'colcon_core.shell.bat': Not used on non-Windows systems
[1.140s] INFO:colcon.colcon_core.shell:Creating environment hook '/home/ayadiab/chair_ws/src/install/medical_wheelchair/share/medical_wheelchair/hook/ament_prefix_path.ps1'
[1.141s] INFO:colcon.colcon_core.shell:Creating environment descriptor '/home/ayadiab/chair_ws/src/install/medical_wheelchair/share/medical_wheelchair/hook/ament_prefix_path.dsv'
[1.142s] INFO:colcon.colcon_core.shell:Creating environment hook '/home/ayadiab/chair_ws/src/install/medical_wheelchair/share/medical_wheelchair/hook/ament_prefix_path.sh'
[1.144s] INFO:colcon.colcon_core.shell:Skip shell extension 'powershell' for command environment: Not usable outside of PowerShell
[1.144s] DEBUG:colcon.colcon_core.shell:Skip shell extension 'dsv' for command environment
[1.601s] INFO:colcon.colcon_core.task.python.build:Building Python package in '/home/ayadiab/chair_ws/src/medical_wheelchair'
[1.601s] INFO:colcon.colcon_core.shell:Skip shell extension 'powershell' for command environment: Not usable outside of PowerShell
[1.602s] DEBUG:colcon.colcon_core.shell:Skip shell extension 'dsv' for command environment
[2.395s] DEBUG:colcon.colcon_core.event_handler.log_command:Invoking command in '/home/ayadiab/chair_ws/src/build/medical_wheelchair': PYTHONPATH=/home/ayadiab/chair_ws/src/build/medical_wheelchair/prefix_override:/usr/lib/python3/dist-packages/colcon_core/task/python/colcon_distutils_commands:/home/ayadiab/chair_ws/src/install/medical_wheelchair/lib/python3.10/site-packages: /usr/bin/python3 -W ignore:setup.py install is deprecated -W ignore:easy_install command is deprecated setup.py develop --editable --build-directory /home/ayadiab/chair_ws/src/build/medical_wheelchair/build --no-deps symlink_data
[3.178s] Level 1:colcon.colcon_core.shell:create_environment_hook('medical_wheelchair', 'pythonpath_develop')
[3.179s] INFO:colcon.colcon_core.shell:Creating environment hook '/home/ayadiab/chair_ws/src/build/medical_wheelchair/share/medical_wheelchair/hook/pythonpath_develop.ps1'
[3.180s] DEBUG:colcon.colcon_core.event_handler.log_command:Invoked command in '/home/ayadiab/chair_ws/src/build/medical_wheelchair' returned '0': PYTHONPATH=/home/ayadiab/chair_ws/src/build/medical_wheelchair/prefix_override:/usr/lib/python3/dist-packages/colcon_core/task/python/colcon_distutils_commands:/home/ayadiab/chair_ws/src/install/medical_wheelchair/lib/python3.10/site-packages: /usr/bin/python3 -W ignore:setup.py install is deprecated -W ignore:easy_install command is deprecated setup.py develop --editable --build-directory /home/ayadiab/chair_ws/src/build/medical_wheelchair/build --no-deps symlink_data
[3.181s] INFO:colcon.colcon_core.shell:Creating environment descriptor '/home/ayadiab/chair_ws/src/build/medical_wheelchair/share/medical_wheelchair/hook/pythonpath_develop.dsv'
[3.182s] INFO:colcon.colcon_core.shell:Creating environment hook '/home/ayadiab/chair_ws/src/build/medical_wheelchair/share/medical_wheelchair/hook/pythonpath_develop.sh'
[3.188s] Level 1:colcon.colcon_core.environment:checking '/home/ayadiab/chair_ws/src/install/medical_wheelchair' for CMake module files
[3.188s] Level 1:colcon.colcon_core.environment:checking '/home/ayadiab/chair_ws/src/install/medical_wheelchair' for CMake config files
[3.190s] Level 1:colcon.colcon_core.environment:checking '/home/ayadiab/chair_ws/src/install/medical_wheelchair/lib'
[3.190s] Level 1:colcon.colcon_core.environment:checking '/home/ayadiab/chair_ws/src/install/medical_wheelchair/bin'
[3.190s] Level 1:colcon.colcon_core.environment:checking '/home/ayadiab/chair_ws/src/install/medical_wheelchair/lib/pkgconfig/medical_wheelchair.pc'
[3.191s] Level 1:colcon.colcon_core.environment:checking '/home/ayadiab/chair_ws/src/install/medical_wheelchair/lib/python3.10/site-packages'
[3.191s] Level 1:colcon.colcon_core.shell:create_environment_hook('medical_wheelchair', 'pythonpath')
[3.191s] INFO:colcon.colcon_core.shell:Creating environment hook '/home/ayadiab/chair_ws/src/install/medical_wheelchair/share/medical_wheelchair/hook/pythonpath.ps1'
[3.192s] INFO:colcon.colcon_core.shell:Creating environment descriptor '/home/ayadiab/chair_ws/src/install/medical_wheelchair/share/medical_wheelchair/hook/pythonpath.dsv'
[3.193s] INFO:colcon.colcon_core.shell:Creating environment hook '/home/ayadiab/chair_ws/src/install/medical_wheelchair/share/medical_wheelchair/hook/pythonpath.sh'
[3.195s] Level 1:colcon.colcon_core.environment:checking '/home/ayadiab/chair_ws/src/install/medical_wheelchair/bin'
[3.195s] Level 1:colcon.colcon_core.environment:create_environment_scripts_only(medical_wheelchair)
[3.195s] INFO:colcon.colcon_core.shell:Creating package script '/home/ayadiab/chair_ws/src/install/medical_wheelchair/share/medical_wheelchair/package.ps1'
[3.197s] INFO:colcon.colcon_core.shell:Creating package descriptor '/home/ayadiab/chair_ws/src/install/medical_wheelchair/share/medical_wheelchair/package.dsv'
[3.199s] INFO:colcon.colcon_core.shell:Creating package script '/home/ayadiab/chair_ws/src/install/medical_wheelchair/share/medical_wheelchair/package.sh'
[3.200s] INFO:colcon.colcon_core.shell:Creating package script '/home/ayadiab/chair_ws/src/install/medical_wheelchair/share/medical_wheelchair/package.bash'
[3.202s] INFO:colcon.colcon_core.shell:Creating package script '/home/ayadiab/chair_ws/src/install/medical_wheelchair/share/medical_wheelchair/package.zsh'
[3.203s] Level 1:colcon.colcon_core.environment:create_file_with_runtime_dependencies(/home/ayadiab/chair_ws/src/install/medical_wheelchair/share/colcon-core/packages/medical_wheelchair)
[3.204s] DEBUG:colcon.colcon_parallel_executor.executor.parallel:closing loop
[3.204s] DEBUG:colcon.colcon_parallel_executor.executor.parallel:loop closed
[3.204s] DEBUG:colcon.colcon_parallel_executor.executor.parallel:run_until_complete finished with '0'
[3.204s] DEBUG:colcon.colcon_core.event_reactor:joining thread
[3.571s] INFO:colcon.colcon_core.plugin_system:Skipping extension 'colcon_notification.desktop_notification.terminal_notifier': Not used on non-Darwin systems
[3.571s] INFO:colcon.colcon_core.plugin_system:Skipping extension 'colcon_notification.desktop_notification.win32': Not used on non-Windows systems
[3.571s] INFO:colcon.colcon_notification.desktop_notification:Sending desktop notification using 'notify2'
[3.596s] DEBUG:colcon.colcon_core.event_reactor:joined thread
[3.597s] INFO:colcon.colcon_core.shell:Creating prefix script '/home/ayadiab/chair_ws/src/install/local_setup.ps1'
[3.602s] INFO:colcon.colcon_core.shell:Creating prefix util module '/home/ayadiab/chair_ws/src/install/_local_setup_util_ps1.py'
[3.608s] INFO:colcon.colcon_core.shell:Creating prefix chain script '/home/ayadiab/chair_ws/src/install/setup.ps1'
[3.611s] INFO:colcon.colcon_core.shell:Creating prefix script '/home/ayadiab/chair_ws/src/install/local_setup.sh'
[3.613s] INFO:colcon.colcon_core.shell:Creating prefix util module '/home/ayadiab/chair_ws/src/install/_local_setup_util_sh.py'
[3.614s] INFO:colcon.colcon_core.shell:Creating prefix chain script '/home/ayadiab/chair_ws/src/install/setup.sh'
[3.617s] INFO:colcon.colcon_core.shell:Creating prefix script '/home/ayadiab/chair_ws/src/install/local_setup.bash'
[3.618s] INFO:colcon.colcon_core.shell:Creating prefix chain script '/home/ayadiab/chair_ws/src/install/setup.bash'
[3.620s] INFO:colcon.colcon_core.shell:Creating prefix script '/home/ayadiab/chair_ws/src/install/local_setup.zsh'
[3.622s] INFO:colcon.colcon_core.shell:Creating prefix chain script '/home/ayadiab/chair_ws/src/install/setup.zsh'
