[1.313s] Invoking command in '/home/ayadiab/chair_ws/src/medical_wheelchair': PYTHONPATH=/home/ayadiab/chair_ws/build/medical_wheelchair/prefix_override:/usr/lib/python3/dist-packages/colcon_core/task/python/colcon_distutils_commands:/home/ayadiab/chair_ws/install/medical_wheelchair/lib/python3.10/site-packages:${PYTHONPATH} /usr/bin/python3 -W ignore:setup.py install is deprecated -W ignore:easy_install command is deprecated setup.py egg_info --egg-base ../../build/medical_wheelchair build --build-base /home/ayadiab/chair_ws/build/medical_wheelchair/build install --record /home/ayadiab/chair_ws/build/medical_wheelchair/install.log --single-version-externally-managed install_data
[1.645s] running egg_info
[1.646s] writing ../../build/medical_wheelchair/medical_wheelchair.egg-info/PKG-INFO
[1.647s] writing dependency_links to ../../build/medical_wheelchair/medical_wheelchair.egg-info/dependency_links.txt
[1.647s] writing entry points to ../../build/medical_wheelchair/medical_wheelchair.egg-info/entry_points.txt
[1.648s] writing requirements to ../../build/medical_wheelchair/medical_wheelchair.egg-info/requires.txt
[1.648s] writing top-level names to ../../build/medical_wheelchair/medical_wheelchair.egg-info/top_level.txt
[1.651s] reading manifest file '../../build/medical_wheelchair/medical_wheelchair.egg-info/SOURCES.txt'
[1.652s] writing manifest file '../../build/medical_wheelchair/medical_wheelchair.egg-info/SOURCES.txt'
[1.653s] running build
[1.653s] running build_py
[1.653s] running install
[1.654s] running install_lib
[1.655s] running install_data
[1.656s] running install_egg_info
[1.658s] removing '/home/ayadiab/chair_ws/install/medical_wheelchair/lib/python3.10/site-packages/medical_wheelchair-0.0.0-py3.10.egg-info' (and everything under it)
[1.659s] Copying ../../build/medical_wheelchair/medical_wheelchair.egg-info to /home/ayadiab/chair_ws/install/medical_wheelchair/lib/python3.10/site-packages/medical_wheelchair-0.0.0-py3.10.egg-info
[1.660s] running install_scripts
[1.686s] writing list of installed files to '/home/ayadiab/chair_ws/build/medical_wheelchair/install.log'
[1.733s] Invoked command in '/home/ayadiab/chair_ws/src/medical_wheelchair' returned '0': PYTHONPATH=/home/ayadiab/chair_ws/build/medical_wheelchair/prefix_override:/usr/lib/python3/dist-packages/colcon_core/task/python/colcon_distutils_commands:/home/ayadiab/chair_ws/install/medical_wheelchair/lib/python3.10/site-packages:${PYTHONPATH} /usr/bin/python3 -W ignore:setup.py install is deprecated -W ignore:easy_install command is deprecated setup.py egg_info --egg-base ../../build/medical_wheelchair build --build-base /home/ayadiab/chair_ws/build/medical_wheelchair/build install --record /home/ayadiab/chair_ws/build/medical_wheelchair/install.log --single-version-externally-managed install_data
