[1.096s] Invoking command in '/home/ayadiab/chair_ws/src/medical_wheelchair/build/medical_wheelchair': PYTHONPATH=/home/ayadiab/chair_ws/src/medical_wheelchair/build/medical_wheelchair/prefix_override:/usr/lib/python3/dist-packages/colcon_core/task/python/colcon_distutils_commands:/home/ayadiab/chair_ws/src/medical_wheelchair/install/medical_wheelchair/lib/python3.10/site-packages: /usr/bin/python3 -W ignore:setup.py install is deprecated -W ignore:easy_install command is deprecated setup.py develop --editable --build-directory /home/ayadiab/chair_ws/src/medical_wheelchair/build/medical_wheelchair/build --no-deps symlink_data
[1.531s] running develop
[1.711s] running egg_info
[1.711s] creating medical_wheelchair.egg-info
[1.712s] writing medical_wheelchair.egg-info/PKG-INFO
[1.712s] writing dependency_links to medical_wheelchair.egg-info/dependency_links.txt
[1.713s] writing entry points to medical_wheelchair.egg-info/entry_points.txt
[1.713s] writing requirements to medical_wheelchair.egg-info/requires.txt
[1.713s] writing top-level names to medical_wheelchair.egg-info/top_level.txt
[1.713s] writing manifest file 'medical_wheelchair.egg-info/SOURCES.txt'
[1.717s] reading manifest file 'medical_wheelchair.egg-info/SOURCES.txt'
[1.721s] writing manifest file 'medical_wheelchair.egg-info/SOURCES.txt'
[1.722s] running build_ext
[1.725s] Creating /home/ayadiab/chair_ws/src/medical_wheelchair/install/medical_wheelchair/lib/python3.10/site-packages/medical-wheelchair.egg-link (link to .)
[1.725s] 
[1.725s] Installed /home/ayadiab/chair_ws/src/medical_wheelchair/build/medical_wheelchair
[1.725s] running symlink_data
[1.726s] creating /home/ayadiab/chair_ws/src/medical_wheelchair/install/medical_wheelchair/share/ament_index
[1.726s] creating /home/ayadiab/chair_ws/src/medical_wheelchair/install/medical_wheelchair/share/ament_index/resource_index
[1.726s] creating /home/ayadiab/chair_ws/src/medical_wheelchair/install/medical_wheelchair/share/ament_index/resource_index/packages
[1.726s] symbolically linking /home/ayadiab/chair_ws/src/medical_wheelchair/build/medical_wheelchair/resource/medical_wheelchair -> /home/ayadiab/chair_ws/src/medical_wheelchair/install/medical_wheelchair/share/ament_index/resource_index/packages
[1.726s] symbolically linking /home/ayadiab/chair_ws/src/medical_wheelchair/build/medical_wheelchair/package.xml -> /home/ayadiab/chair_ws/src/medical_wheelchair/install/medical_wheelchair/share/medical_wheelchair
[1.726s] creating /home/ayadiab/chair_ws/src/medical_wheelchair/install/medical_wheelchair/share/medical_wheelchair/launch
[1.726s] symbolically linking /home/ayadiab/chair_ws/src/medical_wheelchair/build/medical_wheelchair/launch/spawn_wheelchair.launch.py -> /home/ayadiab/chair_ws/src/medical_wheelchair/install/medical_wheelchair/share/medical_wheelchair/launch
[1.727s] creating /home/ayadiab/chair_ws/src/medical_wheelchair/install/medical_wheelchair/share/medical_wheelchair/rviz
[1.727s] symbolically linking /home/ayadiab/chair_ws/src/medical_wheelchair/build/medical_wheelchair/rviz/medical_wheelchair.rviz -> /home/ayadiab/chair_ws/src/medical_wheelchair/install/medical_wheelchair/share/medical_wheelchair/rviz
[1.727s] creating /home/ayadiab/chair_ws/src/medical_wheelchair/install/medical_wheelchair/share/medical_wheelchair/urdf
[1.727s] symbolically linking /home/ayadiab/chair_ws/src/medical_wheelchair/build/medical_wheelchair/urdf/wheelchair.xacro -> /home/ayadiab/chair_ws/src/medical_wheelchair/install/medical_wheelchair/share/medical_wheelchair/urdf
[1.788s] Invoked command in '/home/ayadiab/chair_ws/src/medical_wheelchair/build/medical_wheelchair' returned '0': PYTHONPATH=/home/ayadiab/chair_ws/src/medical_wheelchair/build/medical_wheelchair/prefix_override:/usr/lib/python3/dist-packages/colcon_core/task/python/colcon_distutils_commands:/home/ayadiab/chair_ws/src/medical_wheelchair/install/medical_wheelchair/lib/python3.10/site-packages: /usr/bin/python3 -W ignore:setup.py install is deprecated -W ignore:easy_install command is deprecated setup.py develop --editable --build-directory /home/ayadiab/chair_ws/src/medical_wheelchair/build/medical_wheelchair/build --no-deps symlink_data
