/home/salwa/chair_ws/install/chair_controller/lib/python3.12/site-packages/chair_controller/motor_driver.py
/home/salwa/chair_ws/install/chair_controller/lib/python3.12/site-packages/chair_controller/__init__.py
/home/salwa/chair_ws/install/chair_controller/lib/python3.12/site-packages/chair_controller/base_controller.py
/home/salwa/chair_ws/install/chair_controller/lib/python3.12/site-packages/chair_controller/obstacle_detector.py
/home/salwa/chair_ws/install/chair_controller/lib/python3.12/site-packages/chair_controller/lidar_fake_publisher.py
/home/salwa/chair_ws/install/chair_controller/lib/python3.12/site-packages/chair_controller/__pycache__/motor_driver.cpython-312.pyc
/home/salwa/chair_ws/install/chair_controller/lib/python3.12/site-packages/chair_controller/__pycache__/__init__.cpython-312.pyc
/home/salwa/chair_ws/install/chair_controller/lib/python3.12/site-packages/chair_controller/__pycache__/base_controller.cpython-312.pyc
/home/salwa/chair_ws/install/chair_controller/lib/python3.12/site-packages/chair_controller/__pycache__/obstacle_detector.cpython-312.pyc
/home/salwa/chair_ws/install/chair_controller/lib/python3.12/site-packages/chair_controller/__pycache__/lidar_fake_publisher.cpython-312.pyc
/home/salwa/chair_ws/install/chair_controller/lib/python3.12/site-packages/chair_controller-0.0.1-py3.12.egg-info/zip-safe
/home/salwa/chair_ws/install/chair_controller/lib/python3.12/site-packages/chair_controller-0.0.1-py3.12.egg-info/top_level.txt
/home/salwa/chair_ws/install/chair_controller/lib/python3.12/site-packages/chair_controller-0.0.1-py3.12.egg-info/SOURCES.txt
/home/salwa/chair_ws/install/chair_controller/lib/python3.12/site-packages/chair_controller-0.0.1-py3.12.egg-info/entry_points.txt
/home/salwa/chair_ws/install/chair_controller/lib/python3.12/site-packages/chair_controller-0.0.1-py3.12.egg-info/dependency_links.txt
/home/salwa/chair_ws/install/chair_controller/lib/python3.12/site-packages/chair_controller-0.0.1-py3.12.egg-info/PKG-INFO
/home/salwa/chair_ws/install/chair_controller/lib/python3.12/site-packages/chair_controller-0.0.1-py3.12.egg-info/requires.txt
/home/salwa/chair_ws/install/chair_controller/lib/chair_controller/base_controller
/home/salwa/chair_ws/install/chair_controller/lib/chair_controller/lidar_fake_publisher
/home/salwa/chair_ws/install/chair_controller/lib/chair_controller/motor_driver
/home/salwa/chair_ws/install/chair_controller/lib/chair_controller/obstacle_detector
