[3.482s] Invoking command in '/home/ayadiab/chair_ws/src/chair_controller': PYTHONPATH=/home/ayadiab/chair_ws/build/chair_controller/prefix_override:/usr/lib/python3/dist-packages/colcon_core/task/python/colcon_distutils_commands:/home/ayadiab/chair_ws/install/chair_controller/lib/python3.10/site-packages:${PYTHONPATH} /usr/bin/python3 -W ignore:setup.py install is deprecated -W ignore:easy_install command is deprecated setup.py egg_info --egg-base ../../build/chair_controller build --build-base /home/ayadiab/chair_ws/build/chair_controller/build install --record /home/ayadiab/chair_ws/build/chair_controller/install.log --single-version-externally-managed
[3.814s] running egg_info
[3.834s] writing ../../build/chair_controller/chair_controller.egg-info/PKG-INFO
[3.835s] writing dependency_links to ../../build/chair_controller/chair_controller.egg-info/dependency_links.txt
[3.835s] writing entry points to ../../build/chair_controller/chair_controller.egg-info/entry_points.txt
[3.835s] writing requirements to ../../build/chair_controller/chair_controller.egg-info/requires.txt
[3.835s] writing top-level names to ../../build/chair_controller/chair_controller.egg-info/top_level.txt
[3.843s] reading manifest file '../../build/chair_controller/chair_controller.egg-info/SOURCES.txt'
[3.858s] writing manifest file '../../build/chair_controller/chair_controller.egg-info/SOURCES.txt'
[3.859s] running build
[3.859s] running build_py
[3.859s] running install
[3.860s] running install_lib
[3.864s] running install_egg_info
[3.867s] removing '/home/ayadiab/chair_ws/install/chair_controller/lib/python3.10/site-packages/chair_controller-0.0.1-py3.10.egg-info' (and everything under it)
[3.868s] Copying ../../build/chair_controller/chair_controller.egg-info to /home/ayadiab/chair_ws/install/chair_controller/lib/python3.10/site-packages/chair_controller-0.0.1-py3.10.egg-info
[3.881s] running install_scripts
[3.910s] Installing base_controller script to /home/ayadiab/chair_ws/install/chair_controller/lib/chair_controller
[3.910s] Installing lidar_fake_publisher script to /home/ayadiab/chair_ws/install/chair_controller/lib/chair_controller
[3.911s] Installing motor_driver script to /home/ayadiab/chair_ws/install/chair_controller/lib/chair_controller
[3.911s] Installing obstacle_detector script to /home/ayadiab/chair_ws/install/chair_controller/lib/chair_controller
[3.912s] writing list of installed files to '/home/ayadiab/chair_ws/build/chair_controller/install.log'
[4.110s] Invoked command in '/home/ayadiab/chair_ws/src/chair_controller' returned '0': PYTHONPATH=/home/ayadiab/chair_ws/build/chair_controller/prefix_override:/usr/lib/python3/dist-packages/colcon_core/task/python/colcon_distutils_commands:/home/ayadiab/chair_ws/install/chair_controller/lib/python3.10/site-packages:${PYTHONPATH} /usr/bin/python3 -W ignore:setup.py install is deprecated -W ignore:easy_install command is deprecated setup.py egg_info --egg-base ../../build/chair_controller build --build-base /home/ayadiab/chair_ws/build/chair_controller/build install --record /home/ayadiab/chair_ws/build/chair_controller/install.log --single-version-externally-managed
