running develop
Removing /home/ayadiab/chair_ws/install/chair_controller/lib/python3.10/site-packages/chair-controller.egg-link (link to .)
running egg_info
writing ../../build/chair_controller/chair_controller.egg-info/PKG-INFO
writing dependency_links to ../../build/chair_controller/chair_controller.egg-info/dependency_links.txt
writing entry points to ../../build/chair_controller/chair_controller.egg-info/entry_points.txt
writing requirements to ../../build/chair_controller/chair_controller.egg-info/requires.txt
writing top-level names to ../../build/chair_controller/chair_controller.egg-info/top_level.txt
reading manifest file '../../build/chair_controller/chair_controller.egg-info/SOURCES.txt'
writing manifest file '../../build/chair_controller/chair_controller.egg-info/SOURCES.txt'
running build
running build_py
creating /home/ayadiab/chair_ws/build/chair_controller/build
creating /home/ayadiab/chair_ws/build/chair_controller/build/lib
creating /home/ayadiab/chair_ws/build/chair_controller/build/lib/chair_controller
copying chair_controller/obstacle_detector.py -> /home/ayadiab/chair_ws/build/chair_controller/build/lib/chair_controller
copying chair_controller/motor_driver.py -> /home/ayadiab/chair_ws/build/chair_controller/build/lib/chair_controller
copying chair_controller/lidar_fake_publisher.py -> /home/ayadiab/chair_ws/build/chair_controller/build/lib/chair_controller
copying chair_controller/base_controller.py -> /home/ayadiab/chair_ws/build/chair_controller/build/lib/chair_controller
copying chair_controller/__init__.py -> /home/ayadiab/chair_ws/build/chair_controller/build/lib/chair_controller
running install
running install_lib
creating /home/ayadiab/chair_ws/install/chair_controller/lib/python3.10/site-packages/chair_controller
copying /home/ayadiab/chair_ws/build/chair_controller/build/lib/chair_controller/obstacle_detector.py -> /home/ayadiab/chair_ws/install/chair_controller/lib/python3.10/site-packages/chair_controller
copying /home/ayadiab/chair_ws/build/chair_controller/build/lib/chair_controller/motor_driver.py -> /home/ayadiab/chair_ws/install/chair_controller/lib/python3.10/site-packages/chair_controller
copying /home/ayadiab/chair_ws/build/chair_controller/build/lib/chair_controller/lidar_fake_publisher.py -> /home/ayadiab/chair_ws/install/chair_controller/lib/python3.10/site-packages/chair_controller
copying /home/ayadiab/chair_ws/build/chair_controller/build/lib/chair_controller/base_controller.py -> /home/ayadiab/chair_ws/install/chair_controller/lib/python3.10/site-packages/chair_controller
copying /home/ayadiab/chair_ws/build/chair_controller/build/lib/chair_controller/__init__.py -> /home/ayadiab/chair_ws/install/chair_controller/lib/python3.10/site-packages/chair_controller
byte-compiling /home/ayadiab/chair_ws/install/chair_controller/lib/python3.10/site-packages/chair_controller/obstacle_detector.py to obstacle_detector.cpython-310.pyc
byte-compiling /home/ayadiab/chair_ws/install/chair_controller/lib/python3.10/site-packages/chair_controller/motor_driver.py to motor_driver.cpython-310.pyc
byte-compiling /home/ayadiab/chair_ws/install/chair_controller/lib/python3.10/site-packages/chair_controller/lidar_fake_publisher.py to lidar_fake_publisher.cpython-310.pyc
byte-compiling /home/ayadiab/chair_ws/install/chair_controller/lib/python3.10/site-packages/chair_controller/base_controller.py to base_controller.cpython-310.pyc
byte-compiling /home/ayadiab/chair_ws/install/chair_controller/lib/python3.10/site-packages/chair_controller/__init__.py to __init__.cpython-310.pyc
running install_egg_info
Copying ../../build/chair_controller/chair_controller.egg-info to /home/ayadiab/chair_ws/install/chair_controller/lib/python3.10/site-packages/chair_controller-0.0.1-py3.10.egg-info
running install_scripts
Installing base_controller script to /home/ayadiab/chair_ws/install/chair_controller/lib/chair_controller
Installing lidar_fake_publisher script to /home/ayadiab/chair_ws/install/chair_controller/lib/chair_controller
Installing motor_driver script to /home/ayadiab/chair_ws/install/chair_controller/lib/chair_controller
Installing obstacle_detector script to /home/ayadiab/chair_ws/install/chair_controller/lib/chair_controller
writing list of installed files to '/home/ayadiab/chair_ws/build/chair_controller/install.log'
