[3.623s] Invoking command in '/home/ayadiab/chair_ws/build/chair_controller': PYTHONPATH=/home/ayadiab/chair_ws/build/chair_controller/prefix_override:/usr/lib/python3/dist-packages/colcon_core/task/python/colcon_distutils_commands:/home/ayadiab/chair_ws/install/chair_controller/lib/python3.10/site-packages:${PYTHONPATH} /usr/bin/python3 -W ignore:setup.py install is deprecated -W ignore:easy_install command is deprecated setup.py develop --uninstall --editable --build-directory /home/ayadiab/chair_ws/build/chair_controller/build
[3.997s] running develop
[4.241s] Removing /home/ayadiab/chair_ws/install/chair_controller/lib/python3.10/site-packages/chair-controller.egg-link (link to .)
[4.300s] Invoked command in '/home/ayadiab/chair_ws/build/chair_controller' returned '0': PYTHONPATH=/home/ayadiab/chair_ws/build/chair_controller/prefix_override:/usr/lib/python3/dist-packages/colcon_core/task/python/colcon_distutils_commands:/home/ayadiab/chair_ws/install/chair_controller/lib/python3.10/site-packages:${PYTHONPATH} /usr/bin/python3 -W ignore:setup.py install is deprecated -W ignore:easy_install command is deprecated setup.py develop --uninstall --editable --build-directory /home/ayadiab/chair_ws/build/chair_controller/build
[4.302s] Invoking command in '/home/ayadiab/chair_ws/src/chair_controller': PYTHONPATH=/home/ayadiab/chair_ws/build/chair_controller/prefix_override:/usr/lib/python3/dist-packages/colcon_core/task/python/colcon_distutils_commands:/home/ayadiab/chair_ws/install/chair_controller/lib/python3.10/site-packages:${PYTHONPATH} /usr/bin/python3 -W ignore:setup.py install is deprecated -W ignore:easy_install command is deprecated setup.py egg_info --egg-base ../../build/chair_controller build --build-base /home/ayadiab/chair_ws/build/chair_controller/build install --record /home/ayadiab/chair_ws/build/chair_controller/install.log --single-version-externally-managed
[4.654s] running egg_info
[4.655s] writing ../../build/chair_controller/chair_controller.egg-info/PKG-INFO
[4.656s] writing dependency_links to ../../build/chair_controller/chair_controller.egg-info/dependency_links.txt
[4.657s] writing entry points to ../../build/chair_controller/chair_controller.egg-info/entry_points.txt
[4.657s] writing requirements to ../../build/chair_controller/chair_controller.egg-info/requires.txt
[4.657s] writing top-level names to ../../build/chair_controller/chair_controller.egg-info/top_level.txt
[4.659s] reading manifest file '../../build/chair_controller/chair_controller.egg-info/SOURCES.txt'
[4.660s] writing manifest file '../../build/chair_controller/chair_controller.egg-info/SOURCES.txt'
[4.660s] running build
[4.661s] running build_py
[4.661s] creating /home/ayadiab/chair_ws/build/chair_controller/build
[4.661s] creating /home/ayadiab/chair_ws/build/chair_controller/build/lib
[4.661s] creating /home/ayadiab/chair_ws/build/chair_controller/build/lib/chair_controller
[4.661s] copying chair_controller/obstacle_detector.py -> /home/ayadiab/chair_ws/build/chair_controller/build/lib/chair_controller
[4.661s] copying chair_controller/motor_driver.py -> /home/ayadiab/chair_ws/build/chair_controller/build/lib/chair_controller
[4.661s] copying chair_controller/lidar_fake_publisher.py -> /home/ayadiab/chair_ws/build/chair_controller/build/lib/chair_controller
[4.662s] copying chair_controller/base_controller.py -> /home/ayadiab/chair_ws/build/chair_controller/build/lib/chair_controller
[4.662s] copying chair_controller/__init__.py -> /home/ayadiab/chair_ws/build/chair_controller/build/lib/chair_controller
[4.662s] running install
[4.662s] running install_lib
[4.666s] creating /home/ayadiab/chair_ws/install/chair_controller/lib/python3.10/site-packages/chair_controller
[4.666s] copying /home/ayadiab/chair_ws/build/chair_controller/build/lib/chair_controller/obstacle_detector.py -> /home/ayadiab/chair_ws/install/chair_controller/lib/python3.10/site-packages/chair_controller
[4.666s] copying /home/ayadiab/chair_ws/build/chair_controller/build/lib/chair_controller/motor_driver.py -> /home/ayadiab/chair_ws/install/chair_controller/lib/python3.10/site-packages/chair_controller
[4.666s] copying /home/ayadiab/chair_ws/build/chair_controller/build/lib/chair_controller/lidar_fake_publisher.py -> /home/ayadiab/chair_ws/install/chair_controller/lib/python3.10/site-packages/chair_controller
[4.666s] copying /home/ayadiab/chair_ws/build/chair_controller/build/lib/chair_controller/base_controller.py -> /home/ayadiab/chair_ws/install/chair_controller/lib/python3.10/site-packages/chair_controller
[4.667s] copying /home/ayadiab/chair_ws/build/chair_controller/build/lib/chair_controller/__init__.py -> /home/ayadiab/chair_ws/install/chair_controller/lib/python3.10/site-packages/chair_controller
[4.668s] byte-compiling /home/ayadiab/chair_ws/install/chair_controller/lib/python3.10/site-packages/chair_controller/obstacle_detector.py to obstacle_detector.cpython-310.pyc
[4.668s] byte-compiling /home/ayadiab/chair_ws/install/chair_controller/lib/python3.10/site-packages/chair_controller/motor_driver.py to motor_driver.cpython-310.pyc
[4.669s] byte-compiling /home/ayadiab/chair_ws/install/chair_controller/lib/python3.10/site-packages/chair_controller/lidar_fake_publisher.py to lidar_fake_publisher.cpython-310.pyc
[4.670s] byte-compiling /home/ayadiab/chair_ws/install/chair_controller/lib/python3.10/site-packages/chair_controller/base_controller.py to base_controller.cpython-310.pyc
[4.670s] byte-compiling /home/ayadiab/chair_ws/install/chair_controller/lib/python3.10/site-packages/chair_controller/__init__.py to __init__.cpython-310.pyc
[4.671s] running install_egg_info
[4.673s] Copying ../../build/chair_controller/chair_controller.egg-info to /home/ayadiab/chair_ws/install/chair_controller/lib/python3.10/site-packages/chair_controller-0.0.1-py3.10.egg-info
[4.674s] running install_scripts
[4.704s] Installing base_controller script to /home/ayadiab/chair_ws/install/chair_controller/lib/chair_controller
[4.705s] Installing lidar_fake_publisher script to /home/ayadiab/chair_ws/install/chair_controller/lib/chair_controller
[4.705s] Installing motor_driver script to /home/ayadiab/chair_ws/install/chair_controller/lib/chair_controller
[4.705s] Installing obstacle_detector script to /home/ayadiab/chair_ws/install/chair_controller/lib/chair_controller
[4.706s] writing list of installed files to '/home/ayadiab/chair_ws/build/chair_controller/install.log'
[4.924s] Invoked command in '/home/ayadiab/chair_ws/src/chair_controller' returned '0': PYTHONPATH=/home/ayadiab/chair_ws/build/chair_controller/prefix_override:/usr/lib/python3/dist-packages/colcon_core/task/python/colcon_distutils_commands:/home/ayadiab/chair_ws/install/chair_controller/lib/python3.10/site-packages:${PYTHONPATH} /usr/bin/python3 -W ignore:setup.py install is deprecated -W ignore:easy_install command is deprecated setup.py egg_info --egg-base ../../build/chair_controller build --build-base /home/ayadiab/chair_ws/build/chair_controller/build install --record /home/ayadiab/chair_ws/build/chair_controller/install.log --single-version-externally-managed
