[2.836s] Invoking command in '/home/ayadiab/chair_ws/src/medical_wheelchair': PYTHONPATH=/home/ayadiab/chair_ws/build/medical_wheelchair/prefix_override:/usr/lib/python3/dist-packages/colcon_core/task/python/colcon_distutils_commands:/home/ayadiab/chair_ws/install/medical_wheelchair/lib/python3.10/site-packages:${PYTHONPATH} /usr/bin/python3 -W ignore:setup.py install is deprecated -W ignore:easy_install command is deprecated setup.py egg_info --egg-base ../../build/medical_wheelchair build --build-base /home/ayadiab/chair_ws/build/medical_wheelchair/build install --record /home/ayadiab/chair_ws/build/medical_wheelchair/install.log --single-version-externally-managed install_data
[3.370s] running egg_info
[3.371s] writing ../../build/medical_wheelchair/medical_wheelchair.egg-info/PKG-INFO
[3.371s] writing dependency_links to ../../build/medical_wheelchair/medical_wheelchair.egg-info/dependency_links.txt
[3.372s] writing entry points to ../../build/medical_wheelchair/medical_wheelchair.egg-info/entry_points.txt
[3.372s] writing requirements to ../../build/medical_wheelchair/medical_wheelchair.egg-info/requires.txt
[3.372s] writing top-level names to ../../build/medical_wheelchair/medical_wheelchair.egg-info/top_level.txt
[3.376s] reading manifest file '../../build/medical_wheelchair/medical_wheelchair.egg-info/SOURCES.txt'
[3.377s] writing manifest file '../../build/medical_wheelchair/medical_wheelchair.egg-info/SOURCES.txt'
[3.377s] running build
[3.377s] running build_py
[3.378s] running install
[3.378s] running install_lib
[3.379s] running install_data
[3.380s] running install_egg_info
[3.382s] removing '/home/ayadiab/chair_ws/install/medical_wheelchair/lib/python3.10/site-packages/medical_wheelchair-0.0.0-py3.10.egg-info' (and everything under it)
[3.383s] Copying ../../build/medical_wheelchair/medical_wheelchair.egg-info to /home/ayadiab/chair_ws/install/medical_wheelchair/lib/python3.10/site-packages/medical_wheelchair-0.0.0-py3.10.egg-info
[3.384s] running install_scripts
[3.410s] writing list of installed files to '/home/ayadiab/chair_ws/build/medical_wheelchair/install.log'
[3.452s] Invoked command in '/home/ayadiab/chair_ws/src/medical_wheelchair' returned '0': PYTHONPATH=/home/ayadiab/chair_ws/build/medical_wheelchair/prefix_override:/usr/lib/python3/dist-packages/colcon_core/task/python/colcon_distutils_commands:/home/ayadiab/chair_ws/install/medical_wheelchair/lib/python3.10/site-packages:${PYTHONPATH} /usr/bin/python3 -W ignore:setup.py install is deprecated -W ignore:easy_install command is deprecated setup.py egg_info --egg-base ../../build/medical_wheelchair build --build-base /home/ayadiab/chair_ws/build/medical_wheelchair/build install --record /home/ayadiab/chair_ws/build/medical_wheelchair/install.log --single-version-externally-managed install_data
