/home/salwa/chair_ws/install/medical_wheelchair/lib/python3.12/site-packages/scripts/__init__.py
/home/salwa/chair_ws/install/medical_wheelchair/lib/python3.12/site-packages/scripts/tf_republisher.py
/home/salwa/chair_ws/install/medical_wheelchair/lib/python3.12/site-packages/medical_wheelchair/__init__.py
/home/salwa/chair_ws/install/medical_wheelchair/lib/python3.12/site-packages/medical_wheelchair/tf_republisher.py
/home/salwa/chair_ws/install/medical_wheelchair/lib/python3.12/site-packages/scripts/__pycache__/__init__.cpython-312.pyc
/home/salwa/chair_ws/install/medical_wheelchair/lib/python3.12/site-packages/scripts/__pycache__/tf_republisher.cpython-312.pyc
/home/salwa/chair_ws/install/medical_wheelchair/lib/python3.12/site-packages/medical_wheelchair/__pycache__/__init__.cpython-312.pyc
/home/salwa/chair_ws/install/medical_wheelchair/lib/python3.12/site-packages/medical_wheelchair/__pycache__/tf_republisher.cpython-312.pyc
/home/salwa/chair_ws/install/medical_wheelchair/share/ament_index/resource_index/packages/medical_wheelchair
/home/salwa/chair_ws/install/medical_wheelchair/share/medical_wheelchair/package.xml
/home/salwa/chair_ws/install/medical_wheelchair/share/medical_wheelchair/launch/spawn_wheelchair.launch.py
/home/salwa/chair_ws/install/medical_wheelchair/share/medical_wheelchair/launch/mapper.launch.py
/home/salwa/chair_ws/install/medical_wheelchair/share/medical_wheelchair/launch/stair_test.launch.py
/home/salwa/chair_ws/install/medical_wheelchair/share/medical_wheelchair/launch/ramp_test.launch.py
/home/salwa/chair_ws/install/medical_wheelchair/share/medical_wheelchair/rviz/medical_wheelchair.rviz
/home/salwa/chair_ws/install/medical_wheelchair/share/medical_wheelchair/urdf/wheelchair.xacro
/home/salwa/chair_ws/install/medical_wheelchair/share/medical_wheelchair/config/nav2_params.yaml
/home/salwa/chair_ws/install/medical_wheelchair/share/medical_wheelchair/worlds/stairs.sdf
/home/salwa/chair_ws/install/medical_wheelchair/share/medical_wheelchair/worlds/ramp.sdf
/home/salwa/chair_ws/install/medical_wheelchair/lib/python3.12/site-packages/medical_wheelchair-0.0.0-py3.12.egg-info/zip-safe
/home/salwa/chair_ws/install/medical_wheelchair/lib/python3.12/site-packages/medical_wheelchair-0.0.0-py3.12.egg-info/top_level.txt
/home/salwa/chair_ws/install/medical_wheelchair/lib/python3.12/site-packages/medical_wheelchair-0.0.0-py3.12.egg-info/SOURCES.txt
/home/salwa/chair_ws/install/medical_wheelchair/lib/python3.12/site-packages/medical_wheelchair-0.0.0-py3.12.egg-info/entry_points.txt
/home/salwa/chair_ws/install/medical_wheelchair/lib/python3.12/site-packages/medical_wheelchair-0.0.0-py3.12.egg-info/dependency_links.txt
/home/salwa/chair_ws/install/medical_wheelchair/lib/python3.12/site-packages/medical_wheelchair-0.0.0-py3.12.egg-info/PKG-INFO
/home/salwa/chair_ws/install/medical_wheelchair/lib/python3.12/site-packages/medical_wheelchair-0.0.0-py3.12.egg-info/requires.txt
/home/salwa/chair_ws/install/medical_wheelchair/lib/medical_wheelchair/tf_republisher
