running develop
running egg_info
creating medical_wheelchair.egg-info
writing medical_wheelchair.egg-info/PKG-INFO
writing dependency_links to medical_wheelchair.egg-info/dependency_links.txt
writing entry points to medical_wheelchair.egg-info/entry_points.txt
writing requirements to medical_wheelchair.egg-info/requires.txt
writing top-level names to medical_wheelchair.egg-info/top_level.txt
writing manifest file 'medical_wheelchair.egg-info/SOURCES.txt'
reading manifest file 'medical_wheelchair.egg-info/SOURCES.txt'
writing manifest file 'medical_wheelchair.egg-info/SOURCES.txt'
running build_ext
Creating /home/ayadiab/chair_ws/src/install/medical_wheelchair/lib/python3.10/site-packages/medical-wheelchair.egg-link (link to .)

Installed /home/ayadiab/chair_ws/src/build/medical_wheelchair
running symlink_data
creating /home/ayadiab/chair_ws/src/install/medical_wheelchair/share/ament_index
creating /home/ayadiab/chair_ws/src/install/medical_wheelchair/share/ament_index/resource_index
creating /home/ayadiab/chair_ws/src/install/medical_wheelchair/share/ament_index/resource_index/packages
symbolically linking /home/ayadiab/chair_ws/src/build/medical_wheelchair/resource/medical_wheelchair -> /home/ayadiab/chair_ws/src/install/medical_wheelchair/share/ament_index/resource_index/packages
symbolically linking /home/ayadiab/chair_ws/src/build/medical_wheelchair/package.xml -> /home/ayadiab/chair_ws/src/install/medical_wheelchair/share/medical_wheelchair
creating /home/ayadiab/chair_ws/src/install/medical_wheelchair/share/medical_wheelchair/launch
symbolically linking /home/ayadiab/chair_ws/src/build/medical_wheelchair/launch/spawn_wheelchair.launch.py -> /home/ayadiab/chair_ws/src/install/medical_wheelchair/share/medical_wheelchair/launch
symbolically linking /home/ayadiab/chair_ws/src/build/medical_wheelchair/launch/mapper.launch.py -> /home/ayadiab/chair_ws/src/install/medical_wheelchair/share/medical_wheelchair/launch
creating /home/ayadiab/chair_ws/src/install/medical_wheelchair/share/medical_wheelchair/rviz
symbolically linking /home/ayadiab/chair_ws/src/build/medical_wheelchair/rviz/medical_wheelchair.rviz -> /home/ayadiab/chair_ws/src/install/medical_wheelchair/share/medical_wheelchair/rviz
creating /home/ayadiab/chair_ws/src/install/medical_wheelchair/share/medical_wheelchair/urdf
symbolically linking /home/ayadiab/chair_ws/src/build/medical_wheelchair/urdf/wheelchair.xacro -> /home/ayadiab/chair_ws/src/install/medical_wheelchair/share/medical_wheelchair/urdf
