running egg_info
writing ../../build/chair_controller/chair_controller.egg-info/PKG-INFO
writing dependency_links to ../../build/chair_controller/chair_controller.egg-info/dependency_links.txt
writing entry points to ../../build/chair_controller/chair_controller.egg-info/entry_points.txt
writing requirements to ../../build/chair_controller/chair_controller.egg-info/requires.txt
writing top-level names to ../../build/chair_controller/chair_controller.egg-info/top_level.txt
reading manifest file '../../build/chair_controller/chair_controller.egg-info/SOURCES.txt'
writing manifest file '../../build/chair_controller/chair_controller.egg-info/SOURCES.txt'
running build
running build_py
running install
running install_lib
running install_egg_info
removing '/home/ayadiab/chair_ws/install/chair_controller/lib/python3.10/site-packages/chair_controller-0.0.1-py3.10.egg-info' (and everything under it)
Copying ../../build/chair_controller/chair_controller.egg-info to /home/ayadiab/chair_ws/install/chair_controller/lib/python3.10/site-packages/chair_controller-0.0.1-py3.10.egg-info
running install_scripts
Installing base_controller script to /home/ayadiab/chair_ws/install/chair_controller/lib/chair_controller
Installing lidar_fake_publisher script to /home/ayadiab/chair_ws/install/chair_controller/lib/chair_controller
Installing motor_driver script to /home/ayadiab/chair_ws/install/chair_controller/lib/chair_controller
Installing obstacle_detector script to /home/ayadiab/chair_ws/install/chair_controller/lib/chair_controller
writing list of installed files to '/home/ayadiab/chair_ws/build/chair_controller/install.log'
