[4.832s] Invoking command in '/home/ayadiab/chair_ws/src/chair_controller': PYTHONPATH=/home/ayadiab/chair_ws/build/chair_controller/prefix_override:/usr/lib/python3/dist-packages/colcon_core/task/python/colcon_distutils_commands:/home/ayadiab/chair_ws/install/chair_controller/lib/python3.10/site-packages:${PYTHONPATH} /usr/bin/python3 -W ignore:setup.py install is deprecated -W ignore:easy_install command is deprecated setup.py egg_info --egg-base ../../build/chair_controller build --build-base /home/ayadiab/chair_ws/build/chair_controller/build install --record /home/ayadiab/chair_ws/build/chair_controller/install.log --single-version-externally-managed
[5.166s] running egg_info
[5.167s] writing ../../build/chair_controller/chair_controller.egg-info/PKG-INFO
[5.167s] writing dependency_links to ../../build/chair_controller/chair_controller.egg-info/dependency_links.txt
[5.167s] writing entry points to ../../build/chair_controller/chair_controller.egg-info/entry_points.txt
[5.168s] writing requirements to ../../build/chair_controller/chair_controller.egg-info/requires.txt
[5.168s] writing top-level names to ../../build/chair_controller/chair_controller.egg-info/top_level.txt
[5.171s] reading manifest file '../../build/chair_controller/chair_controller.egg-info/SOURCES.txt'
[5.260s] writing manifest file '../../build/chair_controller/chair_controller.egg-info/SOURCES.txt'
[5.260s] running build
[5.261s] running build_py
[5.261s] running install
[5.261s] running install_lib
[5.265s] running install_egg_info
[5.268s] removing '/home/ayadiab/chair_ws/install/chair_controller/lib/python3.10/site-packages/chair_controller-0.0.1-py3.10.egg-info' (and everything under it)
[5.268s] Copying ../../build/chair_controller/chair_controller.egg-info to /home/ayadiab/chair_ws/install/chair_controller/lib/python3.10/site-packages/chair_controller-0.0.1-py3.10.egg-info
[5.281s] running install_scripts
[5.308s] Installing base_controller script to /home/ayadiab/chair_ws/install/chair_controller/lib/chair_controller
[5.309s] Installing lidar_fake_publisher script to /home/ayadiab/chair_ws/install/chair_controller/lib/chair_controller
[5.309s] Installing motor_driver script to /home/ayadiab/chair_ws/install/chair_controller/lib/chair_controller
[5.309s] Installing obstacle_detector script to /home/ayadiab/chair_ws/install/chair_controller/lib/chair_controller
[5.310s] writing list of installed files to '/home/ayadiab/chair_ws/build/chair_controller/install.log'
[5.351s] Invoked command in '/home/ayadiab/chair_ws/src/chair_controller' returned '0': PYTHONPATH=/home/ayadiab/chair_ws/build/chair_controller/prefix_override:/usr/lib/python3/dist-packages/colcon_core/task/python/colcon_distutils_commands:/home/ayadiab/chair_ws/install/chair_controller/lib/python3.10/site-packages:${PYTHONPATH} /usr/bin/python3 -W ignore:setup.py install is deprecated -W ignore:easy_install command is deprecated setup.py egg_info --egg-base ../../build/chair_controller build --build-base /home/ayadiab/chair_ws/build/chair_controller/build install --record /home/ayadiab/chair_ws/build/chair_controller/install.log --single-version-externally-managed
