[0.000000] (-) TimerEvent: {}
[0.000664] (medical_wheelchair) JobQueued: {'identifier': 'medical_wheelchair', 'dependencies': OrderedDict()}
[0.001171] (medical_wheelchair) JobStarted: {'identifier': 'medical_wheelchair'}
[0.098719] (-) TimerEvent: {}
[0.199888] (-) TimerEvent: {}
[0.300128] (-) TimerEvent: {}
[0.400335] (-) TimerEvent: {}
[0.500569] (-) TimerEvent: {}
[0.600868] (-) TimerEvent: {}
[0.701314] (-) TimerEvent: {}
[0.801677] (-) TimerEvent: {}
[0.901993] (-) TimerEvent: {}
[1.002249] (-) TimerEvent: {}
[1.102525] (-) TimerEvent: {}
[1.202858] (-) TimerEvent: {}
[1.303180] (-) TimerEvent: {}
[1.403536] (-) TimerEvent: {}
[1.503916] (-) TimerEvent: {}
[1.604268] (-) TimerEvent: {}
[1.704593] (-) TimerEvent: {}
[1.804921] (-) TimerEvent: {}
[1.905222] (-) TimerEvent: {}
[2.005529] (-) TimerEvent: {}
[2.105856] (-) TimerEvent: {}
[2.206153] (-) TimerEvent: {}
[2.306406] (-) TimerEvent: {}
[2.406730] (-) TimerEvent: {}
[2.507101] (-) TimerEvent: {}
[2.607393] (-) TimerEvent: {}
[2.707703] (-) TimerEvent: {}
[2.808041] (-) TimerEvent: {}
[2.908366] (-) TimerEvent: {}
[3.008713] (-) TimerEvent: {}
[3.109021] (-) TimerEvent: {}
[3.209378] (-) TimerEvent: {}
[3.309710] (-) TimerEvent: {}
[3.319661] (medical_wheelchair) Command: {'cmd': ['/usr/bin/python3', '-W', 'ignore:setup.py install is deprecated', '-W', 'ignore:easy_install command is deprecated', 'setup.py', 'develop', '--editable', '--build-directory', '/home/ayadiab/chair_ws/src/medical_wheelchair/build/medical_wheelchair/build', '--no-deps', 'symlink_data'], 'cwd': '/home/ayadiab/chair_ws/src/medical_wheelchair/build/medical_wheelchair', 'env': {'GJS_DEBUG_TOPICS': 'JS ERROR;JS LOG', 'VSCODE_CWD': '/home/ayadiab', 'VSCODE_ESM_ENTRYPOINT': 'vs/workbench/api/node/extensionHostProcess', 'USER': 'ayadiab', 'LC_TIME': 'ar_EG.UTF-8', 'VSCODE_NLS_CONFIG': '{"userLocale":"en-us","osLocale":"en-us","resolvedLanguage":"en","defaultMessagesFile":"/usr/share/antigravity/resources/app/out/nls.messages.json","locale":"en-us","availableLanguages":{}}', 'VSCODE_HANDLES_UNCAUGHT_ERRORS': 'true', 'XDG_SESSION_TYPE': 'wayland', 'SHLVL': '0', 'HOME': '/home/ayadiab', 'CHROME_DESKTOP': 'antigravity.desktop', 'DESKTOP_SESSION': 'ubuntu', 'NO_PROXY': '*.azureedge.net', 'VSCODE_IPC_HOOK': '/run/user/1000/vscode-935cf70e-1.10-main.sock', 'GIO_LAUNCHED_DESKTOP_FILE': '/usr/share/applications/antigravity.desktop', 'GNOME_SHELL_SESSION_MODE': 'ubuntu', 'GTK_MODULES': 'gail:atk-bridge', 'LC_MONETARY': 'ar_EG.UTF-8', 'MANAGERPID': '1415', 'SYSTEMD_EXEC_PID': '1582', 'DBUS_SESSION_BUS_ADDRESS': 'unix:path=/run/user/1000/bus', 'GIO_LAUNCHED_DESKTOP_FILE_PID': '2271', 'VSCODE_CRASH_REPORTER_PROCESS_TYPE': 'extensionHost', 'IM_CONFIG_PHASE': '1', 'WAYLAND_DISPLAY': 'wayland-0', 'LOGNAME': 'ayadiab', '_': '/usr/bin/colcon', 'JOURNAL_STREAM': '8:13175', 'XDG_SESSION_CLASS': 'user', 'USERNAME': 'ayadiab', 'GNOME_DESKTOP_SESSION_ID': 'this-is-deprecated', 'FC_FONTATIONS': '1', 'ANTIGRAVITY_EDITOR_APP_ROOT': '/usr/share/antigravity/resources/app', 'PATH': '/usr/local/sbin:/usr/local/bin:/usr/sbin:/usr/bin:/sbin:/bin:/usr/games:/usr/local/games:/snap/bin:/snap/bin', 'SESSION_MANAGER': 'local/aya-diab:@/tmp/.ICE-unix/1564,unix/aya-diab:/tmp/.ICE-unix/1564', 'INVOCATION_ID': '5bd2329c5a11454aacf9dfcf7758a8f9', 'XDG_MENU_PREFIX': 'gnome-', 'LC_ADDRESS': 'ar_EG.UTF-8', 'GNOME_SETUP_DISPLAY': ':1', 'XDG_RUNTIME_DIR': '/run/user/1000', 'GDK_BACKEND': 'wayland', 'DISPLAY': ':0', 'LANG': 'en_US.UTF-8', 'XDG_CURRENT_DESKTOP': 'ubuntu:GNOME', 'LC_TELEPHONE': 'ar_EG.UTF-8', 'XMODIFIERS': '@im=ibus', 'XDG_SESSION_DESKTOP': 'ubuntu', 'XAUTHORITY': '/run/user/1000/.mutter-Xwaylandauth.VSMJM3', 'SSH_AGENT_LAUNCHER': 'gnome-keyring', 'SSH_AUTH_SOCK': '/run/user/1000/keyring/ssh', 'SHELL': '/bin/bash', 'LC_NAME': 'ar_EG.UTF-8', 'QT_ACCESSIBILITY': '1', 'ELECTRON_RUN_AS_NODE': '1', 'GDMSESSION': 'ubuntu', 'LC_MEASUREMENT': 'ar_EG.UTF-8', 'GJS_DEBUG_OUTPUT': 'stderr', 'LC_IDENTIFICATION': 'ar_EG.UTF-8', 'QT_IM_MODULE': 'ibus', 'PWD': '/home/ayadiab/chair_ws/src/medical_wheelchair/build/medical_wheelchair', 'LC_ALL': 'en_US.UTF-8', 'XDG_CONFIG_DIRS': '/etc/xdg/xdg-ubuntu:/etc/xdg', 'VSCODE_CODE_CACHE_PATH': '/home/ayadiab/.config/Antigravity/CachedData/d2597a5c475647ed306b22de1e39853c7812d07d', 'XDG_DATA_DIRS': '/usr/share/ubuntu:/usr/local/share/:/usr/share/:/var/lib/snapd/desktop', 'LC_NUMERIC': 'ar_EG.UTF-8', 'LC_PAPER': 'ar_EG.UTF-8', 'COLCON': '1', 'VSCODE_PID': '2271', 'PYTHONPATH': '/home/ayadiab/chair_ws/src/medical_wheelchair/build/medical_wheelchair/prefix_override:/usr/lib/python3/dist-packages/colcon_core/task/python/colcon_distutils_commands:/home/ayadiab/chair_ws/src/medical_wheelchair/install/medical_wheelchair/lib/python3.10/site-packages:'}, 'shell': False}
[3.409832] (-) TimerEvent: {}
[3.510112] (-) TimerEvent: {}
[3.610406] (-) TimerEvent: {}
[3.710627] (-) TimerEvent: {}
[3.810895] (-) TimerEvent: {}
[3.911200] (-) TimerEvent: {}
[3.928078] (medical_wheelchair) StdoutLine: {'line': b'running develop\n'}
[4.011558] (-) TimerEvent: {}
[4.060173] (medical_wheelchair) StdoutLine: {'line': b'running egg_info\n'}
[4.060671] (medical_wheelchair) StdoutLine: {'line': b'writing medical_wheelchair.egg-info/PKG-INFO\n'}
[4.061886] (medical_wheelchair) StdoutLine: {'line': b'writing dependency_links to medical_wheelchair.egg-info/dependency_links.txt\n'}
[4.062287] (medical_wheelchair) StdoutLine: {'line': b'writing entry points to medical_wheelchair.egg-info/entry_points.txt\n'}
[4.062547] (medical_wheelchair) StdoutLine: {'line': b'writing requirements to medical_wheelchair.egg-info/requires.txt\n'}
[4.062885] (medical_wheelchair) StdoutLine: {'line': b'writing top-level names to medical_wheelchair.egg-info/top_level.txt\n'}
[4.063612] (medical_wheelchair) StdoutLine: {'line': b"reading manifest file 'medical_wheelchair.egg-info/SOURCES.txt'\n"}
[4.065146] (medical_wheelchair) StdoutLine: {'line': b"writing manifest file 'medical_wheelchair.egg-info/SOURCES.txt'\n"}
[4.066673] (medical_wheelchair) StdoutLine: {'line': b'running build_ext\n'}
[4.067172] (medical_wheelchair) StdoutLine: {'line': b'Creating /home/ayadiab/chair_ws/src/medical_wheelchair/install/medical_wheelchair/lib/python3.10/site-packages/medical-wheelchair.egg-link (link to .)\n'}
[4.068243] (medical_wheelchair) StdoutLine: {'line': b'\n'}
[4.068390] (medical_wheelchair) StdoutLine: {'line': b'Installed /home/ayadiab/chair_ws/src/medical_wheelchair/build/medical_wheelchair\n'}
[4.068483] (medical_wheelchair) StdoutLine: {'line': b'running symlink_data\n'}
[4.111686] (-) TimerEvent: {}
[4.212015] (-) TimerEvent: {}
[4.312335] (-) TimerEvent: {}
[4.328084] (medical_wheelchair) StdoutLine: {'line': b'symbolically linking /home/ayadiab/chair_ws/src/medical_wheelchair/build/medical_wheelchair/launch/view_wheelchair.launch.py -> /home/ayadiab/chair_ws/src/medical_wheelchair/install/medical_wheelchair/share/medical_wheelchair/launch\n'}
[4.412460] (-) TimerEvent: {}
[4.416149] (medical_wheelchair) CommandEnded: {'returncode': 0}
[4.512604] (-) TimerEvent: {}
[4.612939] (-) TimerEvent: {}
[4.713290] (-) TimerEvent: {}
[4.813613] (-) TimerEvent: {}
[4.913907] (-) TimerEvent: {}
[5.014206] (-) TimerEvent: {}
[5.100489] (medical_wheelchair) JobEnded: {'identifier': 'medical_wheelchair', 'rc': 0}
[5.102148] (-) EventReactorShutdown: {}
