[0.000000] (-) TimerEvent: {}
[0.000548] (medical_wheelchair) JobQueued: {'identifier': 'medical_wheelchair', 'dependencies': OrderedDict()}
[0.001442] (medical_wheelchair) JobStarted: {'identifier': 'medical_wheelchair'}
[0.099271] (-) TimerEvent: {}
[0.199537] (-) TimerEvent: {}
[0.299789] (-) TimerEvent: {}
[0.400042] (-) TimerEvent: {}
[0.500344] (-) TimerEvent: {}
[0.600628] (-) TimerEvent: {}
[0.700841] (-) TimerEvent: {}
[0.801049] (-) TimerEvent: {}
[0.901246] (-) TimerEvent: {}
[1.001446] (-) TimerEvent: {}
[1.101675] (-) TimerEvent: {}
[1.201914] (-) TimerEvent: {}
[1.302113] (-) TimerEvent: {}
[1.402370] (-) TimerEvent: {}
[1.502657] (-) TimerEvent: {}
[1.602905] (-) TimerEvent: {}
[1.703191] (-) TimerEvent: {}
[1.803457] (-) TimerEvent: {}
[1.903700] (-) TimerEvent: {}
[2.004019] (-) TimerEvent: {}
[2.104298] (-) TimerEvent: {}
[2.204516] (-) TimerEvent: {}
[2.304778] (-) TimerEvent: {}
[2.405096] (-) TimerEvent: {}
[2.505398] (-) TimerEvent: {}
[2.605695] (-) TimerEvent: {}
[2.706007] (-) TimerEvent: {}
[2.806276] (-) TimerEvent: {}
[2.906564] (-) TimerEvent: {}
[3.006866] (-) TimerEvent: {}
[3.107143] (-) TimerEvent: {}
[3.207426] (-) TimerEvent: {}
[3.250546] (medical_wheelchair) Command: {'cmd': ['/usr/bin/python3', '-W', 'ignore:setup.py install is deprecated', '-W', 'ignore:easy_install command is deprecated', 'setup.py', 'develop', '--editable', '--build-directory', '/home/ayadiab/chair_ws/src/medical_wheelchair/build/medical_wheelchair/build', '--no-deps', 'symlink_data'], 'cwd': '/home/ayadiab/chair_ws/src/medical_wheelchair/build/medical_wheelchair', 'env': {'GJS_DEBUG_TOPICS': 'JS ERROR;JS LOG', 'VSCODE_CWD': '/home/ayadiab', 'VSCODE_ESM_ENTRYPOINT': 'vs/workbench/api/node/extensionHostProcess', 'USER': 'ayadiab', 'LC_TIME': 'ar_EG.UTF-8', 'VSCODE_NLS_CONFIG': '{"userLocale":"en-us","osLocale":"en-us","resolvedLanguage":"en","defaultMessagesFile":"/usr/share/antigravity/resources/app/out/nls.messages.json","locale":"en-us","availableLanguages":{}}', 'VSCODE_HANDLES_UNCAUGHT_ERRORS': 'true', 'XDG_SESSION_TYPE': 'wayland', 'SHLVL': '0', 'HOME': '/home/ayadiab', 'CHROME_DESKTOP': 'antigravity.desktop', 'DESKTOP_SESSION': 'ubuntu', 'NO_PROXY': '*.azureedge.net', 'VSCODE_IPC_HOOK': '/run/user/1000/vscode-935cf70e-1.10-main.sock', 'GIO_LAUNCHED_DESKTOP_FILE': '/usr/share/applications/antigravity.desktop', 'GNOME_SHELL_SESSION_MODE': 'ubuntu', 'GTK_MODULES': 'gail:atk-bridge', 'LC_MONETARY': 'ar_EG.UTF-8', 'MANAGERPID': '1425', 'SYSTEMD_EXEC_PID': '1598', 'DBUS_SESSION_BUS_ADDRESS': 'unix:path=/run/user/1000/bus', 'GIO_LAUNCHED_DESKTOP_FILE_PID': '2798', 'VSCODE_CRASH_REPORTER_PROCESS_TYPE': 'extensionHost', 'IM_CONFIG_PHASE': '1', 'WAYLAND_DISPLAY': 'wayland-0', 'LOGNAME': 'ayadiab', '_': '/usr/bin/colcon', 'JOURNAL_STREAM': '8:14546', 'XDG_SESSION_CLASS': 'user', 'USERNAME': 'ayadiab', 'GNOME_DESKTOP_SESSION_ID': 'this-is-deprecated', 'FC_FONTATIONS': '1', 'ANTIGRAVITY_EDITOR_APP_ROOT': '/usr/share/antigravity/resources/app', 'PATH': '/usr/local/sbin:/usr/local/bin:/usr/sbin:/usr/bin:/sbin:/bin:/usr/games:/usr/local/games:/snap/bin:/snap/bin', 'SESSION_MANAGER': 'local/aya-diab:@/tmp/.ICE-unix/1569,unix/aya-diab:/tmp/.ICE-unix/1569', 'INVOCATION_ID': 'c6ebd0e9baf141f189be085158495471', 'XDG_MENU_PREFIX': 'gnome-', 'LC_ADDRESS': 'ar_EG.UTF-8', 'GNOME_SETUP_DISPLAY': ':1', 'XDG_RUNTIME_DIR': '/run/user/1000', 'GDK_BACKEND': 'wayland', 'DISPLAY': ':0', 'LANG': 'en_US.UTF-8', 'XDG_CURRENT_DESKTOP': 'ubuntu:GNOME', 'LC_TELEPHONE': 'ar_EG.UTF-8', 'XMODIFIERS': '@im=ibus', 'XDG_SESSION_DESKTOP': 'ubuntu', 'XAUTHORITY': '/run/user/1000/.mutter-Xwaylandauth.CUMXL3', 'SSH_AGENT_LAUNCHER': 'gnome-keyring', 'SSH_AUTH_SOCK': '/run/user/1000/keyring/ssh', 'SHELL': '/bin/bash', 'LC_NAME': 'ar_EG.UTF-8', 'QT_ACCESSIBILITY': '1', 'ELECTRON_RUN_AS_NODE': '1', 'GDMSESSION': 'ubuntu', 'LC_MEASUREMENT': 'ar_EG.UTF-8', 'GJS_DEBUG_OUTPUT': 'stderr', 'LC_IDENTIFICATION': 'ar_EG.UTF-8', 'QT_IM_MODULE': 'ibus', 'PWD': '/home/ayadiab/chair_ws/src/medical_wheelchair/build/medical_wheelchair', 'LC_ALL': 'en_US.UTF-8', 'XDG_CONFIG_DIRS': '/etc/xdg/xdg-ubuntu:/etc/xdg', 'VSCODE_CODE_CACHE_PATH': '/home/ayadiab/.config/Antigravity/CachedData/d2597a5c475647ed306b22de1e39853c7812d07d', 'XDG_DATA_DIRS': '/usr/share/ubuntu:/usr/local/share/:/usr/share/:/var/lib/snapd/desktop', 'LC_NUMERIC': 'ar_EG.UTF-8', 'LC_PAPER': 'ar_EG.UTF-8', 'COLCON': '1', 'VSCODE_PID': '2798', 'PYTHONPATH': '/home/ayadiab/chair_ws/src/medical_wheelchair/build/medical_wheelchair/prefix_override:/usr/lib/python3/dist-packages/colcon_core/task/python/colcon_distutils_commands:/home/ayadiab/chair_ws/src/medical_wheelchair/install/medical_wheelchair/lib/python3.10/site-packages:'}, 'shell': False}
[3.307520] (-) TimerEvent: {}
[3.407746] (-) TimerEvent: {}
[3.507942] (-) TimerEvent: {}
[3.592233] (medical_wheelchair) StdoutLine: {'line': b'running develop\n'}
[3.608050] (-) TimerEvent: {}
[3.708243] (-) TimerEvent: {}
[3.748249] (medical_wheelchair) StdoutLine: {'line': b'running egg_info\n'}
[3.748945] (medical_wheelchair) StdoutLine: {'line': b'writing medical_wheelchair.egg-info/PKG-INFO\n'}
[3.749400] (medical_wheelchair) StdoutLine: {'line': b'writing dependency_links to medical_wheelchair.egg-info/dependency_links.txt\n'}
[3.749671] (medical_wheelchair) StdoutLine: {'line': b'writing entry points to medical_wheelchair.egg-info/entry_points.txt\n'}
[3.749927] (medical_wheelchair) StdoutLine: {'line': b'writing requirements to medical_wheelchair.egg-info/requires.txt\n'}
[3.750159] (medical_wheelchair) StdoutLine: {'line': b'writing top-level names to medical_wheelchair.egg-info/top_level.txt\n'}
[3.751321] (medical_wheelchair) StdoutLine: {'line': b"reading manifest file 'medical_wheelchair.egg-info/SOURCES.txt'\n"}
[3.754806] (medical_wheelchair) StdoutLine: {'line': b"writing manifest file 'medical_wheelchair.egg-info/SOURCES.txt'\n"}
[3.755362] (medical_wheelchair) StdoutLine: {'line': b'running build_ext\n'}
[3.755627] (medical_wheelchair) StdoutLine: {'line': b'Creating /home/ayadiab/chair_ws/src/medical_wheelchair/install/medical_wheelchair/lib/python3.10/site-packages/medical-wheelchair.egg-link (link to .)\n'}
[3.756187] (medical_wheelchair) StdoutLine: {'line': b'\n'}
[3.756626] (medical_wheelchair) StdoutLine: {'line': b'Installed /home/ayadiab/chair_ws/src/medical_wheelchair/build/medical_wheelchair\n'}
[3.756903] (medical_wheelchair) StdoutLine: {'line': b'running symlink_data\n'}
[3.799642] (medical_wheelchair) CommandEnded: {'returncode': 0}
[3.808395] (-) TimerEvent: {}
[3.908718] (-) TimerEvent: {}
[4.009038] (-) TimerEvent: {}
[4.021681] (medical_wheelchair) JobEnded: {'identifier': 'medical_wheelchair', 'rc': 0}
[4.022684] (-) EventReactorShutdown: {}
