[0.000000] (-) TimerEvent: {}
[0.000273] (-) JobUnselected: {'identifier': 'chair_controller'}
[0.000591] (medical_wheelchair) JobQueued: {'identifier': 'medical_wheelchair', 'dependencies': OrderedDict()}
[0.000627] (medical_wheelchair) JobStarted: {'identifier': 'medical_wheelchair'}
[0.099415] (-) TimerEvent: {}
[0.199654] (-) TimerEvent: {}
[0.299873] (-) TimerEvent: {}
[0.400114] (-) TimerEvent: {}
[0.500288] (-) TimerEvent: {}
[0.600507] (-) TimerEvent: {}
[0.700723] (-) TimerEvent: {}
[0.800942] (-) TimerEvent: {}
[0.901127] (-) TimerEvent: {}
[1.001361] (-) TimerEvent: {}
[1.101581] (-) TimerEvent: {}
[1.201785] (-) TimerEvent: {}
[1.302009] (-) TimerEvent: {}
[1.402247] (-) TimerEvent: {}
[1.502473] (-) TimerEvent: {}
[1.602709] (-) TimerEvent: {}
[1.702925] (-) TimerEvent: {}
[1.803126] (-) TimerEvent: {}
[1.903351] (-) TimerEvent: {}
[2.003587] (-) TimerEvent: {}
[2.103808] (-) TimerEvent: {}
[2.204023] (-) TimerEvent: {}
[2.304267] (-) TimerEvent: {}
[2.404489] (-) TimerEvent: {}
[2.504712] (-) TimerEvent: {}
[2.604922] (-) TimerEvent: {}
[2.705132] (-) TimerEvent: {}
[2.806737] (-) TimerEvent: {}
[2.906961] (-) TimerEvent: {}
[3.007198] (-) TimerEvent: {}
[3.107407] (-) TimerEvent: {}
[3.207617] (-) TimerEvent: {}
[3.307838] (-) TimerEvent: {}
[3.408044] (-) TimerEvent: {}
[3.508300] (-) TimerEvent: {}
[3.513959] (medical_wheelchair) Command: {'cmd': ['/usr/bin/python3', '-W', 'ignore:setup.py install is deprecated', '-W', 'ignore:easy_install command is deprecated', 'setup.py', 'develop', '--editable', '--build-directory', '/home/ayadiab/chair_ws/src/build/medical_wheelchair/build', '--no-deps', 'symlink_data'], 'cwd': '/home/ayadiab/chair_ws/src/build/medical_wheelchair', 'env': {'GJS_DEBUG_TOPICS': 'JS ERROR;JS LOG', 'VSCODE_CWD': '/home/ayadiab', 'VSCODE_ESM_ENTRYPOINT': 'vs/workbench/api/node/extensionHostProcess', 'USER': 'ayadiab', 'LC_TIME': 'ar_EG.UTF-8', 'VSCODE_NLS_CONFIG': '{"userLocale":"en-us","osLocale":"en-us","resolvedLanguage":"en","defaultMessagesFile":"/usr/share/antigravity/resources/app/out/nls.messages.json","locale":"en-us","availableLanguages":{}}', 'VSCODE_HANDLES_UNCAUGHT_ERRORS': 'true', 'XDG_SESSION_TYPE': 'wayland', 'SHLVL': '0', 'HOME': '/home/ayadiab', 'CHROME_DESKTOP': 'antigravity.desktop', 'DESKTOP_SESSION': 'ubuntu', 'NO_PROXY': '*.azureedge.net', 'VSCODE_IPC_HOOK': '/run/user/1000/vscode-935cf70e-1.10-main.sock', 'GIO_LAUNCHED_DESKTOP_FILE': '/usr/share/applications/antigravity.desktop', 'GNOME_SHELL_SESSION_MODE': 'ubuntu', 'GTK_MODULES': 'gail:atk-bridge', 'LC_MONETARY': 'ar_EG.UTF-8', 'MANAGERPID': '1412', 'SYSTEMD_EXEC_PID': '1584', 'DBUS_SESSION_BUS_ADDRESS': 'unix:path=/run/user/1000/bus', 'GIO_LAUNCHED_DESKTOP_FILE_PID': '2720', 'VSCODE_CRASH_REPORTER_PROCESS_TYPE': 'extensionHost', 'IM_CONFIG_PHASE': '1', 'WAYLAND_DISPLAY': 'wayland-0', 'LOGNAME': 'ayadiab', '_': '/usr/bin/colcon', 'JOURNAL_STREAM': '8:12805', 'XDG_SESSION_CLASS': 'user', 'USERNAME': 'ayadiab', 'GNOME_DESKTOP_SESSION_ID': 'this-is-deprecated', 'FC_FONTATIONS': '1', 'ANTIGRAVITY_EDITOR_APP_ROOT': '/usr/share/antigravity/resources/app', 'PATH': '/usr/local/sbin:/usr/local/bin:/usr/sbin:/usr/bin:/sbin:/bin:/usr/games:/usr/local/games:/snap/bin:/snap/bin', 'SESSION_MANAGER': 'local/aya-diab:@/tmp/.ICE-unix/1558,unix/aya-diab:/tmp/.ICE-unix/1558', 'INVOCATION_ID': '4500b44b41af4fe190ca96614aef0c31', 'XDG_MENU_PREFIX': 'gnome-', 'LC_ADDRESS': 'ar_EG.UTF-8', 'GNOME_SETUP_DISPLAY': ':1', 'XDG_RUNTIME_DIR': '/run/user/1000', 'GDK_BACKEND': 'wayland', 'DISPLAY': ':0', 'LANG': 'en_US.UTF-8', 'XDG_CURRENT_DESKTOP': 'ubuntu:GNOME', 'LC_TELEPHONE': 'ar_EG.UTF-8', 'XMODIFIERS': '@im=ibus', 'XDG_SESSION_DESKTOP': 'ubuntu', 'XAUTHORITY': '/run/user/1000/.mutter-Xwaylandauth.LSO6L3', 'SSH_AGENT_LAUNCHER': 'gnome-keyring', 'SSH_AUTH_SOCK': '/run/user/1000/keyring/ssh', 'SHELL': '/bin/bash', 'LC_NAME': 'ar_EG.UTF-8', 'QT_ACCESSIBILITY': '1', 'ELECTRON_RUN_AS_NODE': '1', 'GDMSESSION': 'ubuntu', 'LC_MEASUREMENT': 'ar_EG.UTF-8', 'GJS_DEBUG_OUTPUT': 'stderr', 'LC_IDENTIFICATION': 'ar_EG.UTF-8', 'QT_IM_MODULE': 'ibus', 'PWD': '/home/ayadiab/chair_ws/src/build/medical_wheelchair', 'LC_ALL': 'en_US.UTF-8', 'XDG_CONFIG_DIRS': '/etc/xdg/xdg-ubuntu:/etc/xdg', 'VSCODE_CODE_CACHE_PATH': '/home/ayadiab/.config/Antigravity/CachedData/d2597a5c475647ed306b22de1e39853c7812d07d', 'XDG_DATA_DIRS': '/usr/share/ubuntu:/usr/local/share/:/usr/share/:/var/lib/snapd/desktop', 'LC_NUMERIC': 'ar_EG.UTF-8', 'LC_PAPER': 'ar_EG.UTF-8', 'COLCON': '1', 'VSCODE_PID': '2720', 'PYTHONPATH': '/home/ayadiab/chair_ws/src/build/medical_wheelchair/prefix_override:/usr/lib/python3/dist-packages/colcon_core/task/python/colcon_distutils_commands:/home/ayadiab/chair_ws/src/install/medical_wheelchair/lib/python3.10/site-packages:'}, 'shell': False}
[3.608406] (-) TimerEvent: {}
[3.708684] (-) TimerEvent: {}
[3.809522] (-) TimerEvent: {}
[3.909726] (-) TimerEvent: {}
[3.914146] (medical_wheelchair) StdoutLine: {'line': b'running develop\n'}
[4.009830] (-) TimerEvent: {}
[4.088375] (medical_wheelchair) StdoutLine: {'line': b'running egg_info\n'}
[4.088675] (medical_wheelchair) StdoutLine: {'line': b'writing medical_wheelchair.egg-info/PKG-INFO\n'}
[4.091318] (medical_wheelchair) StdoutLine: {'line': b'writing dependency_links to medical_wheelchair.egg-info/dependency_links.txt\n'}
[4.091570] (medical_wheelchair) StdoutLine: {'line': b'writing entry points to medical_wheelchair.egg-info/entry_points.txt\n'}
[4.091700] (medical_wheelchair) StdoutLine: {'line': b'writing requirements to medical_wheelchair.egg-info/requires.txt\n'}
[4.091823] (medical_wheelchair) StdoutLine: {'line': b'writing top-level names to medical_wheelchair.egg-info/top_level.txt\n'}
[4.092125] (medical_wheelchair) StdoutLine: {'line': b"reading manifest file 'medical_wheelchair.egg-info/SOURCES.txt'\n"}
[4.093695] (medical_wheelchair) StdoutLine: {'line': b"writing manifest file 'medical_wheelchair.egg-info/SOURCES.txt'\n"}
[4.095603] (medical_wheelchair) StdoutLine: {'line': b'running build_ext\n'}
[4.097992] (medical_wheelchair) StdoutLine: {'line': b'Creating /home/ayadiab/chair_ws/src/install/medical_wheelchair/lib/python3.10/site-packages/medical-wheelchair.egg-link (link to .)\n'}
[4.098223] (medical_wheelchair) StdoutLine: {'line': b'Installing tf_republisher script to /home/ayadiab/chair_ws/src/install/medical_wheelchair/lib/medical_wheelchair\n'}
[4.098346] (medical_wheelchair) StdoutLine: {'line': b'\n'}
[4.098463] (medical_wheelchair) StdoutLine: {'line': b'Installed /home/ayadiab/chair_ws/src/build/medical_wheelchair\n'}
[4.098582] (medical_wheelchair) StdoutLine: {'line': b'running symlink_data\n'}
[4.109940] (-) TimerEvent: {}
[4.210138] (-) TimerEvent: {}
[4.215433] (medical_wheelchair) CommandEnded: {'returncode': 0}
[4.310248] (-) TimerEvent: {}
[4.410461] (-) TimerEvent: {}
[4.510698] (-) TimerEvent: {}
[4.610968] (-) TimerEvent: {}
[4.642528] (medical_wheelchair) JobEnded: {'identifier': 'medical_wheelchair', 'rc': 0}
[4.643498] (-) EventReactorShutdown: {}
