[1.254s] DEBUG:colcon:Command line arguments: ['/usr/bin/colcon', 'build', '--packages-select', 'medical_wheelchair', '--symlink-install']
[1.254s] DEBUG:colcon:Parsed command line arguments: Namespace(log_base=None, log_level=None, verb_name='build', build_base='build', install_base='install', merge_install=False, symlink_install=True, test_result_base=None, continue_on_error=False, executor='parallel', parallel_workers=4, event_handlers=None, ignore_user_meta=False, metas=['./colcon.meta'], base_paths=['.'], packages_ignore=None, packages_ignore_regex=None, paths=None, packages_up_to=None, packages_up_to_regex=None, packages_above=None, packages_above_and_dependencies=None, packages_above_depth=None, packages_select_by_dep=None, packages_skip_by_dep=None, packages_skip_up_to=None, packages_select_build_failed=False, packages_skip_build_finished=False, packages_select_test_failures=False, packages_skip_test_passed=False, packages_select=['medical_wheelchair'], packages_skip=None, packages_select_regex=None, packages_skip_regex=None, packages_start=None, packages_end=None, allow_overriding=[], cmake_args=None, cmake_target=None, cmake_target_skip_unavailable=False, cmake_clean_cache=False, cmake_clean_first=False, cmake_force_configure=False, ament_cmake_args=None, catkin_cmake_args=None, catkin_skip_building_tests=False, mixin_files=None, mixin=None, verb_parser=<colcon_mixin.mixin.mixin_argument.MixinArgumentDecorator object at 0x7ddf8d01cf10>, verb_extension=<colcon_core.verb.build.BuildVerb object at 0x7ddf8d129d80>, main=<bound method BuildVerb.main of <colcon_core.verb.build.BuildVerb object at 0x7ddf8d129d80>>, mixin_verb=('build',))
[5.786s] Level 1:colcon.colcon_core.package_discovery:discover_packages(colcon_meta) check parameters
[5.786s] Level 1:colcon.colcon_core.package_discovery:discover_packages(recursive) check parameters
[5.786s] Level 1:colcon.colcon_core.package_discovery:discover_packages(ignore) check parameters
[5.786s] Level 1:colcon.colcon_core.package_discovery:discover_packages(path) check parameters
[5.786s] Level 1:colcon.colcon_core.package_discovery:discover_packages(colcon_meta) discover
[5.787s] Level 1:colcon.colcon_core.package_discovery:discover_packages(recursive) discover
[5.787s] INFO:colcon.colcon_core.package_discovery:Crawling recursively for packages in '/home/ayadiab/chair_ws/src'
[5.787s] Level 1:colcon.colcon_core.package_identification:_identify(.) by extensions ['ignore', 'ignore_ament_install']
[5.787s] Level 1:colcon.colcon_core.package_identification:_identify(.) by extension 'ignore'
[5.788s] Level 1:colcon.colcon_core.package_identification:_identify(.) by extension 'ignore_ament_install'
[5.788s] Level 1:colcon.colcon_core.package_identification:_identify(.) by extensions ['colcon_pkg']
[5.788s] Level 1:colcon.colcon_core.package_identification:_identify(.) by extension 'colcon_pkg'
[5.788s] Level 1:colcon.colcon_core.package_identification:_identify(.) by extensions ['colcon_meta']
[5.788s] Level 1:colcon.colcon_core.package_identification:_identify(.) by extension 'colcon_meta'
[5.788s] Level 1:colcon.colcon_core.package_identification:_identify(.) by extensions ['ros']
[5.788s] Level 1:colcon.colcon_core.package_identification:_identify(.) by extension 'ros'
[5.807s] Level 1:colcon.colcon_core.package_identification:_identify(.) by extensions ['cmake', 'python']
[5.807s] Level 1:colcon.colcon_core.package_identification:_identify(.) by extension 'cmake'
[5.807s] Level 1:colcon.colcon_core.package_identification:_identify(.) by extension 'python'
[5.807s] Level 1:colcon.colcon_core.package_identification:_identify(.) by extensions ['python_setup_py']
[5.807s] Level 1:colcon.colcon_core.package_identification:_identify(.) by extension 'python_setup_py'
[5.820s] Level 1:colcon.colcon_core.package_identification:_identify(build) by extensions ['ignore', 'ignore_ament_install']
[5.820s] Level 1:colcon.colcon_core.package_identification:_identify(build) by extension 'ignore'
[5.820s] Level 1:colcon.colcon_core.package_identification:_identify(build) ignored
[5.849s] Level 1:colcon.colcon_core.package_identification:_identify(chair_controller) by extensions ['ignore', 'ignore_ament_install']
[5.850s] Level 1:colcon.colcon_core.package_identification:_identify(chair_controller) by extension 'ignore'
[5.850s] Level 1:colcon.colcon_core.package_identification:_identify(chair_controller) by extension 'ignore_ament_install'
[5.850s] Level 1:colcon.colcon_core.package_identification:_identify(chair_controller) by extensions ['colcon_pkg']
[5.850s] Level 1:colcon.colcon_core.package_identification:_identify(chair_controller) by extension 'colcon_pkg'
[5.850s] Level 1:colcon.colcon_core.package_identification:_identify(chair_controller) by extensions ['colcon_meta']
[5.850s] Level 1:colcon.colcon_core.package_identification:_identify(chair_controller) by extension 'colcon_meta'
[5.850s] Level 1:colcon.colcon_core.package_identification:_identify(chair_controller) by extensions ['ros']
[5.850s] Level 1:colcon.colcon_core.package_identification:_identify(chair_controller) by extension 'ros'
[5.881s] DEBUG:colcon.colcon_core.package_identification:Package 'chair_controller' with type 'ros.ament_python' and name 'chair_controller'
[5.881s] Level 1:colcon.colcon_core.package_identification:_identify(install) by extensions ['ignore', 'ignore_ament_install']
[5.881s] Level 1:colcon.colcon_core.package_identification:_identify(install) by extension 'ignore'
[5.882s] Level 1:colcon.colcon_core.package_identification:_identify(install) ignored
[5.882s] Level 1:colcon.colcon_core.package_identification:_identify(log) by extensions ['ignore', 'ignore_ament_install']
[5.882s] Level 1:colcon.colcon_core.package_identification:_identify(log) by extension 'ignore'
[5.882s] Level 1:colcon.colcon_core.package_identification:_identify(log) ignored
[5.882s] Level 1:colcon.colcon_core.package_identification:_identify(medical_wheelchair) by extensions ['ignore', 'ignore_ament_install']
[5.882s] Level 1:colcon.colcon_core.package_identification:_identify(medical_wheelchair) by extension 'ignore'
[5.882s] Level 1:colcon.colcon_core.package_identification:_identify(medical_wheelchair) by extension 'ignore_ament_install'
[5.882s] Level 1:colcon.colcon_core.package_identification:_identify(medical_wheelchair) by extensions ['colcon_pkg']
[5.882s] Level 1:colcon.colcon_core.package_identification:_identify(medical_wheelchair) by extension 'colcon_pkg'
[5.882s] Level 1:colcon.colcon_core.package_identification:_identify(medical_wheelchair) by extensions ['colcon_meta']
[5.882s] Level 1:colcon.colcon_core.package_identification:_identify(medical_wheelchair) by extension 'colcon_meta'
[5.883s] Level 1:colcon.colcon_core.package_identification:_identify(medical_wheelchair) by extensions ['ros']
[5.883s] Level 1:colcon.colcon_core.package_identification:_identify(medical_wheelchair) by extension 'ros'
[5.905s] DEBUG:colcon.colcon_core.package_identification:Package 'medical_wheelchair' with type 'ros.ament_python' and name 'medical_wheelchair'
[5.905s] Level 1:colcon.colcon_core.package_discovery:discover_packages(recursive) using defaults
[5.906s] Level 1:colcon.colcon_core.package_discovery:discover_packages(ignore) discover
[5.906s] Level 1:colcon.colcon_core.package_discovery:discover_packages(ignore) using defaults
[5.906s] Level 1:colcon.colcon_core.package_discovery:discover_packages(path) discover
[5.906s] Level 1:colcon.colcon_core.package_discovery:discover_packages(path) using defaults
[6.211s] INFO:colcon.colcon_core.package_selection:Skipping not selected package 'chair_controller' in 'chair_controller'
[6.267s] Level 1:colcon.colcon_core.package_discovery:discover_packages(prefix_path) check parameters
[6.267s] Level 1:colcon.colcon_core.package_discovery:discover_packages(prefix_path) discover
[6.359s] Level 1:colcon.colcon_core.package_discovery:discover_packages(prefix_path) using defaults
[6.413s] Level 5:colcon.colcon_core.verb:set package 'medical_wheelchair' build argument 'cmake_args' from command line to 'None'
[6.413s] Level 5:colcon.colcon_core.verb:set package 'medical_wheelchair' build argument 'cmake_target' from command line to 'None'
[6.414s] Level 5:colcon.colcon_core.verb:set package 'medical_wheelchair' build argument 'cmake_target_skip_unavailable' from command line to 'False'
[6.414s] Level 5:colcon.colcon_core.verb:set package 'medical_wheelchair' build argument 'cmake_clean_cache' from command line to 'False'
[6.414s] Level 5:colcon.colcon_core.verb:set package 'medical_wheelchair' build argument 'cmake_clean_first' from command line to 'False'
[6.414s] Level 5:colcon.colcon_core.verb:set package 'medical_wheelchair' build argument 'cmake_force_configure' from command line to 'False'
[6.414s] Level 5:colcon.colcon_core.verb:set package 'medical_wheelchair' build argument 'ament_cmake_args' from command line to 'None'
[6.414s] Level 5:colcon.colcon_core.verb:set package 'medical_wheelchair' build argument 'catkin_cmake_args' from command line to 'None'
[6.414s] Level 5:colcon.colcon_core.verb:set package 'medical_wheelchair' build argument 'catkin_skip_building_tests' from command line to 'False'
[6.414s] DEBUG:colcon.colcon_core.verb:Building package 'medical_wheelchair' with the following arguments: {'ament_cmake_args': None, 'build_base': '/home/ayadiab/chair_ws/src/build/medical_wheelchair', 'catkin_cmake_args': None, 'catkin_skip_building_tests': False, 'cmake_args': None, 'cmake_clean_cache': False, 'cmake_clean_first': False, 'cmake_force_configure': False, 'cmake_target': None, 'cmake_target_skip_unavailable': False, 'install_base': '/home/ayadiab/chair_ws/src/install/medical_wheelchair', 'merge_install': False, 'path': '/home/ayadiab/chair_ws/src/medical_wheelchair', 'symlink_install': True, 'test_result_base': None}
[6.414s] INFO:colcon.colcon_core.executor:Executing jobs using 'parallel' executor
[6.416s] DEBUG:colcon.colcon_parallel_executor.executor.parallel:run_until_complete
[6.417s] INFO:colcon.colcon_ros.task.ament_python.build:Building ROS package in '/home/ayadiab/chair_ws/src/medical_wheelchair' with build type 'ament_python'
[6.417s] Level 1:colcon.colcon_core.shell:create_environment_hook('medical_wheelchair', 'ament_prefix_path')
[6.429s] INFO:colcon.colcon_core.plugin_system:Skipping extension 'colcon_core.shell.bat': Not used on non-Windows systems
[6.429s] INFO:colcon.colcon_core.shell:Creating environment hook '/home/ayadiab/chair_ws/src/install/medical_wheelchair/share/medical_wheelchair/hook/ament_prefix_path.ps1'
[6.474s] INFO:colcon.colcon_core.shell:Creating environment descriptor '/home/ayadiab/chair_ws/src/install/medical_wheelchair/share/medical_wheelchair/hook/ament_prefix_path.dsv'
[6.500s] INFO:colcon.colcon_core.shell:Creating environment hook '/home/ayadiab/chair_ws/src/install/medical_wheelchair/share/medical_wheelchair/hook/ament_prefix_path.sh'
[6.502s] INFO:colcon.colcon_core.shell:Skip shell extension 'powershell' for command environment: Not usable outside of PowerShell
[6.502s] DEBUG:colcon.colcon_core.shell:Skip shell extension 'dsv' for command environment
[6.989s] INFO:colcon.colcon_core.task.python.build:Building Python package in '/home/ayadiab/chair_ws/src/medical_wheelchair'
[6.990s] INFO:colcon.colcon_core.shell:Skip shell extension 'powershell' for command environment: Not usable outside of PowerShell
[6.990s] DEBUG:colcon.colcon_core.shell:Skip shell extension 'dsv' for command environment
[9.932s] DEBUG:colcon.colcon_core.event_handler.log_command:Invoking command in '/home/ayadiab/chair_ws/src/build/medical_wheelchair': PYTHONPATH=/home/ayadiab/chair_ws/src/build/medical_wheelchair/prefix_override:/usr/lib/python3/dist-packages/colcon_core/task/python/colcon_distutils_commands:/home/ayadiab/chair_ws/src/install/medical_wheelchair/lib/python3.10/site-packages: /usr/bin/python3 -W ignore:setup.py install is deprecated -W ignore:easy_install command is deprecated setup.py develop --editable --build-directory /home/ayadiab/chair_ws/src/build/medical_wheelchair/build --no-deps symlink_data
[10.631s] Level 1:colcon.colcon_core.shell:create_environment_hook('medical_wheelchair', 'pythonpath_develop')
[10.632s] INFO:colcon.colcon_core.shell:Creating environment hook '/home/ayadiab/chair_ws/src/build/medical_wheelchair/share/medical_wheelchair/hook/pythonpath_develop.ps1'
[10.633s] DEBUG:colcon.colcon_core.event_handler.log_command:Invoked command in '/home/ayadiab/chair_ws/src/build/medical_wheelchair' returned '0': PYTHONPATH=/home/ayadiab/chair_ws/src/build/medical_wheelchair/prefix_override:/usr/lib/python3/dist-packages/colcon_core/task/python/colcon_distutils_commands:/home/ayadiab/chair_ws/src/install/medical_wheelchair/lib/python3.10/site-packages: /usr/bin/python3 -W ignore:setup.py install is deprecated -W ignore:easy_install command is deprecated setup.py develop --editable --build-directory /home/ayadiab/chair_ws/src/build/medical_wheelchair/build --no-deps symlink_data
[10.633s] INFO:colcon.colcon_core.shell:Creating environment descriptor '/home/ayadiab/chair_ws/src/build/medical_wheelchair/share/medical_wheelchair/hook/pythonpath_develop.dsv'
[10.634s] INFO:colcon.colcon_core.shell:Creating environment hook '/home/ayadiab/chair_ws/src/build/medical_wheelchair/share/medical_wheelchair/hook/pythonpath_develop.sh'
[10.764s] Level 1:colcon.colcon_core.environment:checking '/home/ayadiab/chair_ws/src/install/medical_wheelchair' for CMake module files
[10.788s] Level 1:colcon.colcon_core.environment:checking '/home/ayadiab/chair_ws/src/install/medical_wheelchair' for CMake config files
[10.972s] Level 1:colcon.colcon_core.environment:checking '/home/ayadiab/chair_ws/src/install/medical_wheelchair/lib'
[10.972s] Level 1:colcon.colcon_core.environment:checking '/home/ayadiab/chair_ws/src/install/medical_wheelchair/bin'
[10.972s] Level 1:colcon.colcon_core.environment:checking '/home/ayadiab/chair_ws/src/install/medical_wheelchair/lib/pkgconfig/medical_wheelchair.pc'
[10.973s] Level 1:colcon.colcon_core.environment:checking '/home/ayadiab/chair_ws/src/install/medical_wheelchair/lib/python3.10/site-packages'
[10.973s] Level 1:colcon.colcon_core.shell:create_environment_hook('medical_wheelchair', 'pythonpath')
[10.974s] INFO:colcon.colcon_core.shell:Creating environment hook '/home/ayadiab/chair_ws/src/install/medical_wheelchair/share/medical_wheelchair/hook/pythonpath.ps1'
[10.975s] INFO:colcon.colcon_core.shell:Creating environment descriptor '/home/ayadiab/chair_ws/src/install/medical_wheelchair/share/medical_wheelchair/hook/pythonpath.dsv'
[10.976s] INFO:colcon.colcon_core.shell:Creating environment hook '/home/ayadiab/chair_ws/src/install/medical_wheelchair/share/medical_wheelchair/hook/pythonpath.sh'
[10.977s] Level 1:colcon.colcon_core.environment:checking '/home/ayadiab/chair_ws/src/install/medical_wheelchair/bin'
[10.977s] Level 1:colcon.colcon_core.environment:create_environment_scripts_only(medical_wheelchair)
[10.978s] INFO:colcon.colcon_core.shell:Creating package script '/home/ayadiab/chair_ws/src/install/medical_wheelchair/share/medical_wheelchair/package.ps1'
[11.009s] INFO:colcon.colcon_core.shell:Creating package descriptor '/home/ayadiab/chair_ws/src/install/medical_wheelchair/share/medical_wheelchair/package.dsv'
[11.027s] INFO:colcon.colcon_core.shell:Creating package script '/home/ayadiab/chair_ws/src/install/medical_wheelchair/share/medical_wheelchair/package.sh'
[11.029s] INFO:colcon.colcon_core.shell:Creating package script '/home/ayadiab/chair_ws/src/install/medical_wheelchair/share/medical_wheelchair/package.bash'
[11.050s] INFO:colcon.colcon_core.shell:Creating package script '/home/ayadiab/chair_ws/src/install/medical_wheelchair/share/medical_wheelchair/package.zsh'
[11.058s] Level 1:colcon.colcon_core.environment:create_file_with_runtime_dependencies(/home/ayadiab/chair_ws/src/install/medical_wheelchair/share/colcon-core/packages/medical_wheelchair)
[11.058s] DEBUG:colcon.colcon_parallel_executor.executor.parallel:closing loop
[11.059s] DEBUG:colcon.colcon_parallel_executor.executor.parallel:loop closed
[11.059s] DEBUG:colcon.colcon_parallel_executor.executor.parallel:run_until_complete finished with '0'
[11.059s] DEBUG:colcon.colcon_core.event_reactor:joining thread
[11.111s] INFO:colcon.colcon_core.plugin_system:Skipping extension 'colcon_notification.desktop_notification.terminal_notifier': Not used on non-Darwin systems
[11.111s] INFO:colcon.colcon_core.plugin_system:Skipping extension 'colcon_notification.desktop_notification.win32': Not used on non-Windows systems
[11.111s] INFO:colcon.colcon_notification.desktop_notification:Sending desktop notification using 'notify2'
[11.130s] DEBUG:colcon.colcon_core.event_reactor:joined thread
[11.130s] INFO:colcon.colcon_core.shell:Creating prefix script '/home/ayadiab/chair_ws/src/install/local_setup.ps1'
[11.133s] INFO:colcon.colcon_core.shell:Creating prefix util module '/home/ayadiab/chair_ws/src/install/_local_setup_util_ps1.py'
[11.136s] INFO:colcon.colcon_core.shell:Creating prefix chain script '/home/ayadiab/chair_ws/src/install/setup.ps1'
[11.139s] INFO:colcon.colcon_core.shell:Creating prefix script '/home/ayadiab/chair_ws/src/install/local_setup.sh'
[11.140s] INFO:colcon.colcon_core.shell:Creating prefix util module '/home/ayadiab/chair_ws/src/install/_local_setup_util_sh.py'
[11.142s] INFO:colcon.colcon_core.shell:Creating prefix chain script '/home/ayadiab/chair_ws/src/install/setup.sh'
[11.145s] INFO:colcon.colcon_core.shell:Creating prefix script '/home/ayadiab/chair_ws/src/install/local_setup.bash'
[11.160s] INFO:colcon.colcon_core.shell:Creating prefix chain script '/home/ayadiab/chair_ws/src/install/setup.bash'
[11.162s] INFO:colcon.colcon_core.shell:Creating prefix script '/home/ayadiab/chair_ws/src/install/local_setup.zsh'
[11.169s] INFO:colcon.colcon_core.shell:Creating prefix chain script '/home/ayadiab/chair_ws/src/install/setup.zsh'
