[0.000000] (-) TimerEvent: {}
[0.002292] (medical_wheelchair) JobQueued: {'identifier': 'medical_wheelchair', 'dependencies': OrderedDict()}
[0.002371] (medical_wheelchair) JobStarted: {'identifier': 'medical_wheelchair'}
[0.099846] (-) TimerEvent: {}
[0.200326] (-) TimerEvent: {}
[0.300549] (-) TimerEvent: {}
[0.400799] (-) TimerEvent: {}
[0.501433] (-) TimerEvent: {}
[0.601716] (-) TimerEvent: {}
[0.702116] (-) TimerEvent: {}
[0.802678] (-) TimerEvent: {}
[0.903867] (-) TimerEvent: {}
[1.004587] (-) TimerEvent: {}
[1.095657] (medical_wheelchair) Command: {'cmd': ['/usr/bin/python3', '-W', 'ignore:setup.py install is deprecated', '-W', 'ignore:easy_install command is deprecated', 'setup.py', 'develop', '--editable', '--build-directory', '/home/ayadiab/chair_ws/src/medical_wheelchair/build/medical_wheelchair/build', '--no-deps', 'symlink_data'], 'cwd': '/home/ayadiab/chair_ws/src/medical_wheelchair/build/medical_wheelchair', 'env': {'GJS_DEBUG_TOPICS': 'JS ERROR;JS LOG', 'VSCODE_CWD': '/home/ayadiab', 'VSCODE_ESM_ENTRYPOINT': 'vs/workbench/api/node/extensionHostProcess', 'USER': 'ayadiab', 'LC_TIME': 'ar_EG.UTF-8', 'VSCODE_NLS_CONFIG': '{"userLocale":"en-us","osLocale":"en-us","resolvedLanguage":"en","defaultMessagesFile":"/usr/share/antigravity/resources/app/out/nls.messages.json","locale":"en-us","availableLanguages":{}}', 'VSCODE_HANDLES_UNCAUGHT_ERRORS': 'true', 'XDG_SESSION_TYPE': 'wayland', 'SHLVL': '0', 'HOME': '/home/ayadiab', 'CHROME_DESKTOP': 'antigravity.desktop', 'DESKTOP_SESSION': 'ubuntu', 'NO_PROXY': '*.azureedge.net', 'VSCODE_IPC_HOOK': '/run/user/1000/vscode-935cf70e-1.10-main.sock', 'GIO_LAUNCHED_DESKTOP_FILE': '/usr/share/applications/antigravity.desktop', 'GNOME_SHELL_SESSION_MODE': 'ubuntu', 'GTK_MODULES': 'gail:atk-bridge', 'LC_MONETARY': 'ar_EG.UTF-8', 'MANAGERPID': '1425', 'SYSTEMD_EXEC_PID': '1598', 'DBUS_SESSION_BUS_ADDRESS': 'unix:path=/run/user/1000/bus', 'GIO_LAUNCHED_DESKTOP_FILE_PID': '2798', 'VSCODE_CRASH_REPORTER_PROCESS_TYPE': 'extensionHost', 'IM_CONFIG_PHASE': '1', 'WAYLAND_DISPLAY': 'wayland-0', 'LOGNAME': 'ayadiab', 'JOURNAL_STREAM': '8:14546', '_': '/usr/bin/colcon', 'XDG_SESSION_CLASS': 'user', 'USERNAME': 'ayadiab', 'GNOME_DESKTOP_SESSION_ID': 'this-is-deprecated', 'FC_FONTATIONS': '1', 'ANTIGRAVITY_EDITOR_APP_ROOT': '/usr/share/antigravity/resources/app', 'PATH': '/usr/local/sbin:/usr/local/bin:/usr/sbin:/usr/bin:/sbin:/bin:/usr/games:/usr/local/games:/snap/bin:/snap/bin', 'SESSION_MANAGER': 'local/aya-diab:@/tmp/.ICE-unix/1569,unix/aya-diab:/tmp/.ICE-unix/1569', 'INVOCATION_ID': 'c6ebd0e9baf141f189be085158495471', 'XDG_MENU_PREFIX': 'gnome-', 'LC_ADDRESS': 'ar_EG.UTF-8', 'GNOME_SETUP_DISPLAY': ':1', 'XDG_RUNTIME_DIR': '/run/user/1000', 'GDK_BACKEND': 'wayland', 'DISPLAY': ':0', 'LANG': 'en_US.UTF-8', 'XDG_CURRENT_DESKTOP': 'ubuntu:GNOME', 'LC_TELEPHONE': 'ar_EG.UTF-8', 'XMODIFIERS': '@im=ibus', 'XDG_SESSION_DESKTOP': 'ubuntu', 'XAUTHORITY': '/run/user/1000/.mutter-Xwaylandauth.CUMXL3', 'SSH_AGENT_LAUNCHER': 'gnome-keyring', 'SSH_AUTH_SOCK': '/run/user/1000/keyring/ssh', 'SHELL': '/bin/bash', 'LC_NAME': 'ar_EG.UTF-8', 'QT_ACCESSIBILITY': '1', 'ELECTRON_RUN_AS_NODE': '1', 'GDMSESSION': 'ubuntu', 'LC_MEASUREMENT': 'ar_EG.UTF-8', 'GJS_DEBUG_OUTPUT': 'stderr', 'LC_IDENTIFICATION': 'ar_EG.UTF-8', 'QT_IM_MODULE': 'ibus', 'PWD': '/home/ayadiab/chair_ws/src/medical_wheelchair/build/medical_wheelchair', 'LC_ALL': 'en_US.UTF-8', 'XDG_CONFIG_DIRS': '/etc/xdg/xdg-ubuntu:/etc/xdg', 'VSCODE_CODE_CACHE_PATH': '/home/ayadiab/.config/Antigravity/CachedData/d2597a5c475647ed306b22de1e39853c7812d07d', 'XDG_DATA_DIRS': '/usr/share/ubuntu:/usr/local/share/:/usr/share/:/var/lib/snapd/desktop', 'LC_NUMERIC': 'ar_EG.UTF-8', 'LC_PAPER': 'ar_EG.UTF-8', 'COLCON': '1', 'VSCODE_PID': '2798', 'PYTHONPATH': '/home/ayadiab/chair_ws/src/medical_wheelchair/build/medical_wheelchair/prefix_override:/usr/lib/python3/dist-packages/colcon_core/task/python/colcon_distutils_commands:/home/ayadiab/chair_ws/src/medical_wheelchair/install/medical_wheelchair/lib/python3.10/site-packages:'}, 'shell': False}
[1.105670] (-) TimerEvent: {}
[1.205935] (-) TimerEvent: {}
[1.306176] (-) TimerEvent: {}
[1.407424] (-) TimerEvent: {}
[1.507670] (-) TimerEvent: {}
[1.533022] (medical_wheelchair) StdoutLine: {'line': b'running develop\n'}
[1.607764] (-) TimerEvent: {}
[1.708110] (-) TimerEvent: {}
[1.713023] (medical_wheelchair) StdoutLine: {'line': b'running egg_info\n'}
[1.713307] (medical_wheelchair) StdoutLine: {'line': b'creating medical_wheelchair.egg-info\n'}
[1.714252] (medical_wheelchair) StdoutLine: {'line': b'writing medical_wheelchair.egg-info/PKG-INFO\n'}
[1.714669] (medical_wheelchair) StdoutLine: {'line': b'writing dependency_links to medical_wheelchair.egg-info/dependency_links.txt\n'}
[1.714990] (medical_wheelchair) StdoutLine: {'line': b'writing entry points to medical_wheelchair.egg-info/entry_points.txt\n'}
[1.715132] (medical_wheelchair) StdoutLine: {'line': b'writing requirements to medical_wheelchair.egg-info/requires.txt\n'}
[1.715425] (medical_wheelchair) StdoutLine: {'line': b'writing top-level names to medical_wheelchair.egg-info/top_level.txt\n'}
[1.715560] (medical_wheelchair) StdoutLine: {'line': b"writing manifest file 'medical_wheelchair.egg-info/SOURCES.txt'\n"}
[1.718754] (medical_wheelchair) StdoutLine: {'line': b"reading manifest file 'medical_wheelchair.egg-info/SOURCES.txt'\n"}
[1.722804] (medical_wheelchair) StdoutLine: {'line': b"writing manifest file 'medical_wheelchair.egg-info/SOURCES.txt'\n"}
[1.723472] (medical_wheelchair) StdoutLine: {'line': b'running build_ext\n'}
[1.724889] (medical_wheelchair) StdoutLine: {'line': b'Creating /home/ayadiab/chair_ws/src/medical_wheelchair/install/medical_wheelchair/lib/python3.10/site-packages/medical-wheelchair.egg-link (link to .)\n'}
[1.727468] (medical_wheelchair) StdoutLine: {'line': b'\n'}
[1.727660] (medical_wheelchair) StdoutLine: {'line': b'Installed /home/ayadiab/chair_ws/src/medical_wheelchair/build/medical_wheelchair\n'}
[1.727793] (medical_wheelchair) StdoutLine: {'line': b'running symlink_data\n'}
[1.727914] (medical_wheelchair) StdoutLine: {'line': b'creating /home/ayadiab/chair_ws/src/medical_wheelchair/install/medical_wheelchair/share/ament_index\n'}
[1.728033] (medical_wheelchair) StdoutLine: {'line': b'creating /home/ayadiab/chair_ws/src/medical_wheelchair/install/medical_wheelchair/share/ament_index/resource_index\n'}
[1.728151] (medical_wheelchair) StdoutLine: {'line': b'creating /home/ayadiab/chair_ws/src/medical_wheelchair/install/medical_wheelchair/share/ament_index/resource_index/packages\n'}
[1.728270] (medical_wheelchair) StdoutLine: {'line': b'symbolically linking /home/ayadiab/chair_ws/src/medical_wheelchair/build/medical_wheelchair/resource/medical_wheelchair -> /home/ayadiab/chair_ws/src/medical_wheelchair/install/medical_wheelchair/share/ament_index/resource_index/packages\n'}
[1.728414] (medical_wheelchair) StdoutLine: {'line': b'symbolically linking /home/ayadiab/chair_ws/src/medical_wheelchair/build/medical_wheelchair/package.xml -> /home/ayadiab/chair_ws/src/medical_wheelchair/install/medical_wheelchair/share/medical_wheelchair\n'}
[1.728534] (medical_wheelchair) StdoutLine: {'line': b'creating /home/ayadiab/chair_ws/src/medical_wheelchair/install/medical_wheelchair/share/medical_wheelchair/launch\n'}
[1.728683] (medical_wheelchair) StdoutLine: {'line': b'symbolically linking /home/ayadiab/chair_ws/src/medical_wheelchair/build/medical_wheelchair/launch/spawn_wheelchair.launch.py -> /home/ayadiab/chair_ws/src/medical_wheelchair/install/medical_wheelchair/share/medical_wheelchair/launch\n'}
[1.728811] (medical_wheelchair) StdoutLine: {'line': b'creating /home/ayadiab/chair_ws/src/medical_wheelchair/install/medical_wheelchair/share/medical_wheelchair/rviz\n'}
[1.728928] (medical_wheelchair) StdoutLine: {'line': b'symbolically linking /home/ayadiab/chair_ws/src/medical_wheelchair/build/medical_wheelchair/rviz/medical_wheelchair.rviz -> /home/ayadiab/chair_ws/src/medical_wheelchair/install/medical_wheelchair/share/medical_wheelchair/rviz\n'}
[1.729049] (medical_wheelchair) StdoutLine: {'line': b'creating /home/ayadiab/chair_ws/src/medical_wheelchair/install/medical_wheelchair/share/medical_wheelchair/urdf\n'}
[1.729196] (medical_wheelchair) StdoutLine: {'line': b'symbolically linking /home/ayadiab/chair_ws/src/medical_wheelchair/build/medical_wheelchair/urdf/wheelchair.xacro -> /home/ayadiab/chair_ws/src/medical_wheelchair/install/medical_wheelchair/share/medical_wheelchair/urdf\n'}
[1.790159] (medical_wheelchair) CommandEnded: {'returncode': 0}
[1.808816] (-) TimerEvent: {}
[1.816747] (medical_wheelchair) JobEnded: {'identifier': 'medical_wheelchair', 'rc': 0}
[1.817708] (-) EventReactorShutdown: {}
