[0.000000] (-) TimerEvent: {}
[0.000426] (-) JobUnselected: {'identifier': 'chair_controller'}
[0.000953] (medical_wheelchair) JobQueued: {'identifier': 'medical_wheelchair', 'dependencies': OrderedDict()}
[0.001055] (medical_wheelchair) JobStarted: {'identifier': 'medical_wheelchair'}
[0.099170] (-) TimerEvent: {}
[0.199423] (-) TimerEvent: {}
[0.299657] (-) TimerEvent: {}
[0.399884] (-) TimerEvent: {}
[0.500140] (-) TimerEvent: {}
[0.600409] (-) TimerEvent: {}
[0.700671] (-) TimerEvent: {}
[0.800890] (-) TimerEvent: {}
[0.901135] (-) TimerEvent: {}
[1.001380] (-) TimerEvent: {}
[1.101584] (-) TimerEvent: {}
[1.201842] (-) TimerEvent: {}
[1.302175] (-) TimerEvent: {}
[1.402412] (-) TimerEvent: {}
[1.502704] (-) TimerEvent: {}
[1.603015] (-) TimerEvent: {}
[1.703507] (-) TimerEvent: {}
[1.803802] (-) TimerEvent: {}
[1.904134] (-) TimerEvent: {}
[2.004473] (-) TimerEvent: {}
[2.104801] (-) TimerEvent: {}
[2.205153] (-) TimerEvent: {}
[2.305460] (-) TimerEvent: {}
[2.405787] (-) TimerEvent: {}
[2.506069] (-) TimerEvent: {}
[2.606328] (-) TimerEvent: {}
[2.706595] (-) TimerEvent: {}
[2.806826] (-) TimerEvent: {}
[2.907133] (-) TimerEvent: {}
[3.007433] (-) TimerEvent: {}
[3.107713] (-) TimerEvent: {}
[3.208003] (-) TimerEvent: {}
[3.271731] (medical_wheelchair) Command: {'cmd': ['/usr/bin/python3', '-W', 'ignore:setup.py install is deprecated', '-W', 'ignore:easy_install command is deprecated', 'setup.py', 'develop', '--editable', '--build-directory', '/home/ayadiab/chair_ws/src/build/medical_wheelchair/build', '--no-deps', 'symlink_data'], 'cwd': '/home/ayadiab/chair_ws/src/build/medical_wheelchair', 'env': {'GJS_DEBUG_TOPICS': 'JS ERROR;JS LOG', 'VSCODE_CWD': '/home/ayadiab', 'VSCODE_ESM_ENTRYPOINT': 'vs/workbench/api/node/extensionHostProcess', 'USER': 'ayadiab', 'LC_TIME': 'ar_EG.UTF-8', 'VSCODE_NLS_CONFIG': '{"userLocale":"en-us","osLocale":"en-us","resolvedLanguage":"en","defaultMessagesFile":"/usr/share/antigravity/resources/app/out/nls.messages.json","locale":"en-us","availableLanguages":{}}', 'VSCODE_HANDLES_UNCAUGHT_ERRORS': 'true', 'XDG_SESSION_TYPE': 'wayland', 'SHLVL': '0', 'HOME': '/home/ayadiab', 'CHROME_DESKTOP': 'antigravity.desktop', 'DESKTOP_SESSION': 'ubuntu', 'NO_PROXY': '*.azureedge.net', 'VSCODE_IPC_HOOK': '/run/user/1000/vscode-935cf70e-1.10-main.sock', 'GIO_LAUNCHED_DESKTOP_FILE': '/usr/share/applications/antigravity.desktop', 'GNOME_SHELL_SESSION_MODE': 'ubuntu', 'GTK_MODULES': 'gail:atk-bridge', 'LC_MONETARY': 'ar_EG.UTF-8', 'MANAGERPID': '1409', 'SYSTEMD_EXEC_PID': '1584', 'DBUS_SESSION_BUS_ADDRESS': 'unix:path=/run/user/1000/bus', 'GIO_LAUNCHED_DESKTOP_FILE_PID': '7646', 'VSCODE_CRASH_REPORTER_PROCESS_TYPE': 'extensionHost', 'IM_CONFIG_PHASE': '1', 'WAYLAND_DISPLAY': 'wayland-0', 'LOGNAME': 'ayadiab', '_': '/usr/bin/colcon', 'JOURNAL_STREAM': '8:12092', 'XDG_SESSION_CLASS': 'user', 'USERNAME': 'ayadiab', 'GNOME_DESKTOP_SESSION_ID': 'this-is-deprecated', 'FC_FONTATIONS': '1', 'ANTIGRAVITY_EDITOR_APP_ROOT': '/usr/share/antigravity/resources/app', 'PATH': '/usr/local/sbin:/usr/local/bin:/usr/sbin:/usr/bin:/sbin:/bin:/usr/games:/usr/local/games:/snap/bin:/snap/bin', 'SESSION_MANAGER': 'local/aya-diab:@/tmp/.ICE-unix/1560,unix/aya-diab:/tmp/.ICE-unix/1560', 'INVOCATION_ID': '9f496da45f564b7ba9c6ccb559a4ad12', 'XDG_MENU_PREFIX': 'gnome-', 'LC_ADDRESS': 'ar_EG.UTF-8', 'GNOME_SETUP_DISPLAY': ':1', 'XDG_RUNTIME_DIR': '/run/user/1000', 'GDK_BACKEND': 'wayland', 'DISPLAY': ':0', 'LANG': 'en_US.UTF-8', 'XDG_CURRENT_DESKTOP': 'ubuntu:GNOME', 'LC_TELEPHONE': 'ar_EG.UTF-8', 'XMODIFIERS': '@im=ibus', 'XDG_SESSION_DESKTOP': 'ubuntu', 'XAUTHORITY': '/run/user/1000/.mutter-Xwaylandauth.7XV9L3', 'SSH_AGENT_LAUNCHER': 'gnome-keyring', 'SSH_AUTH_SOCK': '/run/user/1000/keyring/ssh', 'SHELL': '/bin/bash', 'LC_NAME': 'ar_EG.UTF-8', 'QT_ACCESSIBILITY': '1', 'ELECTRON_RUN_AS_NODE': '1', 'GDMSESSION': 'ubuntu', 'LC_MEASUREMENT': 'ar_EG.UTF-8', 'GJS_DEBUG_OUTPUT': 'stderr', 'LC_IDENTIFICATION': 'ar_EG.UTF-8', 'QT_IM_MODULE': 'ibus', 'PWD': '/home/ayadiab/chair_ws/src/build/medical_wheelchair', 'LC_ALL': 'en_US.UTF-8', 'XDG_CONFIG_DIRS': '/etc/xdg/xdg-ubuntu:/etc/xdg', 'VSCODE_CODE_CACHE_PATH': '/home/ayadiab/.config/Antigravity/CachedData/d2597a5c475647ed306b22de1e39853c7812d07d', 'XDG_DATA_DIRS': '/usr/share/ubuntu:/usr/local/share/:/usr/share/:/var/lib/snapd/desktop', 'LC_NUMERIC': 'ar_EG.UTF-8', 'LC_PAPER': 'ar_EG.UTF-8', 'COLCON': '1', 'VSCODE_PID': '7646', 'PYTHONPATH': '/home/ayadiab/chair_ws/src/build/medical_wheelchair/prefix_override:/usr/lib/python3/dist-packages/colcon_core/task/python/colcon_distutils_commands:/home/ayadiab/chair_ws/src/install/medical_wheelchair/lib/python3.10/site-packages:'}, 'shell': False}
[3.308128] (-) TimerEvent: {}
[3.408354] (-) TimerEvent: {}
[3.508557] (-) TimerEvent: {}
[3.608773] (-) TimerEvent: {}
[3.647768] (medical_wheelchair) StdoutLine: {'line': b'running develop\n'}
[3.708906] (-) TimerEvent: {}
[3.778986] (medical_wheelchair) StdoutLine: {'line': b'running egg_info\n'}
[3.780120] (medical_wheelchair) StdoutLine: {'line': b'writing medical_wheelchair.egg-info/PKG-INFO\n'}
[3.780308] (medical_wheelchair) StdoutLine: {'line': b'writing dependency_links to medical_wheelchair.egg-info/dependency_links.txt\n'}
[3.780422] (medical_wheelchair) StdoutLine: {'line': b'writing entry points to medical_wheelchair.egg-info/entry_points.txt\n'}
[3.780532] (medical_wheelchair) StdoutLine: {'line': b'writing requirements to medical_wheelchair.egg-info/requires.txt\n'}
[3.780639] (medical_wheelchair) StdoutLine: {'line': b'writing top-level names to medical_wheelchair.egg-info/top_level.txt\n'}
[3.791356] (medical_wheelchair) StdoutLine: {'line': b"reading manifest file 'medical_wheelchair.egg-info/SOURCES.txt'\n"}
[3.809010] (-) TimerEvent: {}
[3.909273] (-) TimerEvent: {}
[3.978732] (medical_wheelchair) StdoutLine: {'line': b"writing manifest file 'medical_wheelchair.egg-info/SOURCES.txt'\n"}
[3.980765] (medical_wheelchair) StdoutLine: {'line': b'running build_ext\n'}
[3.981638] (medical_wheelchair) StdoutLine: {'line': b'Creating /home/ayadiab/chair_ws/src/install/medical_wheelchair/lib/python3.10/site-packages/medical-wheelchair.egg-link (link to .)\n'}
[3.982886] (medical_wheelchair) StdoutLine: {'line': b'\n'}
[3.983137] (medical_wheelchair) StdoutLine: {'line': b'Installed /home/ayadiab/chair_ws/src/build/medical_wheelchair\n'}
[3.983328] (medical_wheelchair) StdoutLine: {'line': b'running symlink_data\n'}
[4.009452] (-) TimerEvent: {}
[4.029586] (medical_wheelchair) CommandEnded: {'returncode': 0}
[4.109617] (-) TimerEvent: {}
[4.209934] (-) TimerEvent: {}
[4.310271] (-) TimerEvent: {}
[4.410580] (-) TimerEvent: {}
[4.510889] (-) TimerEvent: {}
[4.611191] (-) TimerEvent: {}
[4.711509] (-) TimerEvent: {}
[4.811843] (-) TimerEvent: {}
[4.912166] (-) TimerEvent: {}
[5.012479] (-) TimerEvent: {}
[5.112754] (-) TimerEvent: {}
[5.213560] (-) TimerEvent: {}
[5.314010] (-) TimerEvent: {}
[5.414335] (-) TimerEvent: {}
[5.514621] (-) TimerEvent: {}
[5.614914] (-) TimerEvent: {}
[5.715186] (-) TimerEvent: {}
[5.815481] (-) TimerEvent: {}
[5.915813] (-) TimerEvent: {}
[6.016166] (-) TimerEvent: {}
[6.117173] (-) TimerEvent: {}
[6.217579] (-) TimerEvent: {}
[6.317864] (-) TimerEvent: {}
[6.418189] (-) TimerEvent: {}
[6.518576] (-) TimerEvent: {}
[6.618911] (-) TimerEvent: {}
[6.719311] (-) TimerEvent: {}
[6.752066] (medical_wheelchair) JobEnded: {'identifier': 'medical_wheelchair', 'rc': 0}
[6.754186] (-) EventReactorShutdown: {}
