[1.421s] Invoking command in '/home/ayadiab/chair_ws/src/medical_wheelchair': PYTHONPATH=/home/ayadiab/chair_ws/build/medical_wheelchair/prefix_override:/usr/lib/python3/dist-packages/colcon_core/task/python/colcon_distutils_commands:/home/ayadiab/chair_ws/install/medical_wheelchair/lib/python3.10/site-packages:${PYTHONPATH} /usr/bin/python3 -W ignore:setup.py install is deprecated -W ignore:easy_install command is deprecated setup.py egg_info --egg-base ../../build/medical_wheelchair build --build-base /home/ayadiab/chair_ws/build/medical_wheelchair/build install --record /home/ayadiab/chair_ws/build/medical_wheelchair/install.log --single-version-externally-managed install_data
[1.752s] running egg_info
[1.753s] writing ../../build/medical_wheelchair/medical_wheelchair.egg-info/PKG-INFO
[1.754s] writing dependency_links to ../../build/medical_wheelchair/medical_wheelchair.egg-info/dependency_links.txt
[1.754s] writing entry points to ../../build/medical_wheelchair/medical_wheelchair.egg-info/entry_points.txt
[1.754s] writing requirements to ../../build/medical_wheelchair/medical_wheelchair.egg-info/requires.txt
[1.755s] writing top-level names to ../../build/medical_wheelchair/medical_wheelchair.egg-info/top_level.txt
[1.760s] reading manifest file '../../build/medical_wheelchair/medical_wheelchair.egg-info/SOURCES.txt'
[1.761s] writing manifest file '../../build/medical_wheelchair/medical_wheelchair.egg-info/SOURCES.txt'
[1.762s] running build
[1.762s] running build_py
[1.762s] running install
[1.765s] running install_lib
[1.765s] running install_data
[1.766s] running install_egg_info
[1.767s] removing '/home/ayadiab/chair_ws/install/medical_wheelchair/lib/python3.10/site-packages/medical_wheelchair-0.0.0-py3.10.egg-info' (and everything under it)
[1.768s] Copying ../../build/medical_wheelchair/medical_wheelchair.egg-info to /home/ayadiab/chair_ws/install/medical_wheelchair/lib/python3.10/site-packages/medical_wheelchair-0.0.0-py3.10.egg-info
[1.769s] running install_scripts
[1.798s] writing list of installed files to '/home/ayadiab/chair_ws/build/medical_wheelchair/install.log'
[1.837s] Invoked command in '/home/ayadiab/chair_ws/src/medical_wheelchair' returned '0': PYTHONPATH=/home/ayadiab/chair_ws/build/medical_wheelchair/prefix_override:/usr/lib/python3/dist-packages/colcon_core/task/python/colcon_distutils_commands:/home/ayadiab/chair_ws/install/medical_wheelchair/lib/python3.10/site-packages:${PYTHONPATH} /usr/bin/python3 -W ignore:setup.py install is deprecated -W ignore:easy_install command is deprecated setup.py egg_info --egg-base ../../build/medical_wheelchair build --build-base /home/ayadiab/chair_ws/build/medical_wheelchair/build install --record /home/ayadiab/chair_ws/build/medical_wheelchair/install.log --single-version-externally-managed install_data
