[3.105s] Invoking command in '/home/ayadiab/chair_ws/src/medical_wheelchair/build/medical_wheelchair': PYTHONPATH=/home/ayadiab/chair_ws/src/medical_wheelchair/build/medical_wheelchair/prefix_override:/usr/lib/python3/dist-packages/colcon_core/task/python/colcon_distutils_commands:/home/ayadiab/chair_ws/src/medical_wheelchair/install/medical_wheelchair/lib/python3.10/site-packages: /usr/bin/python3 -W ignore:setup.py install is deprecated -W ignore:easy_install command is deprecated setup.py develop --editable --build-directory /home/ayadiab/chair_ws/src/medical_wheelchair/build/medical_wheelchair/build --no-deps symlink_data
[3.402s] running develop
[3.527s] running egg_info
[3.527s] creating medical_wheelchair.egg-info
[3.527s] writing medical_wheelchair.egg-info/PKG-INFO
[3.528s] writing dependency_links to medical_wheelchair.egg-info/dependency_links.txt
[3.528s] writing entry points to medical_wheelchair.egg-info/entry_points.txt
[3.528s] writing requirements to medical_wheelchair.egg-info/requires.txt
[3.528s] writing top-level names to medical_wheelchair.egg-info/top_level.txt
[3.528s] writing manifest file 'medical_wheelchair.egg-info/SOURCES.txt'
[3.530s] reading manifest file 'medical_wheelchair.egg-info/SOURCES.txt'
[3.531s] writing manifest file 'medical_wheelchair.egg-info/SOURCES.txt'
[3.533s] running build_ext
[3.533s] Creating /home/ayadiab/chair_ws/src/medical_wheelchair/install/medical_wheelchair/lib/python3.10/site-packages/medical-wheelchair.egg-link (link to .)
[3.535s] 
[3.536s] Installed /home/ayadiab/chair_ws/src/medical_wheelchair/build/medical_wheelchair
[3.536s] running symlink_data
[3.536s] creating /home/ayadiab/chair_ws/src/medical_wheelchair/install/medical_wheelchair/share/medical_wheelchair/launch
[3.536s] symbolically linking /home/ayadiab/chair_ws/src/medical_wheelchair/build/medical_wheelchair/launch/spawn_wheelchair.launch.py -> /home/ayadiab/chair_ws/src/medical_wheelchair/install/medical_wheelchair/share/medical_wheelchair/launch
[3.577s] Invoked command in '/home/ayadiab/chair_ws/src/medical_wheelchair/build/medical_wheelchair' returned '0': PYTHONPATH=/home/ayadiab/chair_ws/src/medical_wheelchair/build/medical_wheelchair/prefix_override:/usr/lib/python3/dist-packages/colcon_core/task/python/colcon_distutils_commands:/home/ayadiab/chair_ws/src/medical_wheelchair/install/medical_wheelchair/lib/python3.10/site-packages: /usr/bin/python3 -W ignore:setup.py install is deprecated -W ignore:easy_install command is deprecated setup.py develop --editable --build-directory /home/ayadiab/chair_ws/src/medical_wheelchair/build/medical_wheelchair/build --no-deps symlink_data
