[1.345s] Invoking command in '/home/ayadiab/chair_ws/src/chair_controller': PYTHONPATH=/home/ayadiab/chair_ws/build/chair_controller/prefix_override:/usr/lib/python3/dist-packages/colcon_core/task/python/colcon_distutils_commands:/home/ayadiab/chair_ws/install/chair_controller/lib/python3.10/site-packages:${PYTHONPATH} /usr/bin/python3 -W ignore:setup.py install is deprecated -W ignore:easy_install command is deprecated setup.py egg_info --egg-base ../../build/chair_controller build --build-base /home/ayadiab/chair_ws/build/chair_controller/build install --record /home/ayadiab/chair_ws/build/chair_controller/install.log --single-version-externally-managed
[1.701s] running egg_info
[1.702s] writing ../../build/chair_controller/chair_controller.egg-info/PKG-INFO
[1.703s] writing dependency_links to ../../build/chair_controller/chair_controller.egg-info/dependency_links.txt
[1.703s] writing entry points to ../../build/chair_controller/chair_controller.egg-info/entry_points.txt
[1.703s] writing requirements to ../../build/chair_controller/chair_controller.egg-info/requires.txt
[1.703s] writing top-level names to ../../build/chair_controller/chair_controller.egg-info/top_level.txt
[1.706s] reading manifest file '../../build/chair_controller/chair_controller.egg-info/SOURCES.txt'
[1.707s] writing manifest file '../../build/chair_controller/chair_controller.egg-info/SOURCES.txt'
[1.707s] running build
[1.708s] running build_py
[1.708s] running install
[1.708s] running install_lib
[1.712s] running install_egg_info
[1.714s] removing '/home/ayadiab/chair_ws/install/chair_controller/lib/python3.10/site-packages/chair_controller-0.0.1-py3.10.egg-info' (and everything under it)
[1.715s] Copying ../../build/chair_controller/chair_controller.egg-info to /home/ayadiab/chair_ws/install/chair_controller/lib/python3.10/site-packages/chair_controller-0.0.1-py3.10.egg-info
[1.717s] running install_scripts
[1.745s] Installing base_controller script to /home/ayadiab/chair_ws/install/chair_controller/lib/chair_controller
[1.745s] Installing lidar_fake_publisher script to /home/ayadiab/chair_ws/install/chair_controller/lib/chair_controller
[1.746s] Installing motor_driver script to /home/ayadiab/chair_ws/install/chair_controller/lib/chair_controller
[1.746s] Installing obstacle_detector script to /home/ayadiab/chair_ws/install/chair_controller/lib/chair_controller
[1.746s] writing list of installed files to '/home/ayadiab/chair_ws/build/chair_controller/install.log'
[1.795s] Invoked command in '/home/ayadiab/chair_ws/src/chair_controller' returned '0': PYTHONPATH=/home/ayadiab/chair_ws/build/chair_controller/prefix_override:/usr/lib/python3/dist-packages/colcon_core/task/python/colcon_distutils_commands:/home/ayadiab/chair_ws/install/chair_controller/lib/python3.10/site-packages:${PYTHONPATH} /usr/bin/python3 -W ignore:setup.py install is deprecated -W ignore:easy_install command is deprecated setup.py egg_info --egg-base ../../build/chair_controller build --build-base /home/ayadiab/chair_ws/build/chair_controller/build install --record /home/ayadiab/chair_ws/build/chair_controller/install.log --single-version-externally-managed
