[0.152s] DEBUG:colcon:Command line arguments: ['/usr/bin/colcon', 'build']
[0.152s] DEBUG:colcon:Parsed command line arguments: Namespace(log_base=None, log_level=None, verb_name='build', build_base='build', install_base='install', merge_install=False, symlink_install=False, test_result_base=None, continue_on_error=False, executor='parallel', parallel_workers=4, event_handlers=None, ignore_user_meta=False, metas=['./colcon.meta'], base_paths=['.'], packages_ignore=None, packages_ignore_regex=None, paths=None, packages_up_to=None, packages_up_to_regex=None, packages_above=None, packages_above_and_dependencies=None, packages_above_depth=None, packages_select_by_dep=None, packages_skip_by_dep=None, packages_skip_up_to=None, packages_select_build_failed=False, packages_skip_build_finished=False, packages_select_test_failures=False, packages_skip_test_passed=False, packages_select=None, packages_skip=None, packages_select_regex=None, packages_skip_regex=None, packages_start=None, packages_end=None, allow_overriding=[], cmake_args=None, cmake_target=None, cmake_target_skip_unavailable=False, cmake_clean_cache=False, cmake_clean_first=False, cmake_force_configure=False, ament_cmake_args=None, catkin_cmake_args=None, catkin_skip_building_tests=False, mixin_files=None, mixin=None, verb_parser=<colcon_mixin.mixin.mixin_argument.MixinArgumentDecorator object at 0x79e949d43190>, verb_extension=<colcon_core.verb.build.BuildVerb object at 0x79e949e90040>, main=<bound method BuildVerb.main of <colcon_core.verb.build.BuildVerb object at 0x79e949e90040>>, mixin_verb=('build',))
[0.389s] Level 1:colcon.colcon_core.package_discovery:discover_packages(colcon_meta) check parameters
[0.389s] Level 1:colcon.colcon_core.package_discovery:discover_packages(recursive) check parameters
[0.389s] Level 1:colcon.colcon_core.package_discovery:discover_packages(ignore) check parameters
[0.389s] Level 1:colcon.colcon_core.package_discovery:discover_packages(path) check parameters
[0.389s] Level 1:colcon.colcon_core.package_discovery:discover_packages(colcon_meta) discover
[0.389s] Level 1:colcon.colcon_core.package_discovery:discover_packages(recursive) discover
[0.389s] INFO:colcon.colcon_core.package_discovery:Crawling recursively for packages in '/home/ayadiab/chair_ws'
[0.389s] Level 1:colcon.colcon_core.package_identification:_identify(.) by extensions ['ignore', 'ignore_ament_install']
[0.390s] Level 1:colcon.colcon_core.package_identification:_identify(.) by extension 'ignore'
[0.390s] Level 1:colcon.colcon_core.package_identification:_identify(.) by extension 'ignore_ament_install'
[0.390s] Level 1:colcon.colcon_core.package_identification:_identify(.) by extensions ['colcon_pkg']
[0.390s] Level 1:colcon.colcon_core.package_identification:_identify(.) by extension 'colcon_pkg'
[0.390s] Level 1:colcon.colcon_core.package_identification:_identify(.) by extensions ['colcon_meta']
[0.390s] Level 1:colcon.colcon_core.package_identification:_identify(.) by extension 'colcon_meta'
[0.390s] Level 1:colcon.colcon_core.package_identification:_identify(.) by extensions ['ros']
[0.390s] Level 1:colcon.colcon_core.package_identification:_identify(.) by extension 'ros'
[0.408s] Level 1:colcon.colcon_core.package_identification:_identify(.) by extensions ['cmake', 'python']
[0.408s] Level 1:colcon.colcon_core.package_identification:_identify(.) by extension 'cmake'
[0.408s] Level 1:colcon.colcon_core.package_identification:_identify(.) by extension 'python'
[0.408s] Level 1:colcon.colcon_core.package_identification:_identify(.) by extensions ['python_setup_py']
[0.408s] Level 1:colcon.colcon_core.package_identification:_identify(.) by extension 'python_setup_py'
[0.409s] Level 1:colcon.colcon_core.package_identification:_identify(build) by extensions ['ignore', 'ignore_ament_install']
[0.409s] Level 1:colcon.colcon_core.package_identification:_identify(build) by extension 'ignore'
[0.409s] Level 1:colcon.colcon_core.package_identification:_identify(build) ignored
[0.409s] Level 1:colcon.colcon_core.package_identification:_identify(install) by extensions ['ignore', 'ignore_ament_install']
[0.409s] Level 1:colcon.colcon_core.package_identification:_identify(install) by extension 'ignore'
[0.409s] Level 1:colcon.colcon_core.package_identification:_identify(install) ignored
[0.410s] Level 1:colcon.colcon_core.package_identification:_identify(log) by extensions ['ignore', 'ignore_ament_install']
[0.410s] Level 1:colcon.colcon_core.package_identification:_identify(log) by extension 'ignore'
[0.410s] Level 1:colcon.colcon_core.package_identification:_identify(log) ignored
[0.410s] Level 1:colcon.colcon_core.package_identification:_identify(src) by extensions ['ignore', 'ignore_ament_install']
[0.410s] Level 1:colcon.colcon_core.package_identification:_identify(src) by extension 'ignore'
[0.410s] Level 1:colcon.colcon_core.package_identification:_identify(src) by extension 'ignore_ament_install'
[0.410s] Level 1:colcon.colcon_core.package_identification:_identify(src) by extensions ['colcon_pkg']
[0.410s] Level 1:colcon.colcon_core.package_identification:_identify(src) by extension 'colcon_pkg'
[0.410s] Level 1:colcon.colcon_core.package_identification:_identify(src) by extensions ['colcon_meta']
[0.410s] Level 1:colcon.colcon_core.package_identification:_identify(src) by extension 'colcon_meta'
[0.410s] Level 1:colcon.colcon_core.package_identification:_identify(src) by extensions ['ros']
[0.411s] Level 1:colcon.colcon_core.package_identification:_identify(src) by extension 'ros'
[0.411s] Level 1:colcon.colcon_core.package_identification:_identify(src) by extensions ['cmake', 'python']
[0.411s] Level 1:colcon.colcon_core.package_identification:_identify(src) by extension 'cmake'
[0.411s] Level 1:colcon.colcon_core.package_identification:_identify(src) by extension 'python'
[0.411s] Level 1:colcon.colcon_core.package_identification:_identify(src) by extensions ['python_setup_py']
[0.411s] Level 1:colcon.colcon_core.package_identification:_identify(src) by extension 'python_setup_py'
[0.411s] Level 1:colcon.colcon_core.package_identification:_identify(src/chair_controller) by extensions ['ignore', 'ignore_ament_install']
[0.411s] Level 1:colcon.colcon_core.package_identification:_identify(src/chair_controller) by extension 'ignore'
[0.411s] Level 1:colcon.colcon_core.package_identification:_identify(src/chair_controller) by extension 'ignore_ament_install'
[0.411s] Level 1:colcon.colcon_core.package_identification:_identify(src/chair_controller) by extensions ['colcon_pkg']
[0.412s] Level 1:colcon.colcon_core.package_identification:_identify(src/chair_controller) by extension 'colcon_pkg'
[0.412s] Level 1:colcon.colcon_core.package_identification:_identify(src/chair_controller) by extensions ['colcon_meta']
[0.412s] Level 1:colcon.colcon_core.package_identification:_identify(src/chair_controller) by extension 'colcon_meta'
[0.412s] Level 1:colcon.colcon_core.package_identification:_identify(src/chair_controller) by extensions ['ros']
[0.412s] Level 1:colcon.colcon_core.package_identification:_identify(src/chair_controller) by extension 'ros'
[0.416s] DEBUG:colcon.colcon_core.package_identification:Package 'src/chair_controller' with type 'ros.ament_python' and name 'chair_controller'
[0.416s] Level 1:colcon.colcon_core.package_identification:_identify(src/medical_wheelchair) by extensions ['ignore', 'ignore_ament_install']
[0.416s] Level 1:colcon.colcon_core.package_identification:_identify(src/medical_wheelchair) by extension 'ignore'
[0.417s] Level 1:colcon.colcon_core.package_identification:_identify(src/medical_wheelchair) by extension 'ignore_ament_install'
[0.417s] Level 1:colcon.colcon_core.package_identification:_identify(src/medical_wheelchair) by extensions ['colcon_pkg']
[0.417s] Level 1:colcon.colcon_core.package_identification:_identify(src/medical_wheelchair) by extension 'colcon_pkg'
[0.417s] Level 1:colcon.colcon_core.package_identification:_identify(src/medical_wheelchair) by extensions ['colcon_meta']
[0.417s] Level 1:colcon.colcon_core.package_identification:_identify(src/medical_wheelchair) by extension 'colcon_meta'
[0.417s] Level 1:colcon.colcon_core.package_identification:_identify(src/medical_wheelchair) by extensions ['ros']
[0.417s] Level 1:colcon.colcon_core.package_identification:_identify(src/medical_wheelchair) by extension 'ros'
[0.419s] DEBUG:colcon.colcon_core.package_identification:Package 'src/medical_wheelchair' with type 'ros.ament_python' and name 'medical_wheelchair'
[0.419s] Level 1:colcon.colcon_core.package_identification:_identify(worlds) by extensions ['ignore', 'ignore_ament_install']
[0.419s] Level 1:colcon.colcon_core.package_identification:_identify(worlds) by extension 'ignore'
[0.419s] Level 1:colcon.colcon_core.package_identification:_identify(worlds) by extension 'ignore_ament_install'
[0.419s] Level 1:colcon.colcon_core.package_identification:_identify(worlds) by extensions ['colcon_pkg']
[0.419s] Level 1:colcon.colcon_core.package_identification:_identify(worlds) by extension 'colcon_pkg'
[0.420s] Level 1:colcon.colcon_core.package_identification:_identify(worlds) by extensions ['colcon_meta']
[0.420s] Level 1:colcon.colcon_core.package_identification:_identify(worlds) by extension 'colcon_meta'
[0.420s] Level 1:colcon.colcon_core.package_identification:_identify(worlds) by extensions ['ros']
[0.420s] Level 1:colcon.colcon_core.package_identification:_identify(worlds) by extension 'ros'
[0.420s] Level 1:colcon.colcon_core.package_identification:_identify(worlds) by extensions ['cmake', 'python']
[0.420s] Level 1:colcon.colcon_core.package_identification:_identify(worlds) by extension 'cmake'
[0.420s] Level 1:colcon.colcon_core.package_identification:_identify(worlds) by extension 'python'
[0.420s] Level 1:colcon.colcon_core.package_identification:_identify(worlds) by extensions ['python_setup_py']
[0.420s] Level 1:colcon.colcon_core.package_identification:_identify(worlds) by extension 'python_setup_py'
[0.420s] Level 1:colcon.colcon_core.package_discovery:discover_packages(recursive) using defaults
[0.420s] Level 1:colcon.colcon_core.package_discovery:discover_packages(ignore) discover
[0.420s] Level 1:colcon.colcon_core.package_discovery:discover_packages(ignore) using defaults
[0.420s] Level 1:colcon.colcon_core.package_discovery:discover_packages(path) discover
[0.421s] Level 1:colcon.colcon_core.package_discovery:discover_packages(path) using defaults
[0.482s] Level 1:colcon.colcon_core.package_discovery:discover_packages(prefix_path) check parameters
[0.482s] Level 1:colcon.colcon_core.package_discovery:discover_packages(prefix_path) discover
[0.486s] DEBUG:colcon.colcon_installed_package_information.package_discovery:Found 2 installed packages in /home/ayadiab/chair_ws/install
[0.487s] DEBUG:colcon.colcon_installed_package_information.package_discovery:Found 3 installed packages in /home/ayadiab/ros2_ws/install
[0.491s] DEBUG:colcon.colcon_installed_package_information.package_discovery:Found 336 installed packages in /opt/ros/humble
[0.497s] Level 1:colcon.colcon_core.package_discovery:discover_packages(prefix_path) using defaults
[0.626s] Level 5:colcon.colcon_core.verb:set package 'chair_controller' build argument 'cmake_args' from command line to 'None'
[0.627s] Level 5:colcon.colcon_core.verb:set package 'chair_controller' build argument 'cmake_target' from command line to 'None'
[0.627s] Level 5:colcon.colcon_core.verb:set package 'chair_controller' build argument 'cmake_target_skip_unavailable' from command line to 'False'
[0.627s] Level 5:colcon.colcon_core.verb:set package 'chair_controller' build argument 'cmake_clean_cache' from command line to 'False'
[0.627s] Level 5:colcon.colcon_core.verb:set package 'chair_controller' build argument 'cmake_clean_first' from command line to 'False'
[0.627s] Level 5:colcon.colcon_core.verb:set package 'chair_controller' build argument 'cmake_force_configure' from command line to 'False'
[0.627s] Level 5:colcon.colcon_core.verb:set package 'chair_controller' build argument 'ament_cmake_args' from command line to 'None'
[0.627s] Level 5:colcon.colcon_core.verb:set package 'chair_controller' build argument 'catkin_cmake_args' from command line to 'None'
[0.627s] Level 5:colcon.colcon_core.verb:set package 'chair_controller' build argument 'catkin_skip_building_tests' from command line to 'False'
[0.627s] DEBUG:colcon.colcon_core.verb:Building package 'chair_controller' with the following arguments: {'ament_cmake_args': None, 'build_base': '/home/ayadiab/chair_ws/build/chair_controller', 'catkin_cmake_args': None, 'catkin_skip_building_tests': False, 'cmake_args': None, 'cmake_clean_cache': False, 'cmake_clean_first': False, 'cmake_force_configure': False, 'cmake_target': None, 'cmake_target_skip_unavailable': False, 'install_base': '/home/ayadiab/chair_ws/install/chair_controller', 'merge_install': False, 'path': '/home/ayadiab/chair_ws/src/chair_controller', 'symlink_install': False, 'test_result_base': None}
[0.629s] Level 5:colcon.colcon_core.verb:set package 'medical_wheelchair' build argument 'cmake_args' from command line to 'None'
[0.629s] Level 5:colcon.colcon_core.verb:set package 'medical_wheelchair' build argument 'cmake_target' from command line to 'None'
[0.629s] Level 5:colcon.colcon_core.verb:set package 'medical_wheelchair' build argument 'cmake_target_skip_unavailable' from command line to 'False'
[0.629s] Level 5:colcon.colcon_core.verb:set package 'medical_wheelchair' build argument 'cmake_clean_cache' from command line to 'False'
[0.629s] Level 5:colcon.colcon_core.verb:set package 'medical_wheelchair' build argument 'cmake_clean_first' from command line to 'False'
[0.629s] Level 5:colcon.colcon_core.verb:set package 'medical_wheelchair' build argument 'cmake_force_configure' from command line to 'False'
[0.629s] Level 5:colcon.colcon_core.verb:set package 'medical_wheelchair' build argument 'ament_cmake_args' from command line to 'None'
[0.629s] Level 5:colcon.colcon_core.verb:set package 'medical_wheelchair' build argument 'catkin_cmake_args' from command line to 'None'
[0.630s] Level 5:colcon.colcon_core.verb:set package 'medical_wheelchair' build argument 'catkin_skip_building_tests' from command line to 'False'
[0.630s] DEBUG:colcon.colcon_core.verb:Building package 'medical_wheelchair' with the following arguments: {'ament_cmake_args': None, 'build_base': '/home/ayadiab/chair_ws/build/medical_wheelchair', 'catkin_cmake_args': None, 'catkin_skip_building_tests': False, 'cmake_args': None, 'cmake_clean_cache': False, 'cmake_clean_first': False, 'cmake_force_configure': False, 'cmake_target': None, 'cmake_target_skip_unavailable': False, 'install_base': '/home/ayadiab/chair_ws/install/medical_wheelchair', 'merge_install': False, 'path': '/home/ayadiab/chair_ws/src/medical_wheelchair', 'symlink_install': False, 'test_result_base': None}
[0.630s] INFO:colcon.colcon_core.executor:Executing jobs using 'parallel' executor
[0.632s] DEBUG:colcon.colcon_parallel_executor.executor.parallel:run_until_complete
[0.633s] INFO:colcon.colcon_ros.task.ament_python.build:Building ROS package in '/home/ayadiab/chair_ws/src/chair_controller' with build type 'ament_python'
[0.634s] Level 1:colcon.colcon_core.shell:create_environment_hook('chair_controller', 'ament_prefix_path')
[0.638s] INFO:colcon.colcon_core.plugin_system:Skipping extension 'colcon_core.shell.bat': Not used on non-Windows systems
[0.639s] INFO:colcon.colcon_core.shell:Creating environment hook '/home/ayadiab/chair_ws/install/chair_controller/share/chair_controller/hook/ament_prefix_path.ps1'
[0.641s] INFO:colcon.colcon_core.shell:Creating environment descriptor '/home/ayadiab/chair_ws/install/chair_controller/share/chair_controller/hook/ament_prefix_path.dsv'
[0.643s] INFO:colcon.colcon_core.shell:Creating environment hook '/home/ayadiab/chair_ws/install/chair_controller/share/chair_controller/hook/ament_prefix_path.sh'
[0.646s] INFO:colcon.colcon_core.shell:Skip shell extension 'powershell' for command environment: Not usable outside of PowerShell
[0.646s] DEBUG:colcon.colcon_core.shell:Skip shell extension 'dsv' for command environment
[0.658s] INFO:colcon.colcon_ros.task.ament_python.build:Building ROS package in '/home/ayadiab/chair_ws/src/medical_wheelchair' with build type 'ament_python'
[0.660s] Level 1:colcon.colcon_core.shell:create_environment_hook('medical_wheelchair', 'ament_prefix_path')
[0.660s] INFO:colcon.colcon_core.shell:Creating environment hook '/home/ayadiab/chair_ws/install/medical_wheelchair/share/medical_wheelchair/hook/ament_prefix_path.ps1'
[0.663s] INFO:colcon.colcon_core.shell:Creating environment descriptor '/home/ayadiab/chair_ws/install/medical_wheelchair/share/medical_wheelchair/hook/ament_prefix_path.dsv'
[0.664s] INFO:colcon.colcon_core.shell:Creating environment hook '/home/ayadiab/chair_ws/install/medical_wheelchair/share/medical_wheelchair/hook/ament_prefix_path.sh'
[0.667s] INFO:colcon.colcon_core.shell:Skip shell extension 'powershell' for command environment: Not usable outside of PowerShell
[0.667s] DEBUG:colcon.colcon_core.shell:Skip shell extension 'dsv' for command environment
[1.319s] WARNING:colcon.colcon_ros.task.ament_python.build:Package 'chair_controller' doesn't explicitly install a marker in the package index (colcon-ros currently does it implicitly but that fallback will be removed in the future)
[1.320s] WARNING:colcon.colcon_ros.task.ament_python.build:Package 'chair_controller' doesn't explicitly install the 'package.xml' file (colcon-ros currently does it implicitly but that fallback will be removed in the future)
[1.320s] INFO:colcon.colcon_core.task.python.build:Building Python package in '/home/ayadiab/chair_ws/src/chair_controller'
[1.320s] INFO:colcon.colcon_core.shell:Skip shell extension 'powershell' for command environment: Not usable outside of PowerShell
[1.320s] DEBUG:colcon.colcon_core.shell:Skip shell extension 'dsv' for command environment
[1.714s] WARNING:colcon.colcon_ros.task.ament_python.build:Package 'medical_wheelchair' doesn't explicitly install a marker in the package index (colcon-ros currently does it implicitly but that fallback will be removed in the future)
[1.714s] WARNING:colcon.colcon_ros.task.ament_python.build:Package 'medical_wheelchair' doesn't explicitly install the 'package.xml' file (colcon-ros currently does it implicitly but that fallback will be removed in the future)
[1.715s] INFO:colcon.colcon_core.task.python.build:Building Python package in '/home/ayadiab/chair_ws/src/medical_wheelchair'
[1.716s] INFO:colcon.colcon_core.shell:Skip shell extension 'powershell' for command environment: Not usable outside of PowerShell
[1.716s] DEBUG:colcon.colcon_core.shell:Skip shell extension 'dsv' for command environment
[2.283s] DEBUG:colcon.colcon_core.event_handler.log_command:Invoking command in '/home/ayadiab/chair_ws/src/chair_controller': PYTHONPATH=/home/ayadiab/chair_ws/build/chair_controller/prefix_override:/usr/lib/python3/dist-packages/colcon_core/task/python/colcon_distutils_commands:/home/ayadiab/chair_ws/install/chair_controller/lib/python3.10/site-packages:${PYTHONPATH} /usr/bin/python3 -W ignore:setup.py install is deprecated -W ignore:easy_install command is deprecated setup.py egg_info --egg-base ../../build/chair_controller build --build-base /home/ayadiab/chair_ws/build/chair_controller/build install --record /home/ayadiab/chair_ws/build/chair_controller/install.log --single-version-externally-managed
[2.380s] DEBUG:colcon.colcon_core.event_handler.log_command:Invoking command in '/home/ayadiab/chair_ws/src/medical_wheelchair': PYTHONPATH=/home/ayadiab/chair_ws/build/medical_wheelchair/prefix_override:/usr/lib/python3/dist-packages/colcon_core/task/python/colcon_distutils_commands:/home/ayadiab/chair_ws/install/medical_wheelchair/lib/python3.10/site-packages:${PYTHONPATH} /usr/bin/python3 -W ignore:setup.py install is deprecated -W ignore:easy_install command is deprecated setup.py egg_info --egg-base ../../build/medical_wheelchair build --build-base /home/ayadiab/chair_ws/build/medical_wheelchair/build install --record /home/ayadiab/chair_ws/build/medical_wheelchair/install.log --single-version-externally-managed install_data
[2.754s] DEBUG:colcon.colcon_core.event_handler.log_command:Invoked command in '/home/ayadiab/chair_ws/src/chair_controller' returned '0': PYTHONPATH=/home/ayadiab/chair_ws/build/chair_controller/prefix_override:/usr/lib/python3/dist-packages/colcon_core/task/python/colcon_distutils_commands:/home/ayadiab/chair_ws/install/chair_controller/lib/python3.10/site-packages:${PYTHONPATH} /usr/bin/python3 -W ignore:setup.py install is deprecated -W ignore:easy_install command is deprecated setup.py egg_info --egg-base ../../build/chair_controller build --build-base /home/ayadiab/chair_ws/build/chair_controller/build install --record /home/ayadiab/chair_ws/build/chair_controller/install.log --single-version-externally-managed
[2.758s] Level 1:colcon.colcon_core.environment:checking '/home/ayadiab/chair_ws/install/chair_controller' for CMake module files
[2.759s] Level 1:colcon.colcon_core.environment:checking '/home/ayadiab/chair_ws/install/chair_controller' for CMake config files
[2.761s] Level 1:colcon.colcon_core.environment:checking '/home/ayadiab/chair_ws/install/chair_controller/lib'
[2.761s] Level 1:colcon.colcon_core.environment:checking '/home/ayadiab/chair_ws/install/chair_controller/bin'
[2.761s] Level 1:colcon.colcon_core.environment:checking '/home/ayadiab/chair_ws/install/chair_controller/lib/pkgconfig/chair_controller.pc'
[2.761s] Level 1:colcon.colcon_core.environment:checking '/home/ayadiab/chair_ws/install/chair_controller/lib/python3.10/site-packages'
[2.762s] Level 1:colcon.colcon_core.shell:create_environment_hook('chair_controller', 'pythonpath')
[2.762s] INFO:colcon.colcon_core.shell:Creating environment hook '/home/ayadiab/chair_ws/install/chair_controller/share/chair_controller/hook/pythonpath.ps1'
[2.763s] INFO:colcon.colcon_core.shell:Creating environment descriptor '/home/ayadiab/chair_ws/install/chair_controller/share/chair_controller/hook/pythonpath.dsv'
[2.764s] INFO:colcon.colcon_core.shell:Creating environment hook '/home/ayadiab/chair_ws/install/chair_controller/share/chair_controller/hook/pythonpath.sh'
[2.765s] Level 1:colcon.colcon_core.environment:checking '/home/ayadiab/chair_ws/install/chair_controller/bin'
[2.765s] Level 1:colcon.colcon_core.environment:create_environment_scripts_only(chair_controller)
[2.766s] INFO:colcon.colcon_core.shell:Creating package script '/home/ayadiab/chair_ws/install/chair_controller/share/chair_controller/package.ps1'
[2.768s] INFO:colcon.colcon_core.shell:Creating package descriptor '/home/ayadiab/chair_ws/install/chair_controller/share/chair_controller/package.dsv'
[2.770s] INFO:colcon.colcon_core.shell:Creating package script '/home/ayadiab/chair_ws/install/chair_controller/share/chair_controller/package.sh'
[3.391s] INFO:colcon.colcon_core.shell:Creating package script '/home/ayadiab/chair_ws/install/chair_controller/share/chair_controller/package.bash'
[3.394s] INFO:colcon.colcon_core.shell:Creating package script '/home/ayadiab/chair_ws/install/chair_controller/share/chair_controller/package.zsh'
[3.397s] Level 1:colcon.colcon_core.environment:create_file_with_runtime_dependencies(/home/ayadiab/chair_ws/install/chair_controller/share/colcon-core/packages/chair_controller)
[3.481s] Level 1:colcon.colcon_core.environment:checking '/home/ayadiab/chair_ws/install/medical_wheelchair' for CMake module files
[3.482s] DEBUG:colcon.colcon_core.event_handler.log_command:Invoked command in '/home/ayadiab/chair_ws/src/medical_wheelchair' returned '0': PYTHONPATH=/home/ayadiab/chair_ws/build/medical_wheelchair/prefix_override:/usr/lib/python3/dist-packages/colcon_core/task/python/colcon_distutils_commands:/home/ayadiab/chair_ws/install/medical_wheelchair/lib/python3.10/site-packages:${PYTHONPATH} /usr/bin/python3 -W ignore:setup.py install is deprecated -W ignore:easy_install command is deprecated setup.py egg_info --egg-base ../../build/medical_wheelchair build --build-base /home/ayadiab/chair_ws/build/medical_wheelchair/build install --record /home/ayadiab/chair_ws/build/medical_wheelchair/install.log --single-version-externally-managed install_data
[3.482s] Level 1:colcon.colcon_core.environment:checking '/home/ayadiab/chair_ws/install/medical_wheelchair' for CMake config files
[3.483s] Level 1:colcon.colcon_core.environment:checking '/home/ayadiab/chair_ws/install/medical_wheelchair/lib'
[3.483s] Level 1:colcon.colcon_core.environment:checking '/home/ayadiab/chair_ws/install/medical_wheelchair/bin'
[3.483s] Level 1:colcon.colcon_core.environment:checking '/home/ayadiab/chair_ws/install/medical_wheelchair/lib/pkgconfig/medical_wheelchair.pc'
[3.483s] Level 1:colcon.colcon_core.environment:checking '/home/ayadiab/chair_ws/install/medical_wheelchair/lib/python3.10/site-packages'
[3.483s] Level 1:colcon.colcon_core.shell:create_environment_hook('medical_wheelchair', 'pythonpath')
[3.484s] INFO:colcon.colcon_core.shell:Creating environment hook '/home/ayadiab/chair_ws/install/medical_wheelchair/share/medical_wheelchair/hook/pythonpath.ps1'
[3.484s] INFO:colcon.colcon_core.shell:Creating environment descriptor '/home/ayadiab/chair_ws/install/medical_wheelchair/share/medical_wheelchair/hook/pythonpath.dsv'
[3.485s] INFO:colcon.colcon_core.shell:Creating environment hook '/home/ayadiab/chair_ws/install/medical_wheelchair/share/medical_wheelchair/hook/pythonpath.sh'
[3.485s] Level 1:colcon.colcon_core.environment:checking '/home/ayadiab/chair_ws/install/medical_wheelchair/bin'
[3.486s] Level 1:colcon.colcon_core.environment:create_environment_scripts_only(medical_wheelchair)
[3.486s] INFO:colcon.colcon_core.shell:Creating package script '/home/ayadiab/chair_ws/install/medical_wheelchair/share/medical_wheelchair/package.ps1'
[3.487s] INFO:colcon.colcon_core.shell:Creating package descriptor '/home/ayadiab/chair_ws/install/medical_wheelchair/share/medical_wheelchair/package.dsv'
[3.488s] INFO:colcon.colcon_core.shell:Creating package script '/home/ayadiab/chair_ws/install/medical_wheelchair/share/medical_wheelchair/package.sh'
[3.488s] INFO:colcon.colcon_core.shell:Creating package script '/home/ayadiab/chair_ws/install/medical_wheelchair/share/medical_wheelchair/package.bash'
[3.489s] INFO:colcon.colcon_core.shell:Creating package script '/home/ayadiab/chair_ws/install/medical_wheelchair/share/medical_wheelchair/package.zsh'
[3.489s] Level 1:colcon.colcon_core.environment:create_file_with_runtime_dependencies(/home/ayadiab/chair_ws/install/medical_wheelchair/share/colcon-core/packages/medical_wheelchair)
[3.490s] DEBUG:colcon.colcon_parallel_executor.executor.parallel:closing loop
[3.490s] DEBUG:colcon.colcon_parallel_executor.executor.parallel:loop closed
[3.490s] DEBUG:colcon.colcon_parallel_executor.executor.parallel:run_until_complete finished with '0'
[3.490s] DEBUG:colcon.colcon_core.event_reactor:joining thread
[3.498s] INFO:colcon.colcon_core.plugin_system:Skipping extension 'colcon_notification.desktop_notification.terminal_notifier': Not used on non-Darwin systems
[3.498s] INFO:colcon.colcon_core.plugin_system:Skipping extension 'colcon_notification.desktop_notification.win32': Not used on non-Windows systems
[3.498s] INFO:colcon.colcon_notification.desktop_notification:Sending desktop notification using 'notify2'
[3.514s] DEBUG:colcon.colcon_core.event_reactor:joined thread
[3.514s] INFO:colcon.colcon_core.shell:Creating prefix script '/home/ayadiab/chair_ws/install/local_setup.ps1'
[3.516s] INFO:colcon.colcon_core.shell:Creating prefix util module '/home/ayadiab/chair_ws/install/_local_setup_util_ps1.py'
[3.519s] INFO:colcon.colcon_core.shell:Creating prefix chain script '/home/ayadiab/chair_ws/install/setup.ps1'
[3.520s] INFO:colcon.colcon_core.shell:Creating prefix script '/home/ayadiab/chair_ws/install/local_setup.sh'
[3.522s] INFO:colcon.colcon_core.shell:Creating prefix util module '/home/ayadiab/chair_ws/install/_local_setup_util_sh.py'
[3.523s] INFO:colcon.colcon_core.shell:Creating prefix chain script '/home/ayadiab/chair_ws/install/setup.sh'
[3.525s] INFO:colcon.colcon_core.shell:Creating prefix script '/home/ayadiab/chair_ws/install/local_setup.bash'
[3.526s] INFO:colcon.colcon_core.shell:Creating prefix chain script '/home/ayadiab/chair_ws/install/setup.bash'
[3.528s] INFO:colcon.colcon_core.shell:Creating prefix script '/home/ayadiab/chair_ws/install/local_setup.zsh'
[3.529s] INFO:colcon.colcon_core.shell:Creating prefix chain script '/home/ayadiab/chair_ws/install/setup.zsh'
