[4.640s] Invoking command in '/home/ayadiab/chair_ws/src/medical_wheelchair': PYTHONPATH=/home/ayadiab/chair_ws/build/medical_wheelchair/prefix_override:/usr/lib/python3/dist-packages/colcon_core/task/python/colcon_distutils_commands:/home/ayadiab/chair_ws/install/medical_wheelchair/lib/python3.10/site-packages:${PYTHONPATH} /usr/bin/python3 -W ignore:setup.py install is deprecated -W ignore:easy_install command is deprecated setup.py egg_info --egg-base ../../build/medical_wheelchair build --build-base /home/ayadiab/chair_ws/build/medical_wheelchair/build install --record /home/ayadiab/chair_ws/build/medical_wheelchair/install.log --single-version-externally-managed install_data
[4.980s] running egg_info
[4.981s] writing ../../build/medical_wheelchair/medical_wheelchair.egg-info/PKG-INFO
[4.981s] writing dependency_links to ../../build/medical_wheelchair/medical_wheelchair.egg-info/dependency_links.txt
[4.981s] writing entry points to ../../build/medical_wheelchair/medical_wheelchair.egg-info/entry_points.txt
[4.982s] writing requirements to ../../build/medical_wheelchair/medical_wheelchair.egg-info/requires.txt
[4.982s] writing top-level names to ../../build/medical_wheelchair/medical_wheelchair.egg-info/top_level.txt
[4.986s] reading manifest file '../../build/medical_wheelchair/medical_wheelchair.egg-info/SOURCES.txt'
[5.155s] writing manifest file '../../build/medical_wheelchair/medical_wheelchair.egg-info/SOURCES.txt'
[5.155s] running build
[5.156s] running build_py
[5.156s] running install
[5.156s] running install_lib
[5.159s] running install_data
[5.159s] running install_egg_info
[5.162s] removing '/home/ayadiab/chair_ws/install/medical_wheelchair/lib/python3.10/site-packages/medical_wheelchair-0.0.0-py3.10.egg-info' (and everything under it)
[5.163s] Copying ../../build/medical_wheelchair/medical_wheelchair.egg-info to /home/ayadiab/chair_ws/install/medical_wheelchair/lib/python3.10/site-packages/medical_wheelchair-0.0.0-py3.10.egg-info
[5.165s] running install_scripts
[5.191s] writing list of installed files to '/home/ayadiab/chair_ws/build/medical_wheelchair/install.log'
[5.303s] Invoked command in '/home/ayadiab/chair_ws/src/medical_wheelchair' returned '0': PYTHONPATH=/home/ayadiab/chair_ws/build/medical_wheelchair/prefix_override:/usr/lib/python3/dist-packages/colcon_core/task/python/colcon_distutils_commands:/home/ayadiab/chair_ws/install/medical_wheelchair/lib/python3.10/site-packages:${PYTHONPATH} /usr/bin/python3 -W ignore:setup.py install is deprecated -W ignore:easy_install command is deprecated setup.py egg_info --egg-base ../../build/medical_wheelchair build --build-base /home/ayadiab/chair_ws/build/medical_wheelchair/build install --record /home/ayadiab/chair_ws/build/medical_wheelchair/install.log --single-version-externally-managed install_data
