[0.264s] DEBUG:colcon:Command line arguments: ['/usr/bin/colcon', 'build', '--packages-select', 'medical_wheelchair', '--symlink-install']
[0.264s] DEBUG:colcon:Parsed command line arguments: Namespace(log_base=None, log_level=None, verb_name='build', build_base='build', install_base='install', merge_install=False, symlink_install=True, test_result_base=None, continue_on_error=False, executor='parallel', parallel_workers=4, event_handlers=None, ignore_user_meta=False, metas=['./colcon.meta'], base_paths=['.'], packages_ignore=None, packages_ignore_regex=None, paths=None, packages_up_to=None, packages_up_to_regex=None, packages_above=None, packages_above_and_dependencies=None, packages_above_depth=None, packages_select_by_dep=None, packages_skip_by_dep=None, packages_skip_up_to=None, packages_select_build_failed=False, packages_skip_build_finished=False, packages_select_test_failures=False, packages_skip_test_passed=False, packages_select=['medical_wheelchair'], packages_skip=None, packages_select_regex=None, packages_skip_regex=None, packages_start=None, packages_end=None, allow_overriding=[], cmake_args=None, cmake_target=None, cmake_target_skip_unavailable=False, cmake_clean_cache=False, cmake_clean_first=False, cmake_force_configure=False, ament_cmake_args=None, catkin_cmake_args=None, catkin_skip_building_tests=False, mixin_files=None, mixin=None, verb_parser=<colcon_mixin.mixin.mixin_argument.MixinArgumentDecorator object at 0x7de662a30f10>, verb_extension=<colcon_core.verb.build.BuildVerb object at 0x7de662b3dd80>, main=<bound method BuildVerb.main of <colcon_core.verb.build.BuildVerb object at 0x7de662b3dd80>>, mixin_verb=('build',))
[0.772s] Level 1:colcon.colcon_core.package_discovery:discover_packages(colcon_meta) check parameters
[0.772s] Level 1:colcon.colcon_core.package_discovery:discover_packages(recursive) check parameters
[0.772s] Level 1:colcon.colcon_core.package_discovery:discover_packages(ignore) check parameters
[0.772s] Level 1:colcon.colcon_core.package_discovery:discover_packages(path) check parameters
[0.772s] Level 1:colcon.colcon_core.package_discovery:discover_packages(colcon_meta) discover
[0.773s] Level 1:colcon.colcon_core.package_discovery:discover_packages(recursive) discover
[0.773s] INFO:colcon.colcon_core.package_discovery:Crawling recursively for packages in '/home/ayadiab/chair_ws/src'
[0.773s] Level 1:colcon.colcon_core.package_identification:_identify(.) by extensions ['ignore', 'ignore_ament_install']
[0.773s] Level 1:colcon.colcon_core.package_identification:_identify(.) by extension 'ignore'
[0.774s] Level 1:colcon.colcon_core.package_identification:_identify(.) by extension 'ignore_ament_install'
[0.774s] Level 1:colcon.colcon_core.package_identification:_identify(.) by extensions ['colcon_pkg']
[0.774s] Level 1:colcon.colcon_core.package_identification:_identify(.) by extension 'colcon_pkg'
[0.774s] Level 1:colcon.colcon_core.package_identification:_identify(.) by extensions ['colcon_meta']
[0.774s] Level 1:colcon.colcon_core.package_identification:_identify(.) by extension 'colcon_meta'
[0.774s] Level 1:colcon.colcon_core.package_identification:_identify(.) by extensions ['ros']
[0.774s] Level 1:colcon.colcon_core.package_identification:_identify(.) by extension 'ros'
[0.804s] Level 1:colcon.colcon_core.package_identification:_identify(.) by extensions ['cmake', 'python']
[0.805s] Level 1:colcon.colcon_core.package_identification:_identify(.) by extension 'cmake'
[0.805s] Level 1:colcon.colcon_core.package_identification:_identify(.) by extension 'python'
[0.805s] Level 1:colcon.colcon_core.package_identification:_identify(.) by extensions ['python_setup_py']
[0.805s] Level 1:colcon.colcon_core.package_identification:_identify(.) by extension 'python_setup_py'
[0.806s] Level 1:colcon.colcon_core.package_identification:_identify(build) by extensions ['ignore', 'ignore_ament_install']
[0.806s] Level 1:colcon.colcon_core.package_identification:_identify(build) by extension 'ignore'
[0.807s] Level 1:colcon.colcon_core.package_identification:_identify(build) ignored
[0.807s] Level 1:colcon.colcon_core.package_identification:_identify(chair_controller) by extensions ['ignore', 'ignore_ament_install']
[0.808s] Level 1:colcon.colcon_core.package_identification:_identify(chair_controller) by extension 'ignore'
[0.808s] Level 1:colcon.colcon_core.package_identification:_identify(chair_controller) by extension 'ignore_ament_install'
[0.808s] Level 1:colcon.colcon_core.package_identification:_identify(chair_controller) by extensions ['colcon_pkg']
[0.808s] Level 1:colcon.colcon_core.package_identification:_identify(chair_controller) by extension 'colcon_pkg'
[0.808s] Level 1:colcon.colcon_core.package_identification:_identify(chair_controller) by extensions ['colcon_meta']
[0.808s] Level 1:colcon.colcon_core.package_identification:_identify(chair_controller) by extension 'colcon_meta'
[0.808s] Level 1:colcon.colcon_core.package_identification:_identify(chair_controller) by extensions ['ros']
[0.808s] Level 1:colcon.colcon_core.package_identification:_identify(chair_controller) by extension 'ros'
[0.814s] DEBUG:colcon.colcon_core.package_identification:Package 'chair_controller' with type 'ros.ament_python' and name 'chair_controller'
[0.815s] Level 1:colcon.colcon_core.package_identification:_identify(install) by extensions ['ignore', 'ignore_ament_install']
[0.815s] Level 1:colcon.colcon_core.package_identification:_identify(install) by extension 'ignore'
[0.816s] Level 1:colcon.colcon_core.package_identification:_identify(install) ignored
[0.816s] Level 1:colcon.colcon_core.package_identification:_identify(log) by extensions ['ignore', 'ignore_ament_install']
[0.816s] Level 1:colcon.colcon_core.package_identification:_identify(log) by extension 'ignore'
[0.817s] Level 1:colcon.colcon_core.package_identification:_identify(log) ignored
[0.817s] Level 1:colcon.colcon_core.package_identification:_identify(medical_wheelchair) by extensions ['ignore', 'ignore_ament_install']
[0.817s] Level 1:colcon.colcon_core.package_identification:_identify(medical_wheelchair) by extension 'ignore'
[0.818s] Level 1:colcon.colcon_core.package_identification:_identify(medical_wheelchair) by extension 'ignore_ament_install'
[0.819s] Level 1:colcon.colcon_core.package_identification:_identify(medical_wheelchair) by extensions ['colcon_pkg']
[0.819s] Level 1:colcon.colcon_core.package_identification:_identify(medical_wheelchair) by extension 'colcon_pkg'
[0.819s] Level 1:colcon.colcon_core.package_identification:_identify(medical_wheelchair) by extensions ['colcon_meta']
[0.819s] Level 1:colcon.colcon_core.package_identification:_identify(medical_wheelchair) by extension 'colcon_meta'
[0.819s] Level 1:colcon.colcon_core.package_identification:_identify(medical_wheelchair) by extensions ['ros']
[0.819s] Level 1:colcon.colcon_core.package_identification:_identify(medical_wheelchair) by extension 'ros'
[0.822s] DEBUG:colcon.colcon_core.package_identification:Package 'medical_wheelchair' with type 'ros.ament_python' and name 'medical_wheelchair'
[0.822s] Level 1:colcon.colcon_core.package_discovery:discover_packages(recursive) using defaults
[0.822s] Level 1:colcon.colcon_core.package_discovery:discover_packages(ignore) discover
[0.822s] Level 1:colcon.colcon_core.package_discovery:discover_packages(ignore) using defaults
[0.822s] Level 1:colcon.colcon_core.package_discovery:discover_packages(path) discover
[0.822s] Level 1:colcon.colcon_core.package_discovery:discover_packages(path) using defaults
[0.960s] INFO:colcon.colcon_core.package_selection:Skipping not selected package 'chair_controller' in 'chair_controller'
[0.961s] Level 1:colcon.colcon_core.package_discovery:discover_packages(prefix_path) check parameters
[0.961s] Level 1:colcon.colcon_core.package_discovery:discover_packages(prefix_path) discover
[0.963s] Level 1:colcon.colcon_core.package_discovery:discover_packages(prefix_path) using defaults
[0.966s] Level 5:colcon.colcon_core.verb:set package 'medical_wheelchair' build argument 'cmake_args' from command line to 'None'
[0.966s] Level 5:colcon.colcon_core.verb:set package 'medical_wheelchair' build argument 'cmake_target' from command line to 'None'
[0.966s] Level 5:colcon.colcon_core.verb:set package 'medical_wheelchair' build argument 'cmake_target_skip_unavailable' from command line to 'False'
[0.966s] Level 5:colcon.colcon_core.verb:set package 'medical_wheelchair' build argument 'cmake_clean_cache' from command line to 'False'
[0.966s] Level 5:colcon.colcon_core.verb:set package 'medical_wheelchair' build argument 'cmake_clean_first' from command line to 'False'
[0.966s] Level 5:colcon.colcon_core.verb:set package 'medical_wheelchair' build argument 'cmake_force_configure' from command line to 'False'
[0.966s] Level 5:colcon.colcon_core.verb:set package 'medical_wheelchair' build argument 'ament_cmake_args' from command line to 'None'
[0.966s] Level 5:colcon.colcon_core.verb:set package 'medical_wheelchair' build argument 'catkin_cmake_args' from command line to 'None'
[0.966s] Level 5:colcon.colcon_core.verb:set package 'medical_wheelchair' build argument 'catkin_skip_building_tests' from command line to 'False'
[0.967s] DEBUG:colcon.colcon_core.verb:Building package 'medical_wheelchair' with the following arguments: {'ament_cmake_args': None, 'build_base': '/home/ayadiab/chair_ws/src/build/medical_wheelchair', 'catkin_cmake_args': None, 'catkin_skip_building_tests': False, 'cmake_args': None, 'cmake_clean_cache': False, 'cmake_clean_first': False, 'cmake_force_configure': False, 'cmake_target': None, 'cmake_target_skip_unavailable': False, 'install_base': '/home/ayadiab/chair_ws/src/install/medical_wheelchair', 'merge_install': False, 'path': '/home/ayadiab/chair_ws/src/medical_wheelchair', 'symlink_install': True, 'test_result_base': None}
[0.967s] INFO:colcon.colcon_core.executor:Executing jobs using 'parallel' executor
[0.971s] DEBUG:colcon.colcon_parallel_executor.executor.parallel:run_until_complete
[0.972s] INFO:colcon.colcon_ros.task.ament_python.build:Building ROS package in '/home/ayadiab/chair_ws/src/medical_wheelchair' with build type 'ament_python'
[0.973s] Level 1:colcon.colcon_core.shell:create_environment_hook('medical_wheelchair', 'ament_prefix_path')
[0.978s] INFO:colcon.colcon_core.plugin_system:Skipping extension 'colcon_core.shell.bat': Not used on non-Windows systems
[0.979s] INFO:colcon.colcon_core.shell:Creating environment hook '/home/ayadiab/chair_ws/src/install/medical_wheelchair/share/medical_wheelchair/hook/ament_prefix_path.ps1'
[0.981s] INFO:colcon.colcon_core.shell:Creating environment descriptor '/home/ayadiab/chair_ws/src/install/medical_wheelchair/share/medical_wheelchair/hook/ament_prefix_path.dsv'
[0.985s] INFO:colcon.colcon_core.shell:Creating environment hook '/home/ayadiab/chair_ws/src/install/medical_wheelchair/share/medical_wheelchair/hook/ament_prefix_path.sh'
[0.989s] INFO:colcon.colcon_core.shell:Skip shell extension 'powershell' for command environment: Not usable outside of PowerShell
[0.990s] DEBUG:colcon.colcon_core.shell:Skip shell extension 'dsv' for command environment
[1.620s] INFO:colcon.colcon_core.task.python.build:Building Python package in '/home/ayadiab/chair_ws/src/medical_wheelchair'
[1.621s] INFO:colcon.colcon_core.shell:Skip shell extension 'powershell' for command environment: Not usable outside of PowerShell
[1.621s] DEBUG:colcon.colcon_core.shell:Skip shell extension 'dsv' for command environment
[2.440s] DEBUG:colcon.colcon_core.event_handler.log_command:Invoking command in '/home/ayadiab/chair_ws/src/build/medical_wheelchair': PYTHONPATH=/home/ayadiab/chair_ws/src/build/medical_wheelchair/prefix_override:/usr/lib/python3/dist-packages/colcon_core/task/python/colcon_distutils_commands:/home/ayadiab/chair_ws/src/install/medical_wheelchair/lib/python3.10/site-packages: /usr/bin/python3 -W ignore:setup.py install is deprecated -W ignore:easy_install command is deprecated setup.py develop --editable --build-directory /home/ayadiab/chair_ws/src/build/medical_wheelchair/build --no-deps symlink_data
[3.291s] Level 1:colcon.colcon_core.shell:create_environment_hook('medical_wheelchair', 'pythonpath_develop')
[3.292s] DEBUG:colcon.colcon_core.event_handler.log_command:Invoked command in '/home/ayadiab/chair_ws/src/build/medical_wheelchair' returned '0': PYTHONPATH=/home/ayadiab/chair_ws/src/build/medical_wheelchair/prefix_override:/usr/lib/python3/dist-packages/colcon_core/task/python/colcon_distutils_commands:/home/ayadiab/chair_ws/src/install/medical_wheelchair/lib/python3.10/site-packages: /usr/bin/python3 -W ignore:setup.py install is deprecated -W ignore:easy_install command is deprecated setup.py develop --editable --build-directory /home/ayadiab/chair_ws/src/build/medical_wheelchair/build --no-deps symlink_data
[3.293s] INFO:colcon.colcon_core.shell:Creating environment hook '/home/ayadiab/chair_ws/src/build/medical_wheelchair/share/medical_wheelchair/hook/pythonpath_develop.ps1'
[3.294s] INFO:colcon.colcon_core.shell:Creating environment descriptor '/home/ayadiab/chair_ws/src/build/medical_wheelchair/share/medical_wheelchair/hook/pythonpath_develop.dsv'
[3.295s] INFO:colcon.colcon_core.shell:Creating environment hook '/home/ayadiab/chair_ws/src/build/medical_wheelchair/share/medical_wheelchair/hook/pythonpath_develop.sh'
[3.303s] Level 1:colcon.colcon_core.environment:checking '/home/ayadiab/chair_ws/src/install/medical_wheelchair' for CMake module files
[3.304s] Level 1:colcon.colcon_core.environment:checking '/home/ayadiab/chair_ws/src/install/medical_wheelchair' for CMake config files
[3.307s] Level 1:colcon.colcon_core.environment:checking '/home/ayadiab/chair_ws/src/install/medical_wheelchair/lib'
[3.307s] Level 1:colcon.colcon_core.environment:checking '/home/ayadiab/chair_ws/src/install/medical_wheelchair/bin'
[3.308s] Level 1:colcon.colcon_core.environment:checking '/home/ayadiab/chair_ws/src/install/medical_wheelchair/lib/pkgconfig/medical_wheelchair.pc'
[3.308s] Level 1:colcon.colcon_core.environment:checking '/home/ayadiab/chair_ws/src/install/medical_wheelchair/lib/python3.10/site-packages'
[3.308s] Level 1:colcon.colcon_core.shell:create_environment_hook('medical_wheelchair', 'pythonpath')
[3.309s] INFO:colcon.colcon_core.shell:Creating environment hook '/home/ayadiab/chair_ws/src/install/medical_wheelchair/share/medical_wheelchair/hook/pythonpath.ps1'
[3.311s] INFO:colcon.colcon_core.shell:Creating environment descriptor '/home/ayadiab/chair_ws/src/install/medical_wheelchair/share/medical_wheelchair/hook/pythonpath.dsv'
[3.312s] INFO:colcon.colcon_core.shell:Creating environment hook '/home/ayadiab/chair_ws/src/install/medical_wheelchair/share/medical_wheelchair/hook/pythonpath.sh'
[3.314s] Level 1:colcon.colcon_core.environment:checking '/home/ayadiab/chair_ws/src/install/medical_wheelchair/bin'
[3.314s] Level 1:colcon.colcon_core.environment:create_environment_scripts_only(medical_wheelchair)
[3.314s] INFO:colcon.colcon_core.shell:Creating package script '/home/ayadiab/chair_ws/src/install/medical_wheelchair/share/medical_wheelchair/package.ps1'
[3.317s] INFO:colcon.colcon_core.shell:Creating package descriptor '/home/ayadiab/chair_ws/src/install/medical_wheelchair/share/medical_wheelchair/package.dsv'
[3.319s] INFO:colcon.colcon_core.shell:Creating package script '/home/ayadiab/chair_ws/src/install/medical_wheelchair/share/medical_wheelchair/package.sh'
[3.321s] INFO:colcon.colcon_core.shell:Creating package script '/home/ayadiab/chair_ws/src/install/medical_wheelchair/share/medical_wheelchair/package.bash'
[3.324s] INFO:colcon.colcon_core.shell:Creating package script '/home/ayadiab/chair_ws/src/install/medical_wheelchair/share/medical_wheelchair/package.zsh'
[3.326s] Level 1:colcon.colcon_core.environment:create_file_with_runtime_dependencies(/home/ayadiab/chair_ws/src/install/medical_wheelchair/share/colcon-core/packages/medical_wheelchair)
[3.327s] DEBUG:colcon.colcon_parallel_executor.executor.parallel:closing loop
[3.328s] DEBUG:colcon.colcon_parallel_executor.executor.parallel:loop closed
[3.328s] DEBUG:colcon.colcon_parallel_executor.executor.parallel:run_until_complete finished with '0'
[3.329s] DEBUG:colcon.colcon_core.event_reactor:joining thread
[3.341s] INFO:colcon.colcon_core.plugin_system:Skipping extension 'colcon_notification.desktop_notification.terminal_notifier': Not used on non-Darwin systems
[3.342s] INFO:colcon.colcon_core.plugin_system:Skipping extension 'colcon_notification.desktop_notification.win32': Not used on non-Windows systems
[3.342s] INFO:colcon.colcon_notification.desktop_notification:Sending desktop notification using 'notify2'
[3.450s] DEBUG:colcon.colcon_core.event_reactor:joined thread
[3.451s] INFO:colcon.colcon_core.shell:Creating prefix script '/home/ayadiab/chair_ws/src/install/local_setup.ps1'
[3.453s] INFO:colcon.colcon_core.shell:Creating prefix util module '/home/ayadiab/chair_ws/src/install/_local_setup_util_ps1.py'
[3.459s] INFO:colcon.colcon_core.shell:Creating prefix chain script '/home/ayadiab/chair_ws/src/install/setup.ps1'
[3.460s] INFO:colcon.colcon_core.shell:Creating prefix script '/home/ayadiab/chair_ws/src/install/local_setup.sh'
[3.462s] INFO:colcon.colcon_core.shell:Creating prefix util module '/home/ayadiab/chair_ws/src/install/_local_setup_util_sh.py'
[3.465s] INFO:colcon.colcon_core.shell:Creating prefix chain script '/home/ayadiab/chair_ws/src/install/setup.sh'
[3.467s] INFO:colcon.colcon_core.shell:Creating prefix script '/home/ayadiab/chair_ws/src/install/local_setup.bash'
[3.474s] INFO:colcon.colcon_core.shell:Creating prefix chain script '/home/ayadiab/chair_ws/src/install/setup.bash'
[3.479s] INFO:colcon.colcon_core.shell:Creating prefix script '/home/ayadiab/chair_ws/src/install/local_setup.zsh'
[3.484s] INFO:colcon.colcon_core.shell:Creating prefix chain script '/home/ayadiab/chair_ws/src/install/setup.zsh'
