[1.629s] Invoking command in '/home/ayadiab/chair_ws/build/chair_controller': PYTHONPATH=/home/ayadiab/chair_ws/build/chair_controller/prefix_override:/usr/lib/python3/dist-packages/colcon_core/task/python/colcon_distutils_commands:/home/ayadiab/chair_ws/install/chair_controller/lib/python3.10/site-packages:${PYTHONPATH} /usr/bin/python3 -W ignore:setup.py install is deprecated -W ignore:easy_install command is deprecated setup.py develop --editable --build-directory /home/ayadiab/chair_ws/build/chair_controller/build --no-deps
[1.971s] running develop
[2.176s] running egg_info
[2.177s] creating chair_controller.egg-info
[2.177s] writing chair_controller.egg-info/PKG-INFO
[2.177s] writing dependency_links to chair_controller.egg-info/dependency_links.txt
[2.177s] writing entry points to chair_controller.egg-info/entry_points.txt
[2.178s] writing requirements to chair_controller.egg-info/requires.txt
[2.178s] writing top-level names to chair_controller.egg-info/top_level.txt
[2.178s] writing manifest file 'chair_controller.egg-info/SOURCES.txt'
[2.180s] reading manifest file 'chair_controller.egg-info/SOURCES.txt'
[2.181s] writing manifest file 'chair_controller.egg-info/SOURCES.txt'
[2.183s] running build_ext
[2.183s] Creating /home/ayadiab/chair_ws/install/chair_controller/lib/python3.10/site-packages/chair-controller.egg-link (link to .)
[2.184s] Installing base_controller script to /home/ayadiab/chair_ws/install/chair_controller/lib/chair_controller
[2.184s] Installing lidar_fake_publisher script to /home/ayadiab/chair_ws/install/chair_controller/lib/chair_controller
[2.186s] Installing motor_driver script to /home/ayadiab/chair_ws/install/chair_controller/lib/chair_controller
[2.187s] Installing obstacle_detector script to /home/ayadiab/chair_ws/install/chair_controller/lib/chair_controller
[2.187s] 
[2.187s] Installed /home/ayadiab/chair_ws/build/chair_controller
[2.239s] Invoked command in '/home/ayadiab/chair_ws/build/chair_controller' returned '0': PYTHONPATH=/home/ayadiab/chair_ws/build/chair_controller/prefix_override:/usr/lib/python3/dist-packages/colcon_core/task/python/colcon_distutils_commands:/home/ayadiab/chair_ws/install/chair_controller/lib/python3.10/site-packages:${PYTHONPATH} /usr/bin/python3 -W ignore:setup.py install is deprecated -W ignore:easy_install command is deprecated setup.py develop --editable --build-directory /home/ayadiab/chair_ws/build/chair_controller/build --no-deps
